<testsuites>
  <testsuite tests="1455">
    <testcase classname="tests_015.test_contract_onchain_opcodes.TestContractBigMapOrigination" name="test_big_map_origination_literal" time="6.603" />
    <testcase classname="tests_015.test_contract_onchain_opcodes.TestContractBigMapOrigination" name="test_big_map_origination_id" time="0.443" />
    <testcase classname="tests_015.test_contract_onchain_opcodes.TestContractBigMapOrigination" name="test_big_map_origination_diff" time="0.445" />
    <testcase classname="tests_015.test_contract_onchain_opcodes.TestContractBigMapOrigination" name="test_big_map_transfer_id" time="0.442" />
    <testcase classname="tests_015.test_contract_onchain_opcodes.TestContractBigMapOrigination" name="test_big_map_transfer_diff" time="0.809" />
    <testcase classname="tests_015.test_contract_onchain_opcodes.TestContractOnchainLevel" name="test_level" time="11.921" />
    <testcase classname="tests_015.test_multiple_transfers.TestMultipleTransfers" name="test_empty" time="6.153" />
    <testcase classname="tests_015.test_multiple_transfers.TestMultipleTransfers" name="test_transfer_json_to_entrypoint_with_args[bootstrap2-manager]" time="4.544" />
    <testcase classname="tests_015.test_multiple_transfers.TestMultipleTransfers" name="test_transfer_json_to_entrypoint_with_args[bootstrap4-bootstrap4]" time="2.642" />
    <testcase classname="tests_015.test_multiple_transfers.TestMultipleTransfers" name="test_multiple_transfers[bootstrap2-manager]" time="3.523" />
    <testcase classname="tests_015.test_multiple_transfers.TestMultipleTransfers" name="test_multiple_transfers[bootstrap4-bootstrap4]" time="3.879" />
    <testcase classname="tests_016.test_basic.TestRawContext" name="test_delegates" time="6.110" />
    <testcase classname="tests_016.test_basic.TestRawContext" name="test_no_service_1" time="0.438" />
    <testcase classname="tests_016.test_basic.TestRawContext" name="test_no_service_2" time="0.437" />
    <testcase classname="tests_016.test_basic.TestRawContext" name="test_no_service_3" time="0.435" />
    <testcase classname="tests_016.test_basic.TestRawContext" name="test_bake" time="0.465" />
    <testcase classname="tests_016.test_basic.TestRawContext" name="test_sign_message[bootstrap1-msg1-edsigtz68o4FdbpvycnAMDLaa7hpmmhjDxhx4Zu3QWHLYJtcY1mVhW9m6CCvsciFXwf1zLmah8fJP51cqaeaciBPGy5osH11AnR]" time="0.434" />
    <testcase classname="tests_016.test_basic.TestRawContext" name="test_sign_message[bootstrap2-msg2-edsigtZqhR5SW6vbRSmqwzfS1KiJZLYLeFhLcCEw7WxjBDxotVx83M2rLe4Baq52SUTjxfXhQ5J3TabCwqt78kNpoU8j42GDEk4]" time="0.434" />
    <testcase classname="tests_016.test_basic.TestRawContext" name="test_sign_message[bootstrap3-msg3-edsigu2PvAWxVYY3jQFVfBRW2Dg61xZMNesHiNbwCTmpJSyfcJMW8Ch9WABHqsgHQRBaSs6zZNHVGXfHSBnGCxT9x2b49L2zpMW]" time="0.431" />
    <testcase classname="tests_016.test_basic.TestRawContext" name="test_sign_message[bootstrap4-msg4-edsigu5jieost8eeD3JwVrpPuSnKzLLvR3aqezLPDTvxC3p41qwBEpxuViKriipxig52NQmJ7AFXTzhM3xgKM2ZaADcSMYWztuJ]" time="0.432" />
    <testcase classname="tests_016.test_basic.TestRawContext" name="test_check_message[bootstrap1-msg1-edsigtz68o4FdbpvycnAMDLaa7hpmmhjDxhx4Zu3QWHLYJtcY1mVhW9m6CCvsciFXwf1zLmah8fJP51cqaeaciBPGy5osH11AnR]" time="0.433" />
    <testcase classname="tests_016.test_basic.TestRawContext" name="test_check_message[bootstrap2-msg2-edsigtZqhR5SW6vbRSmqwzfS1KiJZLYLeFhLcCEw7WxjBDxotVx83M2rLe4Baq52SUTjxfXhQ5J3TabCwqt78kNpoU8j42GDEk4]" time="0.434" />
    <testcase classname="tests_016.test_basic.TestRawContext" name="test_check_message[bootstrap3-msg3-edsigu2PvAWxVYY3jQFVfBRW2Dg61xZMNesHiNbwCTmpJSyfcJMW8Ch9WABHqsgHQRBaSs6zZNHVGXfHSBnGCxT9x2b49L2zpMW]" time="0.447" />
    <testcase classname="tests_016.test_basic.TestRawContext" name="test_check_message[bootstrap4-msg4-edsigu5jieost8eeD3JwVrpPuSnKzLLvR3aqezLPDTvxC3p41qwBEpxuViKriipxig52NQmJ7AFXTzhM3xgKM2ZaADcSMYWztuJ]" time="0.433" />
    <testcase classname="tests_016.test_basic.TestRawContext" name="test_fail_inject_signed_arbitrary_ope[bootstrap1-msg1-False]" time="6.905" />
    <testcase classname="tests_016.test_basic.TestRawContext" name="test_fail_inject_signed_arbitrary_ope[bootstrap2-msg2-False]" time="1.850" />
    <testcase classname="tests_016.test_basic.TestRawContext" name="test_fail_inject_signed_arbitrary_ope[bootstrap3-msg3-True]" time="1.857" />
    <testcase classname="tests_016.test_basic.TestRawContext" name="test_fail_inject_signed_arbitrary_ope[bootstrap4-msg4-True]" time="1.860" />
    <testcase classname="tests_016.test_basic.TestRawContext" name="test_gen_keys" time="1.300" />
    <testcase classname="tests_016.test_basic.TestRawContext" name="test_transfers" time="2.728" />
    <testcase classname="tests_016.test_basic.TestRawContext" name="test_balances" time="1.302" />
    <testcase classname="tests_016.test_basic.TestRawContext" name="test_transfer_bar_foo" time="1.826" />
    <testcase classname="tests_016.test_basic.TestRawContext" name="test_balances_bar_foo" time="0.865" />
    <testcase classname="tests_016.test_basic.TestRawContext" name="test_transfer_foo_bar" time="1.832" />
    <testcase classname="tests_016.test_basic.TestRawContext" name="test_balances_foo_bar" time="0.867" />
    <testcase classname="tests_016.test_basic.TestRawContext" name="test_transfer_failure" time="0.447" />
    <testcase classname="tests_016.test_basic.TestRawContext" name="test_originate_contract_noop" time="1.824" />
    <testcase classname="tests_016.test_basic.TestRawContext" name="test_transfer_to_noop" time="0.916" />
    <testcase classname="tests_016.test_basic.TestRawContext" name="test_contract_hardlimit" time="2.766" />
    <testcase classname="tests_016.test_basic.TestRawContext" name="test_transfers_bootstraps5_bootstrap1" time="3.573" />
    <testcase classname="tests_016.test_basic.TestRawContext" name="test_activate_accounts" time="2.705" />
    <testcase classname="tests_016.test_basic.TestRawContext" name="test_transfer_king_queen" time="0.914" />
    <testcase classname="tests_016.test_basic.TestRawContext" name="test_duplicate_alias" time="1.236" />
    <testcase classname="tests_016.test_client_without_node.TestImportKeyMnemonic" name="test_import_simple" time="6.560" />
    <testcase classname="tests_016.test_client_without_node.TestImportKeyMnemonic" name="test_import_already_present_alias" time="0.877" />
    <testcase classname="tests_016.test_client_without_node.TestImportKeyMnemonic" name="test_import_passphrase" time="0.870" />
    <testcase classname="tests_016.test_client_without_node.TestImportKeyMnemonic" name="test_encrypted" time="1.403" />
    <testcase classname="tests_016.test_client_without_node.TestImportKeyMnemonic" name="test_gen_key_from_menmonic_bad_mnemonic" time="0.799" />
    <testcase classname="tests_016.test_contract_onchain_opcodes.TestContractOnchainOpcodes" name="test_gen_keys" time="6.568" />
    <testcase classname="tests_016.test_contract_onchain_opcodes.TestContractOnchainOpcodes" name="test_store_input" time="6.751" />
    <testcase classname="tests_016.test_contract_onchain_opcodes.TestContractOnchainOpcodes" name="test_transfer_amount" time="2.287" />
    <testcase classname="tests_016.test_contract_onchain_opcodes.TestContractOnchainOpcodes" name="test_now" time="3.189" />
    <testcase classname="tests_016.test_contract_onchain_opcodes.TestContractOnchainOpcodes" name="test_transfer_tokens" time="6.813" />
    <testcase classname="tests_016.test_contract_onchain_opcodes.TestContractOnchainOpcodes" name="test_self" time="2.724" />
    <testcase classname="tests_016.test_contract_onchain_opcodes.TestContractOnchainOpcodes" name="test_contract_fails" time="2.725" />
    <testcase classname="tests_016.test_contract_onchain_opcodes.TestContractOnchainOpcodes" name="test_init_proxy" time="0.940" />
    <testcase classname="tests_016.test_contract_onchain_opcodes.TestContractOnchainOpcodes" name="test_source" time="4.070" />
    <testcase classname="tests_016.test_contract_onchain_opcodes.TestContractOnchainOpcodes" name="test_sender" time="4.519" />
    <testcase classname="tests_016.test_contract_onchain_opcodes.TestContractOnchainOpcodes" name="test_slice" time="0.963" />
    <testcase classname="tests_016.test_contract_onchain_opcodes.TestContractOnchainOpcodes" name="test_slice_fails[(Pair 0xe009ab79e8b84ef0e55c43a9a857214d8761e67b75ba63500a5694fb2ffe174acc2de22d01ccb7259342437f05e1987949f0ad82e9f32e9a0b79cb252d7f7b8236ad728893f4e7150742eefdbeda254970f9fcd92c6228c178e1a923e5600758eb83f2a05edd0be7625657901f2ba81eaf145d003dbef78e33f43a32a3788bdf0501000000085341554349535345 &quot;p2sigsceCzcDw2AeYDzUonj4JT341WC9Px4wdhHBxbZcG1FhfqFVuG7f2fGCzrEHSAZgrsrQWpxduDPk9qZRgrpzwJnSHC3gZJ&quot;)]" time="0.446" />
    <testcase classname="tests_016.test_contract_onchain_opcodes.TestContractOnchainOpcodes" name="test_slice_fails[(Pair 0xeaa9ab79e8b84ef0e55c43a9a857214d8761e67b75ba63500a5694fb2ffe174acc2de22d01ccb7259342437f05e1987949f0ad82e9f32e9a0b79cb252d7f7b8236ad728893f4e7150742eefdbeda254970f9fcd92c6228c178e1a923e5600758eb83f2a05edd0be7625657901f2ba81eaf145d003dbef78e33f43a32a3788bdf0501000000085341554349535345 &quot;spsig1PPUFZucuAQybs5wsqsNQ68QNgFaBnVKMFaoZZfi1BtNnuCAWnmL9wVy5HfHkR6AeodjVGxpBVVSYcJKyMURn6K1yknYLm&quot;)]" time="0.444" />
    <testcase classname="tests_016.test_contract_onchain_opcodes.TestContractOnchainOpcodes" name="test_slice_fails[(Pair 0xe009ab79e8b84ef0e55c43a9a857214d8761e67b75ba63500a5694fb2ffe174acc2deaad01ccb7259342437f05e1987949f0ad82e9f32e9a0b79cb252d7f7b8236ad728893f4e7150742eefdbeda254970f9fcd92c6228c178e1a923e5600758eb83f2a05edd0be7625657901f2ba81eaf145d003dbef78e33f43a32a3788bdf0501000000085341554349535345 &quot;spsig1PPUFZucuAQybs5wsqsNQ68QNgFaBnVKMFaoZZfi1BtNnuCAWnmL9wVy5HfHkR6AeodjVGxpBVVSYcJKyMURn6K1yknYLm&quot;)]" time="0.443" />
    <testcase classname="tests_016.test_contract_onchain_opcodes.TestContractOnchainOpcodes" name="test_slice_fails[(Pair 0xe009ab79e8b84ef0e55c43a9a857214d8761e67b75ba63500a5694fb2ffe174acc2de22d01ccb7259342437f05e1987949f0ad82e9f32e9a0b79cb252d7f7b8236ad728893f4e7150733eefdbeda254970f9fcd92c6228c178e1a923e5600758eb83f2a05edd0be7625657901f2ba81eaf145d003dbef78e33f43a32a3788bdf0501000000085341554349535345 &quot;spsig1PPUFZucuAQybs5wsqsNQ68QNgFaBnVKMFaoZZfi1BtNnuCAWnmL9wVy5HfHkR6AeodjVGxpBVVSYcJKyMURn6K1yknYLm&quot;)]" time="0.446" />
    <testcase classname="tests_016.test_contract_onchain_opcodes.TestContractOnchainOpcodes" name="test_slice_fails[(Pair 0xe009ab79e8b84ef0 &quot;spsig1PPUFZucuAQybs5wsqsNQ68QNgFaBnVKMFaoZZfi1BtNnuCAWnmL9wVy5HfHkR6AeodjVGxpBVVSYcJKyMURn6K1yknYLm&quot;)]" time="0.443" />
    <testcase classname="tests_016.test_contract_onchain_opcodes.TestContractOnchainOpcodes" name="test_slice_success[(Pair 0xe009ab79e8b84ef0e55c43a9a857214d8761e67b75ba63500a5694fb2ffe174acc2de22d01ccb7259342437f05e1987949f0ad82e9f32e9a0b79cb252d7f7b8236ad728893f4e7150742eefdbeda254970f9fcd92c6228c178e1a923e5600758eb83f2a05edd0be7625657901f2ba81eaf145d003dbef78e33f43a32a3788bdf0501000000085341554349535345 &quot;spsig1PPUFZucuAQybs5wsqsNQ68QNgFaBnVKMFaoZZfi1BtNnuCAWnmL9wVy5HfHkR6AeodjVGxpBVVSYcJKyMURn6K1yknYLm&quot;)]" time="0.928" />
    <testcase classname="tests_016.test_contract_onchain_opcodes.TestContractOnchainOpcodes" name="test_split_string" time="3.671" />
    <testcase classname="tests_016.test_contract_onchain_opcodes.TestContractOnchainOpcodes" name="test_split_bytes" time="3.697" />
    <testcase classname="tests_016.test_contract_onchain_opcodes.TestContractOnchainOpcodes" name="test_set_delegate" time="4.577" />
    <testcase classname="tests_016.test_contract_onchain_opcodes.TestContractOnchainOpcodes" name="test_trace_origination[compare_big_type.tz]" time="1.427" />
    <testcase classname="tests_016.test_contract_onchain_opcodes.TestContractOnchainOpcodes" name="test_trace_origination[compare_big_type2.tz]" time="1.792" />
    <testcase classname="tests_016.test_p2p.TestTrustedRing" name="test_init" time="13.225" />
    <testcase classname="tests_016.test_p2p.TestTrustedRing" name="test_no_peers" time="2.303" />
    <testcase classname="tests_016.test_p2p.TestTrustedRing" name="test_add_peers" time="2.186" />
    <testcase classname="tests_016.test_p2p.TestTrustedRing" name="test_check_clique" time="2.188" />
    <testcase classname="tests_016.test_p2p.TestTrustedRing" name="test_check_tables" time="4.353" />
    <testcase classname="tests_016.test_p2p.TestTrustedRing" name="test_set_expected_peers" time="4.360" />
    <testcase classname="tests_016.test_p2p.TestTrustedRing" name="test_expected_peers" time="4.342" />
    <testcase classname="tests_016.test_p2p.TestTrustedRing" name="test_wrong_expected_peer" time="4.359" />
    <testcase classname="tests_016.test_p2p.TestTrustedRing" name="test_check_stat_with_wrong_expected_peers" time="6.460" />
    <testcase classname="tests_015.test_basic.TestRememberContract" name="test_non_originated_contract_no_forcing_not_saved_before[test-KT1BuEZtb68c1Q4yjtckcNjGELqWt56Xyesc]" time="6.257" />
    <testcase classname="tests_015.test_basic.TestRememberContract" name="test_non_originated_contract_no_forcing_not_saved_before[test-2-KT1TZCh8fmUbuDqFxetPWC2fsQanAHzLx4W9]" time="0.445" />
    <testcase classname="tests_015.test_basic.TestRememberContract" name="test_non_originated_contract_with_forcing_and_saved_before[test-KT1BuEZtb68c1Q4yjtckcNjGELqWt56Xyesc]" time="0.444" />
    <testcase classname="tests_015.test_basic.TestRememberContract" name="test_non_originated_contract_with_forcing_and_saved_before[test-2-KT1TZCh8fmUbuDqFxetPWC2fsQanAHzLx4W9]" time="0.443" />
    <testcase classname="tests_015.test_basic.TestRememberContract" name="test_non_originated_contract_no_forcing_and_saved_before[test-KT1BuEZtb68c1Q4yjtckcNjGELqWt56Xyesc]" time="0.454" />
    <testcase classname="tests_015.test_basic.TestRememberContract" name="test_non_originated_contract_no_forcing_and_saved_before[test-2-KT1TZCh8fmUbuDqFxetPWC2fsQanAHzLx4W9]" time="0.445" />
    <testcase classname="tests_015.test_basic.TestRememberContract" name="test_operation_size_originate_byte_contract" time="1.845" />
    <testcase classname="tests_015.test_basic.TestRememberContract" name="test_operation_size_small" time="0.970" />
    <testcase classname="tests_015.test_basic.TestRememberContract" name="test_operation_size_medium" time="1.206" />
    <testcase classname="tests_015.test_basic.TestRememberContract" name="test_operation_size_oversized" time="0.577" />
    <testcase classname="tests_015.test_basic.TestRememberContract" name="test_operation_size_originate_munch_contract" time="1.873" />
    <testcase classname="tests_015.test_basic.TestRememberContract" name="test_operation_size_with_lambda_ok" time="2.915" />
    <testcase classname="tests_015.test_basic.TestRememberContract" name="test_operation_size_with_lambda_fail" time="3.135" />
    <testcase classname="tests_015.test_basic.TestRememberContract" name="test_operation_size_with_list_ok" time="1.844" />
    <testcase classname="tests_015.test_basic.TestRememberContract" name="test_operation_size_with_list_syntax_error" time="0.622" />
    <testcase classname="tests_015.test_basic.TestRememberContract" name="test_operation_size_with_list_ill_typed" time="0.718" />
    <testcase classname="tests_015.test_basic.TestRememberContract" name="test_operation_size_with_list_fail" time="1.133" />
    <testcase classname="tests_015.test_client_without_node.TestImportKeyMnemonic" name="test_import_simple" time="6.680" />
    <testcase classname="tests_015.test_client_without_node.TestImportKeyMnemonic" name="test_import_already_present_alias" time="0.896" />
    <testcase classname="tests_015.test_client_without_node.TestImportKeyMnemonic" name="test_import_passphrase" time="0.899" />
    <testcase classname="tests_015.test_client_without_node.TestImportKeyMnemonic" name="test_encrypted" time="1.438" />
    <testcase classname="tests_015.test_client_without_node.TestImportKeyMnemonic" name="test_gen_key_from_menmonic_bad_mnemonic" time="0.813" />
    <testcase classname="tests_016.test_baker_operations_cli_options.TestBakerExternalOperations" name="test_init" time="5.808" />
    <testcase classname="tests_016.test_baker_operations_cli_options.TestBakerExternalOperations" name="test_gen_operations" time="7.692" />
    <testcase classname="tests_016.test_baker_operations_cli_options.TestBakerExternalOperations" name="test_terminate_sandbox" time="1.002" />
    <testcase classname="tests_016.test_baker_operations_cli_options.TestBakerExternalOperations" name="test_baker" time="1.545" />
    <testcase classname="tests_016.test_baker_operations_cli_options.TestBakerExternalOperations" name="test_wait_until_high_enough_level" time="6.255" />
    <testcase classname="tests_016.test_baker_operations_cli_options.TestBakerExternalOperations" name="test_check_block_baked" time="32.574" />
    <testcase classname="tests_016.test_baker_operations_cli_options.TestBakerExternalOperations" name="test_check_block_after_baked" time="0.912" />
    <testcase classname="tests_016.test_client.TestSimulation" name="test_transfer_simulation" time="7.754" />
    <testcase classname="tests_016.test_client.TestSimulation" name="test_transfer_without_simulation" time="0.454" />
    <testcase classname="tests_016.test_client.TestSimulation" name="test_delegate_simulation" time="2.781" />
    <testcase classname="tests_016.test_client.TestSimulation" name="test_delegate_without_simulation" time="0.869" />
    <testcase classname="tests_016.test_contract_macros.TestMacroExpansion" name="test_macro_expansion[macros/assert.tz]" time="6.276" />
    <testcase classname="tests_016.test_contract_macros.TestMacroExpansion" name="test_macro_expansion[macros/assert_cmpeq.tz]" time="0.473" />
    <testcase classname="tests_016.test_contract_macros.TestMacroExpansion" name="test_macro_expansion[macros/assert_cmpge.tz]" time="0.471" />
    <testcase classname="tests_016.test_contract_macros.TestMacroExpansion" name="test_macro_expansion[macros/assert_cmpgt.tz]" time="0.470" />
    <testcase classname="tests_016.test_contract_macros.TestMacroExpansion" name="test_macro_expansion[macros/assert_cmple.tz]" time="0.466" />
    <testcase classname="tests_016.test_contract_macros.TestMacroExpansion" name="test_macro_expansion[macros/assert_cmplt.tz]" time="0.467" />
    <testcase classname="tests_016.test_contract_macros.TestMacroExpansion" name="test_macro_expansion[macros/assert_cmpneq.tz]" time="0.468" />
    <testcase classname="tests_016.test_contract_macros.TestMacroExpansion" name="test_macro_expansion[macros/assert_eq.tz]" time="0.465" />
    <testcase classname="tests_016.test_contract_macros.TestMacroExpansion" name="test_macro_expansion[macros/assert_ge.tz]" time="0.467" />
    <testcase classname="tests_016.test_contract_macros.TestMacroExpansion" name="test_macro_expansion[macros/assert_gt.tz]" time="0.469" />
    <testcase classname="tests_016.test_contract_macros.TestMacroExpansion" name="test_macro_expansion[macros/assert_le.tz]" time="0.471" />
    <testcase classname="tests_016.test_contract_macros.TestMacroExpansion" name="test_macro_expansion[macros/assert_lt.tz]" time="0.469" />
    <testcase classname="tests_016.test_contract_macros.TestMacroExpansion" name="test_macro_expansion[macros/assert_neq.tz]" time="0.469" />
    <testcase classname="tests_016.test_contract_macros.TestMacroExpansion" name="test_macro_expansion[macros/big_map_get_add.tz]" time="0.466" />
    <testcase classname="tests_016.test_contract_macros.TestMacroExpansion" name="test_macro_expansion[macros/big_map_mem.tz]" time="0.467" />
    <testcase classname="tests_016.test_contract_macros.TestMacroExpansion" name="test_macro_expansion[macros/build_list.tz]" time="0.466" />
    <testcase classname="tests_016.test_contract_macros.TestMacroExpansion" name="test_macro_expansion[macros/carn_and_cdrn.tz]" time="0.471" />
    <testcase classname="tests_016.test_contract_macros.TestMacroExpansion" name="test_macro_expansion[macros/compare.tz]" time="0.474" />
    <testcase classname="tests_016.test_contract_macros.TestMacroExpansion" name="test_macro_expansion[macros/compare_bytes.tz]" time="0.483" />
    <testcase classname="tests_016.test_contract_macros.TestMacroExpansion" name="test_macro_expansion[macros/fail.tz]" time="0.468" />
    <testcase classname="tests_016.test_contract_macros.TestMacroExpansion" name="test_macro_expansion[macros/guestbook.tz]" time="0.472" />
    <testcase classname="tests_016.test_contract_macros.TestMacroExpansion" name="test_macro_expansion[macros/macro_annotations.tz]" time="0.467" />
    <testcase classname="tests_016.test_contract_macros.TestMacroExpansion" name="test_macro_expansion[macros/map_caddaadr.tz]" time="0.469" />
    <testcase classname="tests_016.test_contract_macros.TestMacroExpansion" name="test_macro_expansion[macros/max_in_list.tz]" time="0.470" />
    <testcase classname="tests_016.test_contract_macros.TestMacroExpansion" name="test_macro_expansion[macros/min.tz]" time="0.468" />
    <testcase classname="tests_016.test_contract_macros.TestMacroExpansion" name="test_macro_expansion[macros/pair_macro.tz]" time="0.467" />
    <testcase classname="tests_016.test_contract_macros.TestMacroExpansion" name="test_macro_expansion[macros/set_caddaadr.tz]" time="0.468" />
    <testcase classname="tests_016.test_contract_macros.TestMacroExpansion" name="test_macro_expansion[macros/take_my_money.tz]" time="0.469" />
    <testcase classname="tests_016.test_contract_macros.TestMacroExpansion" name="test_macro_expansion[macros/unpair_macro.tz]" time="0.835" />
    <testcase classname="tests_016.test_nonce_seed_revelation.TestNonceSeedRevelation" name="test_init" time="27.675" />
    <testcase classname="tests_016.test_nonce_seed_revelation.TestNonceSeedRevelation" name="test_wait_for_two_cycles" time="18.479" />
    <testcase classname="tests_016.test_nonce_seed_revelation.TestNonceSeedRevelation" name="test_get_all_blocks" time="41.336" />
    <testcase classname="tests_016.test_nonce_seed_revelation.TestNonceSeedRevelation" name="test_cycle_alignment" time="0.001" />
    <testcase classname="tests_016.test_nonce_seed_revelation.TestNonceSeedRevelation" name="test_collect_seed_nonce_hashes" time="0.001" />
    <testcase classname="tests_016.test_nonce_seed_revelation.TestNonceSeedRevelation" name="test_check_revelations" time="2.092" />
    <testcase classname="tests_015.test_contract_macros.TestContractMacros" name="test_contract_input_output[build_list-{}-0-{ 0 }]" time="6.177" />
    <testcase classname="tests_015.test_contract_macros.TestContractMacros" name="test_contract_input_output[build_list-{}-3-{ 0 ; 1 ; 2 ; 3 }]" time="0.457" />
    <testcase classname="tests_015.test_contract_macros.TestContractMacros" name="test_contract_input_output[build_list-{}-10-{ 0 ; 1 ; 2 ; 3 ; 4 ; 5 ; 6 ; 7 ; 8 ; 9 ; 10 }]" time="0.460" />
    <testcase classname="tests_015.test_contract_macros.TestContractMacros" name="test_contract_input_output[max_in_list-None-{}-None]" time="0.457" />
    <testcase classname="tests_015.test_contract_macros.TestContractMacros" name="test_contract_input_output[max_in_list-None-{ 1 }-(Some 1)]" time="0.457" />
    <testcase classname="tests_015.test_contract_macros.TestContractMacros" name="test_contract_input_output[max_in_list-None-{ -1 }-(Some -1)]" time="0.458" />
    <testcase classname="tests_015.test_contract_macros.TestContractMacros" name="test_contract_input_output[max_in_list-None-{ 10 ; -1 ; -20 ; 100 ; 0 }-(Some 100)0]" time="0.455" />
    <testcase classname="tests_015.test_contract_macros.TestContractMacros" name="test_contract_input_output[max_in_list-None-{ 10 ; -1 ; -20 ; 100 ; 0 }-(Some 100)1]" time="0.455" />
    <testcase classname="tests_015.test_contract_macros.TestContractMacros" name="test_contract_input_output[max_in_list-None-{ -10 ; -1 ; -20 ; -100 }-(Some -1)]" time="0.457" />
    <testcase classname="tests_015.test_contract_macros.TestContractMacros" name="test_contract_input_output[compare-{}-(Pair 1000000 2000000)-{ False ; False ; True ; False ; True }]" time="0.454" />
    <testcase classname="tests_015.test_contract_macros.TestContractMacros" name="test_contract_input_output[compare-{}-(Pair 2000000 1000000)-{ False ; True ; False ; True ; False }]" time="0.455" />
    <testcase classname="tests_015.test_contract_macros.TestContractMacros" name="test_contract_input_output[compare-{}-(Pair 2370000 2370000)-{ True ; False ; False ; True ; True }]" time="0.459" />
    <testcase classname="tests_015.test_contract_macros.TestContractMacros" name="test_contract_input_output[assert-Unit-True-Unit]" time="0.455" />
    <testcase classname="tests_015.test_contract_macros.TestContractMacros" name="test_contract_input_output[assert_eq-Unit-(Pair -1 -1)-Unit0]" time="0.457" />
    <testcase classname="tests_015.test_contract_macros.TestContractMacros" name="test_contract_input_output[assert_eq-Unit-(Pair -1 -1)-Unit1]" time="0.457" />
    <testcase classname="tests_015.test_contract_macros.TestContractMacros" name="test_contract_input_output[assert_neq-Unit-(Pair 0 -1)-Unit]" time="0.456" />
    <testcase classname="tests_015.test_contract_macros.TestContractMacros" name="test_contract_input_output[assert_lt-Unit-(Pair -1 0)-Unit]" time="0.455" />
    <testcase classname="tests_015.test_contract_macros.TestContractMacros" name="test_contract_input_output[assert_le-Unit-(Pair 0 0)-Unit]" time="0.456" />
    <testcase classname="tests_015.test_contract_macros.TestContractMacros" name="test_contract_input_output[assert_le-Unit-(Pair -1 0)-Unit]" time="0.456" />
    <testcase classname="tests_015.test_contract_macros.TestContractMacros" name="test_contract_input_output[assert_gt-Unit-(Pair 0 -1)-Unit]" time="0.459" />
    <testcase classname="tests_015.test_contract_macros.TestContractMacros" name="test_contract_input_output[assert_ge-Unit-(Pair 0 0)-Unit]" time="0.455" />
    <testcase classname="tests_015.test_contract_macros.TestContractMacros" name="test_contract_input_output[assert_ge-Unit-(Pair 0 -1)-Unit]" time="0.457" />
    <testcase classname="tests_015.test_contract_macros.TestContractMacros" name="test_contract_input_output[assert_cmpeq-Unit-(Pair -1 -1)-Unit]" time="0.457" />
    <testcase classname="tests_015.test_contract_macros.TestContractMacros" name="test_contract_input_output[assert_cmpneq-Unit-(Pair 0 -1)-Unit]" time="0.456" />
    <testcase classname="tests_015.test_contract_macros.TestContractMacros" name="test_contract_input_output[assert_cmplt-Unit-(Pair -1 0)-Unit]" time="0.457" />
    <testcase classname="tests_015.test_contract_macros.TestContractMacros" name="test_contract_input_output[assert_cmple-Unit-(Pair -1 0)-Unit]" time="0.459" />
    <testcase classname="tests_015.test_contract_macros.TestContractMacros" name="test_contract_input_output[assert_cmple-Unit-(Pair 0 0)-Unit]" time="0.456" />
    <testcase classname="tests_015.test_contract_macros.TestContractMacros" name="test_contract_input_output[assert_cmpgt-Unit-(Pair 0 -1)-Unit]" time="0.472" />
    <testcase classname="tests_015.test_contract_macros.TestContractMacros" name="test_contract_input_output[assert_cmpge-Unit-(Pair 0 -1)-Unit]" time="0.457" />
    <testcase classname="tests_015.test_contract_macros.TestContractMacros" name="test_contract_input_output[assert_cmpge-Unit-(Pair 0 0)-Unit]" time="0.459" />
    <testcase classname="tests_015.test_contract_macros.TestContractMacros" name="test_contract_input_output[set_caddaadr-(Pair (Pair 1 2 (Pair (Pair 3 0) 4) 5) 6)-3000000-(Pair (Pair 1 2 (Pair (Pair 3 3000000) 4) 5) 6)]" time="0.462" />
    <testcase classname="tests_015.test_contract_macros.TestContractMacros" name="test_contract_input_output[map_caddaadr-(Pair (Pair 1 2 (Pair (Pair 3 0) 4) 5) 6)-Unit-(Pair (Pair 1 2 (Pair (Pair 3 1000000) 4) 5) 6)]" time="0.458" />
    <testcase classname="tests_015.test_contract_macros.TestContractMacros" name="test_contract_input_output[compare_bytes-{}-(Pair 0x33 0x34)-{ False ; False ; True ; False ; True }]" time="0.459" />
    <testcase classname="tests_015.test_contract_macros.TestContractMacros" name="test_contract_input_output[compare_bytes-{}-(Pair 0x33 0x33aa)-{ False ; False ; True ; False ; True }]" time="0.459" />
    <testcase classname="tests_015.test_contract_macros.TestContractMacros" name="test_contract_input_output[compare_bytes-{}-(Pair 0x33 0x33)-{ True ; False ; False ; True ; True }]" time="0.458" />
    <testcase classname="tests_015.test_contract_macros.TestContractMacros" name="test_contract_input_output[compare_bytes-{}-(Pair 0x34 0x33)-{ False ; True ; False ; True ; False }]" time="0.458" />
    <testcase classname="tests_015.test_contract_macros.TestContractMacros" name="test_contract_failures[assert-Unit-False]" time="0.458" />
    <testcase classname="tests_015.test_contract_macros.TestContractMacros" name="test_contract_failures[assert_eq-Unit-(Pair 0 -1)0]" time="0.461" />
    <testcase classname="tests_015.test_contract_macros.TestContractMacros" name="test_contract_failures[assert_eq-Unit-(Pair 0 -1)1]" time="0.458" />
    <testcase classname="tests_015.test_contract_macros.TestContractMacros" name="test_contract_failures[assert_neq-Unit-(Pair -1 -1)]" time="0.460" />
    <testcase classname="tests_015.test_contract_macros.TestContractMacros" name="test_contract_failures[assert_lt-Unit-(Pair 0 -1)]" time="0.459" />
    <testcase classname="tests_015.test_contract_macros.TestContractMacros" name="test_contract_failures[assert_lt-Unit-(Pair 0 0)]" time="0.461" />
    <testcase classname="tests_015.test_contract_macros.TestContractMacros" name="test_contract_failures[assert_le-Unit-(Pair 0 -1)]" time="0.457" />
    <testcase classname="tests_015.test_contract_macros.TestContractMacros" name="test_contract_failures[assert_gt-Unit-(Pair -1 0)]" time="0.465" />
    <testcase classname="tests_015.test_contract_macros.TestContractMacros" name="test_contract_failures[assert_gt-Unit-(Pair 0 0)]" time="0.459" />
    <testcase classname="tests_015.test_contract_macros.TestContractMacros" name="test_contract_failures[assert_ge-Unit-(Pair -1 0)]" time="0.459" />
    <testcase classname="tests_015.test_contract_macros.TestContractMacros" name="test_contract_failures[assert_cmpeq-Unit-(Pair 0 -1)]" time="0.457" />
    <testcase classname="tests_015.test_contract_macros.TestContractMacros" name="test_contract_failures[assert_cmpneq-Unit-(Pair -1 -1)]" time="0.457" />
    <testcase classname="tests_015.test_contract_macros.TestContractMacros" name="test_contract_failures[assert_cmplt-Unit-(Pair 0 0)]" time="0.457" />
    <testcase classname="tests_015.test_contract_macros.TestContractMacros" name="test_contract_failures[assert_cmplt-Unit-(Pair 0 -1)]" time="0.462" />
    <testcase classname="tests_015.test_contract_macros.TestContractMacros" name="test_contract_failures[assert_cmple-Unit-(Pair 0 -1)]" time="0.458" />
    <testcase classname="tests_015.test_contract_macros.TestContractMacros" name="test_contract_failures[assert_cmpgt-Unit-(Pair 0 0)]" time="0.459" />
    <testcase classname="tests_015.test_contract_macros.TestContractMacros" name="test_contract_failures[assert_cmpgt-Unit-(Pair -1 0)]" time="0.462" />
    <testcase classname="tests_015.test_contract_macros.TestContractMacros" name="test_contract_failures[assert_cmpge-Unit-(Pair -1 0)]" time="0.879" />
    <testcase classname="tests_015.test_contract_macros.TestGuestBook" name="test_guestbook" time="9.651" />
    <testcase classname="tests_016.test_baker_operations_cli_options.TestExternalOperations" name="test_bake_empty_operations_file" time="39.199" />
    <testcase classname="tests_016.test_baker_operations_cli_options.TestExternalOperations" name="test_bake_empty_operations_http" time="1.871" />
    <testcase classname="tests_016.test_baker_operations_cli_options.TestExternalOperations" name="test_bake_absent_operations_file" time="1.860" />
    <testcase classname="tests_016.test_baker_operations_cli_options.TestExternalOperations" name="test_bake_absent_operations_http" time="1.866" />
    <testcase classname="tests_016.test_baker_operations_cli_options.TestExternalOperations" name="test_bake_singleton_operations_file_pre" time="2.232" />
    <testcase classname="tests_016.test_baker_operations_cli_options.TestExternalOperations" name="test_bake_singleton_operations_file" time="3.138" />
    <testcase classname="tests_016.test_baker_operations_cli_options.TestExternalOperations" name="test_bake_singleton_operations_http" time="40.215" />
    <testcase classname="tests_016.test_binaries.TestBinaries" name="test_version" time="2.746" />
    <testcase classname="tests_016.test_contract_macros.TestBigmapGetAdd" name="test_bigmap" time="13.374" />
    <testcase classname="tests_016.test_multisig.TestUnsupportedMultisig" name="test_deploy_nonmultisig" time="7.417" />
    <testcase classname="tests_015.test_voting.TestManualBaking" name="test_current_period" time="6.937" />
    <testcase classname="tests_015.test_voting.TestManualBaking" name="test_succ_period" time="0.466" />
    <testcase classname="tests_015.test_voting.TestManualBaking" name="test_level_info_offset" time="1.395" />
    <testcase classname="tests_015.test_voting.TestManualBaking" name="test_bake_two_blocks" time="1.930" />
    <testcase classname="tests_015.test_voting.TestManualBaking" name="test_last_block_of_proposal_period" time="0.965" />
    <testcase classname="tests_015.test_voting.TestManualBaking" name="test_listing_is_not_empty" time="0.467" />
    <testcase classname="tests_015.test_voting.TestManualBaking" name="test_inject_proto1" time="3.344" />
    <testcase classname="tests_015.test_voting.TestManualBaking" name="test_known_protocol" time="0.471" />
    <testcase classname="tests_015.test_voting.TestManualBaking" name="test_proposals_is_empty" time="0.470" />
    <testcase classname="tests_015.test_voting.TestManualBaking" name="test_show_voting_period2" time="0.471" />
    <testcase classname="tests_015.test_voting.TestManualBaking" name="test_bake_first_block_of_proposal_period" time="0.968" />
    <testcase classname="tests_015.test_voting.TestManualBaking" name="test_submit_proposals" time="1.921" />
    <testcase classname="tests_015.test_voting.TestManualBaking" name="test_bake_one_block" time="0.973" />
    <testcase classname="tests_015.test_voting.TestManualBaking" name="test_proposals_is_not_empty" time="0.467" />
    <testcase classname="tests_015.test_voting.TestManualBaking" name="test_bake_until_prev_last_block_of_voting_period" time="0.973" />
    <testcase classname="tests_015.test_voting.TestManualBaking" name="test_break_proposal_tie" time="0.477" />
    <testcase classname="tests_015.test_voting.TestManualBaking" name="test_bake_last_block_of_proposal_period" time="1.965" />
    <testcase classname="tests_015.test_voting.TestManualBaking" name="test_listing_is_not_empty2" time="0.467" />
    <testcase classname="tests_015.test_voting.TestManualBaking" name="test_current_proposal" time="0.466" />
    <testcase classname="tests_015.test_voting.TestManualBaking" name="test_bake_first_block_of_cooldown_vote_period" time="0.974" />
    <testcase classname="tests_015.test_voting.TestManualBaking" name="test_submit_ballot" time="1.429" />
    <testcase classname="tests_015.test_voting.TestManualBaking" name="test_bake_until_prev_last_block_of_voting_period2" time="1.948" />
    <testcase classname="tests_015.test_voting.TestManualBaking" name="test_submit_failing_ballot" time="0.477" />
    <testcase classname="tests_015.test_voting.TestManualBaking" name="test_level_info_offset2" time="1.402" />
    <testcase classname="tests_015.test_voting.TestManualBaking" name="test_bake_first_block_of_new_proposal_period" time="5.194" />
    <testcase classname="tests_016.test_baker_operations_cli_options.TestIgnoreNodeMempool" name="test_ignore" time="8.425" />
    <testcase classname="tests_016.test_baker_operations_cli_options.TestIgnoreNodeMempool" name="test_no_ignore" time="2.315" />
    <testcase classname="tests_016.test_basic.TestRememberContract" name="test_non_originated_contract_no_forcing_not_saved_before[test-KT1BuEZtb68c1Q4yjtckcNjGELqWt56Xyesc]" time="6.528" />
    <testcase classname="tests_016.test_basic.TestRememberContract" name="test_non_originated_contract_no_forcing_not_saved_before[test-2-KT1TZCh8fmUbuDqFxetPWC2fsQanAHzLx4W9]" time="0.468" />
    <testcase classname="tests_016.test_basic.TestRememberContract" name="test_non_originated_contract_with_forcing_and_saved_before[test-KT1BuEZtb68c1Q4yjtckcNjGELqWt56Xyesc]" time="0.467" />
    <testcase classname="tests_016.test_basic.TestRememberContract" name="test_non_originated_contract_with_forcing_and_saved_before[test-2-KT1TZCh8fmUbuDqFxetPWC2fsQanAHzLx4W9]" time="0.467" />
    <testcase classname="tests_016.test_basic.TestRememberContract" name="test_non_originated_contract_no_forcing_and_saved_before[test-KT1BuEZtb68c1Q4yjtckcNjGELqWt56Xyesc]" time="0.464" />
    <testcase classname="tests_016.test_basic.TestRememberContract" name="test_non_originated_contract_no_forcing_and_saved_before[test-2-KT1TZCh8fmUbuDqFxetPWC2fsQanAHzLx4W9]" time="0.466" />
    <testcase classname="tests_016.test_basic.TestRememberContract" name="test_operation_size_originate_byte_contract" time="1.947" />
    <testcase classname="tests_016.test_basic.TestRememberContract" name="test_operation_size_small" time="1.015" />
    <testcase classname="tests_016.test_basic.TestRememberContract" name="test_operation_size_medium" time="1.303" />
    <testcase classname="tests_016.test_basic.TestRememberContract" name="test_operation_size_oversized" time="0.606" />
    <testcase classname="tests_016.test_basic.TestRememberContract" name="test_operation_size_originate_munch_contract" time="1.937" />
    <testcase classname="tests_016.test_basic.TestRememberContract" name="test_operation_size_with_lambda_ok" time="2.811" />
    <testcase classname="tests_016.test_basic.TestRememberContract" name="test_operation_size_with_lambda_fail" time="2.932" />
    <testcase classname="tests_016.test_basic.TestRememberContract" name="test_operation_size_with_list_ok" time="1.915" />
    <testcase classname="tests_016.test_basic.TestRememberContract" name="test_operation_size_with_list_syntax_error" time="0.651" />
    <testcase classname="tests_016.test_basic.TestRememberContract" name="test_operation_size_with_list_ill_typed" time="0.733" />
    <testcase classname="tests_016.test_basic.TestRememberContract" name="test_operation_size_with_list_fail" time="1.224" />
    <testcase classname="tests_016.test_contract_macros.TestBigmap" name="test_bigmap" time="16.126" />
    <testcase classname="tests_016.test_multisig.TestMultisig" name="test_deploy_multisig[msig0]" time="13.571" />
    <testcase classname="tests_016.test_multisig.TestMultisig" name="test_transfer[msig0]" time="0.470" />
    <testcase classname="tests_016.test_multisig.TestMultisig" name="test_prepare_msig_transfer[msig0]" time="0.466" />
    <testcase classname="tests_016.test_multisig.TestMultisig" name="test_prepare_msig_sign[msig0]" time="1.380" />
    <testcase classname="tests_016.test_multisig.TestMultisig" name="test_transfer_failure[msig0]" time="0.468" />
    <testcase classname="tests_016.test_multisig.TestMultisig" name="test_transfer_success[msig0]" time="2.846" />
    <testcase classname="tests_016.test_multisig.TestMultisig" name="test_default_entrypoint[msig0]" time="2.827" />
    <testcase classname="tests_016.test_multisig.TestMultisig" name="test_transfer_with_entrypoint[msig0]" time="5.206" />
    <testcase classname="tests_016.test_multisig.TestMultisig" name="test_transfer_with_arg[msig0]" time="5.703" />
    <testcase classname="tests_016.test_multisig.TestMultisig" name="test_transfer_ill_typed[msig0]" time="0.468" />
    <testcase classname="tests_016.test_multisig.TestMultisig" name="test_transfer_too_high[msig0]" time="0.465" />
    <testcase classname="tests_016.test_multisig.TestMultisig" name="test_multiple_operations[msig0]" time="4.716" />
    <testcase classname="tests_016.test_multisig.TestMultisig" name="test_multiple_operations_failure[msig0]" time="0.468" />
    <testcase classname="tests_016.test_multisig.TestMultisig" name="test_delegate_change[msig0]" time="4.215" />
    <testcase classname="tests_016.test_multisig.TestMultisig" name="test_delegate_withdraw[msig0]" time="4.227" />
    <testcase classname="tests_016.test_multisig.TestMultisig" name="test_run_transaction_change_keys_and_threshold[msig0]" time="6.053" />
    <testcase classname="tests_016.test_multisig.TestMultisig" name="test_change_keys_and_threshold[msig0]" time="6.075" />
    <testcase classname="tests_016.test_multisig.TestMultisig" name="test_deploy_multisig[msig1]" time="6.152" />
    <testcase classname="tests_016.test_multisig.TestMultisig" name="test_transfer[msig1]" time="0.470" />
    <testcase classname="tests_016.test_multisig.TestMultisig" name="test_prepare_msig_transfer[msig1]" time="0.468" />
    <testcase classname="tests_016.test_multisig.TestMultisig" name="test_prepare_msig_sign[msig1]" time="1.389" />
    <testcase classname="tests_016.test_multisig.TestMultisig" name="test_transfer_failure[msig1]" time="0.469" />
    <testcase classname="tests_016.test_multisig.TestMultisig" name="test_transfer_success[msig1]" time="2.822" />
    <testcase classname="tests_016.test_multisig.TestMultisig" name="test_default_entrypoint[msig1]" time="2.829" />
    <testcase classname="tests_016.test_multisig.TestMultisig" name="test_transfer_with_entrypoint[msig1]" time="5.219" />
    <testcase classname="tests_016.test_multisig.TestMultisig" name="test_transfer_with_arg[msig1]" time="5.744" />
    <testcase classname="tests_016.test_multisig.TestMultisig" name="test_transfer_ill_typed[msig1]" time="0.472" />
    <testcase classname="tests_016.test_multisig.TestMultisig" name="test_transfer_too_high[msig1]" time="0.473" />
    <testcase classname="tests_016.test_multisig.TestMultisig" name="test_multiple_operations[msig1]" time="4.693" />
    <testcase classname="tests_016.test_multisig.TestMultisig" name="test_multiple_operations_failure[msig1]" time="0.469" />
    <testcase classname="tests_016.test_multisig.TestMultisig" name="test_delegate_change[msig1]" time="4.241" />
    <testcase classname="tests_016.test_multisig.TestMultisig" name="test_delegate_withdraw[msig1]" time="4.228" />
    <testcase classname="tests_016.test_multisig.TestMultisig" name="test_run_transaction_change_keys_and_threshold[msig1]" time="6.086" />
    <testcase classname="tests_016.test_multisig.TestMultisig" name="test_change_keys_and_threshold[msig1]" time="6.095" />
    <testcase classname="tests_016.test_multisig.TestMultisig" name="test_deploy_multisig[msig2]" time="2.407" />
    <testcase classname="tests_016.test_multisig.TestMultisig" name="test_transfer[msig2]" time="0.469" />
    <testcase classname="tests_016.test_multisig.TestMultisig" name="test_prepare_msig_transfer[msig2]" time="0.466" />
    <testcase classname="tests_016.test_multisig.TestMultisig" name="test_prepare_msig_sign[msig2]" time="1.397" />
    <testcase classname="tests_016.test_multisig.TestMultisig" name="test_transfer_failure[msig2]" time="0.473" />
    <testcase classname="tests_016.test_multisig.TestMultisig" name="test_transfer_success[msig2]" time="2.830" />
    <testcase classname="tests_016.test_multisig.TestMultisig" name="test_default_entrypoint[msig2]" time="0.470" />
    <testcase classname="tests_016.test_multisig.TestMultisig" name="test_transfer_with_entrypoint[msig2]" time="5.254" />
    <testcase classname="tests_016.test_multisig.TestMultisig" name="test_transfer_with_arg[msig2]" time="1.457" />
    <testcase classname="tests_016.test_multisig.TestMultisig" name="test_transfer_ill_typed[msig2]" time="0.465" />
    <testcase classname="tests_016.test_multisig.TestMultisig" name="test_transfer_too_high[msig2]" time="0.467" />
    <testcase classname="tests_016.test_multisig.TestMultisig" name="test_multiple_operations[msig2]" time="0.927" />
    <testcase classname="tests_016.test_multisig.TestMultisig" name="test_multiple_operations_failure[msig2]" time="0.470" />
    <testcase classname="tests_016.test_multisig.TestMultisig" name="test_delegate_change[msig2]" time="4.226" />
    <testcase classname="tests_016.test_multisig.TestMultisig" name="test_delegate_withdraw[msig2]" time="4.241" />
    <testcase classname="tests_016.test_multisig.TestMultisig" name="test_run_transaction_change_keys_and_threshold[msig2]" time="6.125" />
    <testcase classname="tests_016.test_multisig.TestMultisig" name="test_change_keys_and_threshold[msig2]" time="6.125" />
    <testcase classname="tests_016.test_multisig.TestMultisig" name="test_deploy_multisig[msig3]" time="2.417" />
    <testcase classname="tests_016.test_multisig.TestMultisig" name="test_transfer[msig3]" time="0.471" />
    <testcase classname="tests_016.test_multisig.TestMultisig" name="test_prepare_msig_transfer[msig3]" time="0.474" />
    <testcase classname="tests_016.test_multisig.TestMultisig" name="test_prepare_msig_sign[msig3]" time="1.386" />
    <testcase classname="tests_016.test_multisig.TestMultisig" name="test_transfer_failure[msig3]" time="0.479" />
    <testcase classname="tests_016.test_multisig.TestMultisig" name="test_transfer_success[msig3]" time="2.847" />
    <testcase classname="tests_016.test_multisig.TestMultisig" name="test_default_entrypoint[msig3]" time="0.471" />
    <testcase classname="tests_016.test_multisig.TestMultisig" name="test_transfer_with_entrypoint[msig3]" time="5.273" />
    <testcase classname="tests_016.test_multisig.TestMultisig" name="test_transfer_with_arg[msig3]" time="1.449" />
    <testcase classname="tests_016.test_multisig.TestMultisig" name="test_transfer_ill_typed[msig3]" time="0.468" />
    <testcase classname="tests_016.test_multisig.TestMultisig" name="test_transfer_too_high[msig3]" time="0.470" />
    <testcase classname="tests_016.test_multisig.TestMultisig" name="test_multiple_operations[msig3]" time="0.942" />
    <testcase classname="tests_016.test_multisig.TestMultisig" name="test_multiple_operations_failure[msig3]" time="0.474" />
    <testcase classname="tests_016.test_multisig.TestMultisig" name="test_delegate_change[msig3]" time="4.278" />
    <testcase classname="tests_016.test_multisig.TestMultisig" name="test_delegate_withdraw[msig3]" time="4.273" />
    <testcase classname="tests_016.test_multisig.TestMultisig" name="test_run_transaction_change_keys_and_threshold[msig3]" time="6.154" />
    <testcase classname="tests_016.test_multisig.TestMultisig" name="test_change_keys_and_threshold[msig3]" time="6.618" />
    <testcase classname="tests_015.test_basic.TestRawContext" name="test_delegates" time="6.450" />
    <testcase classname="tests_015.test_basic.TestRawContext" name="test_no_service_1" time="0.461" />
    <testcase classname="tests_015.test_basic.TestRawContext" name="test_no_service_2" time="0.461" />
    <testcase classname="tests_015.test_basic.TestRawContext" name="test_no_service_3" time="0.456" />
    <testcase classname="tests_015.test_basic.TestRawContext" name="test_bake" time="0.484" />
    <testcase classname="tests_015.test_basic.TestRawContext" name="test_sign_message[bootstrap1-msg1-edsigtz68o4FdbpvycnAMDLaa7hpmmhjDxhx4Zu3QWHLYJtcY1mVhW9m6CCvsciFXwf1zLmah8fJP51cqaeaciBPGy5osH11AnR]" time="0.460" />
    <testcase classname="tests_015.test_basic.TestRawContext" name="test_sign_message[bootstrap2-msg2-edsigtZqhR5SW6vbRSmqwzfS1KiJZLYLeFhLcCEw7WxjBDxotVx83M2rLe4Baq52SUTjxfXhQ5J3TabCwqt78kNpoU8j42GDEk4]" time="0.463" />
    <testcase classname="tests_015.test_basic.TestRawContext" name="test_sign_message[bootstrap3-msg3-edsigu2PvAWxVYY3jQFVfBRW2Dg61xZMNesHiNbwCTmpJSyfcJMW8Ch9WABHqsgHQRBaSs6zZNHVGXfHSBnGCxT9x2b49L2zpMW]" time="0.461" />
    <testcase classname="tests_015.test_basic.TestRawContext" name="test_sign_message[bootstrap4-msg4-edsigu5jieost8eeD3JwVrpPuSnKzLLvR3aqezLPDTvxC3p41qwBEpxuViKriipxig52NQmJ7AFXTzhM3xgKM2ZaADcSMYWztuJ]" time="0.463" />
    <testcase classname="tests_015.test_basic.TestRawContext" name="test_check_message[bootstrap1-msg1-edsigtz68o4FdbpvycnAMDLaa7hpmmhjDxhx4Zu3QWHLYJtcY1mVhW9m6CCvsciFXwf1zLmah8fJP51cqaeaciBPGy5osH11AnR]" time="0.465" />
    <testcase classname="tests_015.test_basic.TestRawContext" name="test_check_message[bootstrap2-msg2-edsigtZqhR5SW6vbRSmqwzfS1KiJZLYLeFhLcCEw7WxjBDxotVx83M2rLe4Baq52SUTjxfXhQ5J3TabCwqt78kNpoU8j42GDEk4]" time="0.471" />
    <testcase classname="tests_015.test_basic.TestRawContext" name="test_check_message[bootstrap3-msg3-edsigu2PvAWxVYY3jQFVfBRW2Dg61xZMNesHiNbwCTmpJSyfcJMW8Ch9WABHqsgHQRBaSs6zZNHVGXfHSBnGCxT9x2b49L2zpMW]" time="0.466" />
    <testcase classname="tests_015.test_basic.TestRawContext" name="test_check_message[bootstrap4-msg4-edsigu5jieost8eeD3JwVrpPuSnKzLLvR3aqezLPDTvxC3p41qwBEpxuViKriipxig52NQmJ7AFXTzhM3xgKM2ZaADcSMYWztuJ]" time="0.461" />
    <testcase classname="tests_015.test_basic.TestRawContext" name="test_fail_inject_signed_arbitrary_ope[bootstrap1-msg1-False]" time="10.471" />
    <testcase classname="tests_015.test_basic.TestRawContext" name="test_fail_inject_signed_arbitrary_ope[bootstrap2-msg2-False]" time="2.055" />
    <testcase classname="tests_015.test_basic.TestRawContext" name="test_fail_inject_signed_arbitrary_ope[bootstrap3-msg3-True]" time="2.028" />
    <testcase classname="tests_015.test_basic.TestRawContext" name="test_fail_inject_signed_arbitrary_ope[bootstrap4-msg4-True]" time="2.035" />
    <testcase classname="tests_015.test_basic.TestRawContext" name="test_gen_keys" time="1.405" />
    <testcase classname="tests_015.test_basic.TestRawContext" name="test_transfers" time="2.924" />
    <testcase classname="tests_015.test_basic.TestRawContext" name="test_balances" time="1.393" />
    <testcase classname="tests_015.test_basic.TestRawContext" name="test_transfer_bar_foo" time="1.955" />
    <testcase classname="tests_015.test_basic.TestRawContext" name="test_balances_bar_foo" time="0.924" />
    <testcase classname="tests_015.test_basic.TestRawContext" name="test_transfer_foo_bar" time="1.963" />
    <testcase classname="tests_015.test_basic.TestRawContext" name="test_balances_foo_bar" time="0.932" />
    <testcase classname="tests_015.test_basic.TestRawContext" name="test_transfer_failure" time="0.476" />
    <testcase classname="tests_015.test_basic.TestRawContext" name="test_originate_contract_noop" time="1.937" />
    <testcase classname="tests_015.test_basic.TestRawContext" name="test_transfer_to_noop" time="0.982" />
    <testcase classname="tests_015.test_basic.TestRawContext" name="test_contract_hardlimit" time="2.979" />
    <testcase classname="tests_015.test_basic.TestRawContext" name="test_transfers_bootstraps5_bootstrap1" time="3.825" />
    <testcase classname="tests_015.test_basic.TestRawContext" name="test_activate_accounts" time="2.905" />
    <testcase classname="tests_015.test_basic.TestRawContext" name="test_transfer_king_queen" time="0.987" />
    <testcase classname="tests_015.test_basic.TestRawContext" name="test_duplicate_alias" time="1.356" />
    <testcase classname="tests_015.test_binaries.TestBinaries" name="test_version" time="3.063" />
    <testcase classname="tests_015.test_contract_macros.TestBigmapGetAdd" name="test_bigmap" time="14.306" />
    <testcase classname="tests_015.test_contract_macros.TestMacroExpansion" name="test_macro_expansion[macros/assert.tz]" time="6.481" />
    <testcase classname="tests_015.test_contract_macros.TestMacroExpansion" name="test_macro_expansion[macros/assert_cmpeq.tz]" time="0.489" />
    <testcase classname="tests_015.test_contract_macros.TestMacroExpansion" name="test_macro_expansion[macros/assert_cmpge.tz]" time="0.492" />
    <testcase classname="tests_015.test_contract_macros.TestMacroExpansion" name="test_macro_expansion[macros/assert_cmpgt.tz]" time="0.494" />
    <testcase classname="tests_015.test_contract_macros.TestMacroExpansion" name="test_macro_expansion[macros/assert_cmple.tz]" time="0.493" />
    <testcase classname="tests_015.test_contract_macros.TestMacroExpansion" name="test_macro_expansion[macros/assert_cmplt.tz]" time="0.490" />
    <testcase classname="tests_015.test_contract_macros.TestMacroExpansion" name="test_macro_expansion[macros/assert_cmpneq.tz]" time="0.490" />
    <testcase classname="tests_015.test_contract_macros.TestMacroExpansion" name="test_macro_expansion[macros/assert_eq.tz]" time="0.492" />
    <testcase classname="tests_015.test_contract_macros.TestMacroExpansion" name="test_macro_expansion[macros/assert_ge.tz]" time="0.493" />
    <testcase classname="tests_015.test_contract_macros.TestMacroExpansion" name="test_macro_expansion[macros/assert_gt.tz]" time="0.495" />
    <testcase classname="tests_015.test_contract_macros.TestMacroExpansion" name="test_macro_expansion[macros/assert_le.tz]" time="0.494" />
    <testcase classname="tests_015.test_contract_macros.TestMacroExpansion" name="test_macro_expansion[macros/assert_lt.tz]" time="0.494" />
    <testcase classname="tests_015.test_contract_macros.TestMacroExpansion" name="test_macro_expansion[macros/assert_neq.tz]" time="0.495" />
    <testcase classname="tests_015.test_contract_macros.TestMacroExpansion" name="test_macro_expansion[macros/big_map_get_add.tz]" time="0.496" />
    <testcase classname="tests_015.test_contract_macros.TestMacroExpansion" name="test_macro_expansion[macros/big_map_mem.tz]" time="0.498" />
    <testcase classname="tests_015.test_contract_macros.TestMacroExpansion" name="test_macro_expansion[macros/build_list.tz]" time="0.495" />
    <testcase classname="tests_015.test_contract_macros.TestMacroExpansion" name="test_macro_expansion[macros/carn_and_cdrn.tz]" time="0.495" />
    <testcase classname="tests_015.test_contract_macros.TestMacroExpansion" name="test_macro_expansion[macros/compare.tz]" time="0.495" />
    <testcase classname="tests_015.test_contract_macros.TestMacroExpansion" name="test_macro_expansion[macros/compare_bytes.tz]" time="0.495" />
    <testcase classname="tests_015.test_contract_macros.TestMacroExpansion" name="test_macro_expansion[macros/fail.tz]" time="0.494" />
    <testcase classname="tests_015.test_contract_macros.TestMacroExpansion" name="test_macro_expansion[macros/guestbook.tz]" time="0.497" />
    <testcase classname="tests_015.test_contract_macros.TestMacroExpansion" name="test_macro_expansion[macros/macro_annotations.tz]" time="0.494" />
    <testcase classname="tests_015.test_contract_macros.TestMacroExpansion" name="test_macro_expansion[macros/map_caddaadr.tz]" time="0.499" />
    <testcase classname="tests_015.test_contract_macros.TestMacroExpansion" name="test_macro_expansion[macros/max_in_list.tz]" time="0.495" />
    <testcase classname="tests_015.test_contract_macros.TestMacroExpansion" name="test_macro_expansion[macros/min.tz]" time="0.496" />
    <testcase classname="tests_015.test_contract_macros.TestMacroExpansion" name="test_macro_expansion[macros/pair_macro.tz]" time="0.495" />
    <testcase classname="tests_015.test_contract_macros.TestMacroExpansion" name="test_macro_expansion[macros/set_caddaadr.tz]" time="0.491" />
    <testcase classname="tests_015.test_contract_macros.TestMacroExpansion" name="test_macro_expansion[macros/take_my_money.tz]" time="0.493" />
    <testcase classname="tests_015.test_contract_macros.TestMacroExpansion" name="test_macro_expansion[macros/unpair_macro.tz]" time="0.910" />
    <testcase classname="tests_016.test_client_without_node.TestStopLoopPassword" name="test_stops_after_three_tries[\n\n\n]" time="8.429" />
    <testcase classname="tests_016.test_client_without_node.TestStopLoopPassword" name="test_stops_after_three_tries[\n\n\nign]" time="0.799" />
    <testcase classname="tests_016.test_client_without_node.TestStopLoopPassword" name="test_stops_after_three_tries[\n\n\npassword]" time="0.787" />
    <testcase classname="tests_016.test_client_without_node.TestStopLoopPassword" name="test_password_succeed_before_three_tries[password\n]" time="0.698" />
    <testcase classname="tests_016.test_client_without_node.TestStopLoopPassword" name="test_password_succeed_before_three_tries[\npassword\n]" time="0.808" />
    <testcase classname="tests_016.test_client_without_node.TestStopLoopPassword" name="test_password_succeed_before_three_tries[\n\npassword\n]" time="1.309" />
    <testcase classname="tests_016.test_contract_onchain_opcodes.TestTickets" name="test_ticket_user_forge" time="9.073" />
    <testcase classname="tests_016.test_contract_onchain_opcodes.TestTickets" name="test_ticket_user_big_forge" time="4.552" />
    <testcase classname="tests_016.test_contract_onchain_opcodes.TestTickets" name="test_ticket_read" time="5.482" />
    <testcase classname="tests_016.test_contract_onchain_opcodes.TestTickets" name="test_bad_ticket" time="4.007" />
    <testcase classname="tests_016.test_contract_onchain_opcodes.TestTickets" name="test_ticket_utxo" time="7.505" />
    <testcase classname="tests_016.test_contract_onchain_opcodes.TestTickets" name="test_ticket_split" time="4.593" />
    <testcase classname="tests_016.test_contract_onchain_opcodes.TestTickets" name="test_ticket_join" time="7.144" />
    <testcase classname="tests_016.test_contract_onchain_opcodes.TestTickets" name="test_ticket_fungible_originations" time="5.202" />
    <testcase classname="tests_016.test_contract_onchain_opcodes.TestTickets" name="test_ticket_fungible_transfers" time="10.642" />
    <testcase classname="tests_016.test_contract_onchain_opcodes.TestTickets" name="test_ticket_non_fungible_originations" time="5.205" />
    <testcase classname="tests_016.test_contract_onchain_opcodes.TestTickets" name="test_ticket_non_fungible_transfers" time="14.029" />
    <testcase classname="tests_016.test_proto_demo_counter.TestProtoDemo" name="test_proto_known" time="6.198" />
    <testcase classname="tests_016.test_proto_demo_counter.TestProtoDemo" name="test_proto_client_known" time="0.477" />
    <testcase classname="tests_016.test_proto_demo_counter.TestProtoDemo" name="test_first_protocol" time="0.480" />
    <testcase classname="tests_016.test_proto_demo_counter.TestProtoDemo" name="test_activate_proto" time="0.486" />
    <testcase classname="tests_016.test_proto_demo_counter.TestProtoDemo" name="test_level1" time="0.482" />
    <testcase classname="tests_016.test_proto_demo_counter.TestProtoDemo" name="test_protocol_genesis" time="0.492" />
    <testcase classname="tests_016.test_proto_demo_counter.TestProtoDemo" name="test_bake_command" time="1.481" />
    <testcase classname="tests_016.test_proto_demo_counter.TestProtoDemo" name="test_level2" time="0.486" />
    <testcase classname="tests_016.test_proto_demo_counter.TestProtoDemo" name="test_inject_operations" time="1.427" />
    <testcase classname="tests_016.test_proto_demo_counter.TestProtoDemo" name="test_mempool" time="0.481" />
    <testcase classname="tests_016.test_proto_demo_counter.TestProtoDemo" name="test_bake_command_2" time="1.482" />
    <testcase classname="tests_016.test_proto_demo_counter.TestProtoDemo" name="test_level3" time="0.480" />
    <testcase classname="tests_016.test_proto_demo_counter.TestProtoDemo" name="test_rpc_counter_a" time="0.476" />
    <testcase classname="tests_016.test_proto_demo_counter.TestProtoDemo" name="test_rpc_counter_b" time="0.476" />
    <testcase classname="tests_016.test_proto_demo_counter.TestProtoDemo" name="test_get_counter_commands" time="1.377" />
    <testcase classname="tests_015.test_client_without_node.TestConfigValid" name="test_config_node_port" time="1.855" />
    <testcase classname="tests_015.test_client_without_node.TestConfigValid" name="test_config_web_port" time="1.885" />
    <testcase classname="tests_015.test_contract_annotations.TestAnnotations" name="test_annotation_length_success" time="6.511" />
    <testcase classname="tests_015.test_contract_annotations.TestAnnotations" name="test_annotation_length_failure" time="0.466" />
    <testcase classname="tests_015.test_contract_annotations.TestAnnotations" name="test_field_annotation_in_type_alphabetic" time="0.466" />
    <testcase classname="tests_015.test_contract_annotations.TestAnnotations" name="test_field_annotation_in_type_numeral" time="0.465" />
    <testcase classname="tests_015.test_contract_annotations.TestAnnotations" name="test_field_annotation_in_type_invalid_character" time="0.467" />
    <testcase classname="tests_015.test_contract_annotations.TestAnnotations" name="test_field_annotation_in_instruction_alphabetic" time="0.465" />
    <testcase classname="tests_015.test_contract_annotations.TestAnnotations" name="test_field_annotation_in_instruction_numeral" time="0.465" />
    <testcase classname="tests_015.test_contract_annotations.TestAnnotations" name="test_field_annotation_in_instruction_invalid_character" time="0.468" />
    <testcase classname="tests_015.test_contract_annotations.TestAnnotations" name="test_field_annotation_in_root_alphabetic_legacy" time="0.464" />
    <testcase classname="tests_015.test_contract_annotations.TestAnnotations" name="test_field_annotation_in_root_numeral_legacy" time="0.467" />
    <testcase classname="tests_015.test_contract_annotations.TestAnnotations" name="test_field_annotation_in_root_alphabetic" time="0.464" />
    <testcase classname="tests_015.test_contract_annotations.TestAnnotations" name="test_field_annotation_in_root_numeral" time="0.465" />
    <testcase classname="tests_015.test_contract_annotations.TestAnnotations" name="test_field_annotation_in_root_invalid_character" time="0.465" />
    <testcase classname="tests_015.test_contract_annotations.TestAnnotations" name="test_field_annotation_in_root_type_alphabetic" time="0.463" />
    <testcase classname="tests_015.test_contract_annotations.TestAnnotations" name="test_field_annotation_in_root_type_numeral" time="0.467" />
    <testcase classname="tests_015.test_contract_annotations.TestAnnotations" name="test_field_annotation_in_root_type_invalid_character" time="0.881" />
    <testcase classname="tests_015.test_contract_macros.TestBigmap" name="test_bigmap" time="16.171" />
    <testcase classname="tests_015.test_contract_onchain_opcodes.TestContractOnchainOpcodes" name="test_gen_keys" time="6.936" />
    <testcase classname="tests_015.test_contract_onchain_opcodes.TestContractOnchainOpcodes" name="test_store_input" time="7.238" />
    <testcase classname="tests_015.test_contract_onchain_opcodes.TestContractOnchainOpcodes" name="test_transfer_amount" time="2.444" />
    <testcase classname="tests_015.test_contract_onchain_opcodes.TestContractOnchainOpcodes" name="test_now" time="3.372" />
    <testcase classname="tests_015.test_contract_onchain_opcodes.TestContractOnchainOpcodes" name="test_transfer_tokens" time="7.287" />
    <testcase classname="tests_015.test_contract_onchain_opcodes.TestContractOnchainOpcodes" name="test_self" time="2.944" />
    <testcase classname="tests_015.test_contract_onchain_opcodes.TestContractOnchainOpcodes" name="test_contract_fails" time="2.935" />
    <testcase classname="tests_015.test_contract_onchain_opcodes.TestContractOnchainOpcodes" name="test_init_proxy" time="1.010" />
    <testcase classname="tests_015.test_contract_onchain_opcodes.TestContractOnchainOpcodes" name="test_source" time="4.380" />
    <testcase classname="tests_015.test_contract_onchain_opcodes.TestContractOnchainOpcodes" name="test_sender" time="4.845" />
    <testcase classname="tests_015.test_contract_onchain_opcodes.TestContractOnchainOpcodes" name="test_slice" time="1.022" />
    <testcase classname="tests_015.test_contract_onchain_opcodes.TestContractOnchainOpcodes" name="test_slice_fails[(Pair 0xe009ab79e8b84ef0e55c43a9a857214d8761e67b75ba63500a5694fb2ffe174acc2de22d01ccb7259342437f05e1987949f0ad82e9f32e9a0b79cb252d7f7b8236ad728893f4e7150742eefdbeda254970f9fcd92c6228c178e1a923e5600758eb83f2a05edd0be7625657901f2ba81eaf145d003dbef78e33f43a32a3788bdf0501000000085341554349535345 &quot;p2sigsceCzcDw2AeYDzUonj4JT341WC9Px4wdhHBxbZcG1FhfqFVuG7f2fGCzrEHSAZgrsrQWpxduDPk9qZRgrpzwJnSHC3gZJ&quot;)]" time="0.474" />
    <testcase classname="tests_015.test_contract_onchain_opcodes.TestContractOnchainOpcodes" name="test_slice_fails[(Pair 0xeaa9ab79e8b84ef0e55c43a9a857214d8761e67b75ba63500a5694fb2ffe174acc2de22d01ccb7259342437f05e1987949f0ad82e9f32e9a0b79cb252d7f7b8236ad728893f4e7150742eefdbeda254970f9fcd92c6228c178e1a923e5600758eb83f2a05edd0be7625657901f2ba81eaf145d003dbef78e33f43a32a3788bdf0501000000085341554349535345 &quot;spsig1PPUFZucuAQybs5wsqsNQ68QNgFaBnVKMFaoZZfi1BtNnuCAWnmL9wVy5HfHkR6AeodjVGxpBVVSYcJKyMURn6K1yknYLm&quot;)]" time="0.474" />
    <testcase classname="tests_015.test_contract_onchain_opcodes.TestContractOnchainOpcodes" name="test_slice_fails[(Pair 0xe009ab79e8b84ef0e55c43a9a857214d8761e67b75ba63500a5694fb2ffe174acc2deaad01ccb7259342437f05e1987949f0ad82e9f32e9a0b79cb252d7f7b8236ad728893f4e7150742eefdbeda254970f9fcd92c6228c178e1a923e5600758eb83f2a05edd0be7625657901f2ba81eaf145d003dbef78e33f43a32a3788bdf0501000000085341554349535345 &quot;spsig1PPUFZucuAQybs5wsqsNQ68QNgFaBnVKMFaoZZfi1BtNnuCAWnmL9wVy5HfHkR6AeodjVGxpBVVSYcJKyMURn6K1yknYLm&quot;)]" time="0.473" />
    <testcase classname="tests_015.test_contract_onchain_opcodes.TestContractOnchainOpcodes" name="test_slice_fails[(Pair 0xe009ab79e8b84ef0e55c43a9a857214d8761e67b75ba63500a5694fb2ffe174acc2de22d01ccb7259342437f05e1987949f0ad82e9f32e9a0b79cb252d7f7b8236ad728893f4e7150733eefdbeda254970f9fcd92c6228c178e1a923e5600758eb83f2a05edd0be7625657901f2ba81eaf145d003dbef78e33f43a32a3788bdf0501000000085341554349535345 &quot;spsig1PPUFZucuAQybs5wsqsNQ68QNgFaBnVKMFaoZZfi1BtNnuCAWnmL9wVy5HfHkR6AeodjVGxpBVVSYcJKyMURn6K1yknYLm&quot;)]" time="0.473" />
    <testcase classname="tests_015.test_contract_onchain_opcodes.TestContractOnchainOpcodes" name="test_slice_fails[(Pair 0xe009ab79e8b84ef0 &quot;spsig1PPUFZucuAQybs5wsqsNQ68QNgFaBnVKMFaoZZfi1BtNnuCAWnmL9wVy5HfHkR6AeodjVGxpBVVSYcJKyMURn6K1yknYLm&quot;)]" time="0.475" />
    <testcase classname="tests_015.test_contract_onchain_opcodes.TestContractOnchainOpcodes" name="test_slice_success[(Pair 0xe009ab79e8b84ef0e55c43a9a857214d8761e67b75ba63500a5694fb2ffe174acc2de22d01ccb7259342437f05e1987949f0ad82e9f32e9a0b79cb252d7f7b8236ad728893f4e7150742eefdbeda254970f9fcd92c6228c178e1a923e5600758eb83f2a05edd0be7625657901f2ba81eaf145d003dbef78e33f43a32a3788bdf0501000000085341554349535345 &quot;spsig1PPUFZucuAQybs5wsqsNQ68QNgFaBnVKMFaoZZfi1BtNnuCAWnmL9wVy5HfHkR6AeodjVGxpBVVSYcJKyMURn6K1yknYLm&quot;)]" time="0.986" />
    <testcase classname="tests_015.test_contract_onchain_opcodes.TestContractOnchainOpcodes" name="test_split_string" time="3.913" />
    <testcase classname="tests_015.test_contract_onchain_opcodes.TestContractOnchainOpcodes" name="test_split_bytes" time="3.933" />
    <testcase classname="tests_015.test_contract_onchain_opcodes.TestContractOnchainOpcodes" name="test_set_delegate" time="4.907" />
    <testcase classname="tests_015.test_contract_onchain_opcodes.TestContractOnchainOpcodes" name="test_trace_origination[compare_big_type.tz]" time="1.529" />
    <testcase classname="tests_015.test_contract_onchain_opcodes.TestContractOnchainOpcodes" name="test_trace_origination[compare_big_type2.tz]" time="1.949" />
    <testcase classname="tests_016.test_client_without_node.TestConfigInit" name="test_config_init[None]" time="0.470" />
    <testcase classname="tests_016.test_client_without_node.TestConfigInit" name="test_config_init[config_dict1]" time="0.472" />
    <testcase classname="tests_016.test_client_without_node.TestConfigInit" name="test_config_init_roundtrip[None]" time="1.399" />
    <testcase classname="tests_016.test_client_without_node.TestConfigInit" name="test_config_init_roundtrip[config_dict1]" time="0.469" />
    <testcase classname="tests_016.test_contract_onchain_opcodes.TestContractBigMapOrigination" name="test_big_map_origination_literal" time="7.048" />
    <testcase classname="tests_016.test_contract_onchain_opcodes.TestContractBigMapOrigination" name="test_big_map_origination_id" time="0.478" />
    <testcase classname="tests_016.test_contract_onchain_opcodes.TestContractBigMapOrigination" name="test_big_map_origination_diff" time="0.477" />
    <testcase classname="tests_016.test_contract_onchain_opcodes.TestContractBigMapOrigination" name="test_big_map_transfer_id" time="0.475" />
    <testcase classname="tests_016.test_contract_onchain_opcodes.TestContractBigMapOrigination" name="test_big_map_transfer_diff" time="0.897" />
    <testcase classname="tests_016.test_proto_demo_noops_manual_bake.TestProtoDemo" name="test_proto_known" time="6.060" />
    <testcase classname="tests_016.test_proto_demo_noops_manual_bake.TestProtoDemo" name="test_first_protocol" time="0.468" />
    <testcase classname="tests_016.test_proto_demo_noops_manual_bake.TestProtoDemo" name="test_activate_proto" time="0.478" />
    <testcase classname="tests_016.test_proto_demo_noops_manual_bake.TestProtoDemo" name="test_level1" time="0.468" />
    <testcase classname="tests_016.test_proto_demo_noops_manual_bake.TestProtoDemo" name="test_protocol_genesis" time="0.468" />
    <testcase classname="tests_016.test_proto_demo_noops_manual_bake.TestProtoDemo" name="test_manual_bake" time="2.407" />
    <testcase classname="tests_016.test_proto_demo_noops_manual_bake.TestProtoDemo" name="test_level2" time="0.892" />
    <testcase classname="tests_015.test_baker_operations_cli_options.TestBakerExternalOperations" name="test_init" time="5.707" />
    <testcase classname="tests_015.test_baker_operations_cli_options.TestBakerExternalOperations" name="test_gen_operations" time="13.265" />
    <testcase classname="tests_015.test_baker_operations_cli_options.TestBakerExternalOperations" name="test_terminate_sandbox" time="1.002" />
    <testcase classname="tests_015.test_baker_operations_cli_options.TestBakerExternalOperations" name="test_baker" time="1.536" />
    <testcase classname="tests_015.test_baker_operations_cli_options.TestBakerExternalOperations" name="test_wait_until_high_enough_level" time="4.750" />
    <testcase classname="tests_015.test_baker_operations_cli_options.TestBakerExternalOperations" name="test_check_block_baked" time="41.678" />
    <testcase classname="tests_015.test_baker_operations_cli_options.TestBakerExternalOperations" name="test_check_block_after_baked" time="0.980" />
    <testcase classname="tests_015.test_client.TestSimulation" name="test_transfer_simulation" time="7.569" />
    <testcase classname="tests_015.test_client.TestSimulation" name="test_transfer_without_simulation" time="0.443" />
    <testcase classname="tests_015.test_client.TestSimulation" name="test_delegate_simulation" time="2.685" />
    <testcase classname="tests_015.test_client.TestSimulation" name="test_delegate_without_simulation" time="0.809" />
    <testcase classname="tests_015.test_proto_demo_counter.TestProtoDemo" name="test_proto_known" time="5.792" />
    <testcase classname="tests_015.test_proto_demo_counter.TestProtoDemo" name="test_proto_client_known" time="0.435" />
    <testcase classname="tests_015.test_proto_demo_counter.TestProtoDemo" name="test_first_protocol" time="0.436" />
    <testcase classname="tests_015.test_proto_demo_counter.TestProtoDemo" name="test_activate_proto" time="0.438" />
    <testcase classname="tests_015.test_proto_demo_counter.TestProtoDemo" name="test_level1" time="0.437" />
    <testcase classname="tests_015.test_proto_demo_counter.TestProtoDemo" name="test_protocol_genesis" time="0.433" />
    <testcase classname="tests_015.test_proto_demo_counter.TestProtoDemo" name="test_bake_command" time="1.435" />
    <testcase classname="tests_015.test_proto_demo_counter.TestProtoDemo" name="test_level2" time="0.437" />
    <testcase classname="tests_015.test_proto_demo_counter.TestProtoDemo" name="test_inject_operations" time="1.297" />
    <testcase classname="tests_015.test_proto_demo_counter.TestProtoDemo" name="test_mempool" time="0.435" />
    <testcase classname="tests_015.test_proto_demo_counter.TestProtoDemo" name="test_bake_command_2" time="1.436" />
    <testcase classname="tests_015.test_proto_demo_counter.TestProtoDemo" name="test_level3" time="0.435" />
    <testcase classname="tests_015.test_proto_demo_counter.TestProtoDemo" name="test_rpc_counter_a" time="0.452" />
    <testcase classname="tests_015.test_proto_demo_counter.TestProtoDemo" name="test_rpc_counter_b" time="0.429" />
    <testcase classname="tests_015.test_proto_demo_counter.TestProtoDemo" name="test_get_counter_commands" time="1.228" />
    <testcase classname="tests_015.test_tls.TestTLS" name="test_bootstrapped" time="0.000">
      <skipped type="pytest.skip" message="requires to install a custom CA">/builds/tezos/tezos/tests_python/tests_015/test_tls.py:22: requires to install a custom CA</skipped>
    </testcase>
    <testcase classname="tests_016.test_client_without_node.TestConfigShow" name="test_config_show[None]" time="0.435" />
    <testcase classname="tests_016.test_client_without_node.TestConfigShow" name="test_config_show[config_dict1]" time="0.433" />
    <testcase classname="tests_016.test_client_without_node.TestConfigShow" name="test_config_show_roundtrip[cmd_line_args0-None]" time="0.864" />
    <testcase classname="tests_016.test_client_without_node.TestConfigShow" name="test_config_show_roundtrip[cmd_line_args0-config_dict1]" time="0.862" />
    <testcase classname="tests_016.test_client_without_node.TestConfigShow" name="test_config_show_roundtrip[cmd_line_args1-None]" time="0.864" />
    <testcase classname="tests_016.test_client_without_node.TestConfigShow" name="test_config_show_roundtrip[cmd_line_args1-config_dict1]" time="0.867" />
    <testcase classname="tests_016.test_contract_onchain_opcodes.TestContractOnchainLevel" name="test_level" time="11.915" />
    <testcase classname="tests_016.test_sapling.TestSaplingWalletImportKey" name="test_import_key_no_force" time="11.012" />
    <testcase classname="tests_016.test_sapling.TestSaplingWalletImportKey" name="test_import_key_force_and_non_previously_saved" time="5.345" />
    <testcase classname="tests_016.test_sapling.TestSaplingWalletImportKey" name="test_import_key_force_and_previously_saved" time="6.150" />
    <testcase classname="examples.test_example.TestExample" name="test_wait_sync_proto" time="13.485" />
    <testcase classname="examples.test_example.TestExample" name="test_transfer" time="0.493" />
    <testcase classname="examples.test_example.TestExample" name="test_inclusion" time="1.956" />
    <testcase classname="examples.test_example.TestExample" name="test_inclusion_check_previous" time="1.319" />
    <testcase classname="tests_015.test_contract_onchain_opcodes.TestTickets" name="test_ticket_user_forge" time="9.197" />
    <testcase classname="tests_015.test_contract_onchain_opcodes.TestTickets" name="test_ticket_user_big_forge" time="4.587" />
    <testcase classname="tests_015.test_contract_onchain_opcodes.TestTickets" name="test_ticket_read" time="5.627" />
    <testcase classname="tests_015.test_contract_onchain_opcodes.TestTickets" name="test_bad_ticket" time="4.139" />
    <testcase classname="tests_015.test_contract_onchain_opcodes.TestTickets" name="test_ticket_utxo" time="7.694" />
    <testcase classname="tests_015.test_contract_onchain_opcodes.TestTickets" name="test_ticket_split" time="4.667" />
    <testcase classname="tests_015.test_contract_onchain_opcodes.TestTickets" name="test_ticket_join" time="7.291" />
    <testcase classname="tests_015.test_contract_onchain_opcodes.TestTickets" name="test_ticket_fungible_originations" time="5.297" />
    <testcase classname="tests_015.test_contract_onchain_opcodes.TestTickets" name="test_ticket_fungible_transfers" time="10.749" />
    <testcase classname="tests_015.test_contract_onchain_opcodes.TestTickets" name="test_ticket_non_fungible_originations" time="5.263" />
    <testcase classname="tests_015.test_contract_onchain_opcodes.TestTickets" name="test_ticket_non_fungible_transfers" time="14.192" />
    <testcase classname="tests_015.test_multisig.TestUnsupportedMultisig" name="test_deploy_nonmultisig" time="8.244" />
    <testcase classname="tests_016.test_client_without_node.TestConfigValid" name="test_config_node_port" time="1.972" />
    <testcase classname="tests_016.test_client_without_node.TestConfigValid" name="test_config_web_port" time="1.939" />
    <testcase classname="tests_016.test_contract_opcodes.TestContractOpcodes" name="test_balance[0]" time="6.801" />
    <testcase classname="tests_016.test_contract_opcodes.TestContractOpcodes" name="test_balance[1e-06]" time="0.514" />
    <testcase classname="tests_016.test_contract_opcodes.TestContractOpcodes" name="test_balance[0.5]" time="0.532" />
    <testcase classname="tests_016.test_contract_opcodes.TestContractOpcodes" name="test_balance[1]" time="0.517" />
    <testcase classname="tests_016.test_contract_opcodes.TestContractOpcodes" name="test_balance[5]" time="0.516" />
    <testcase classname="tests_016.test_contract_opcodes.TestContractOpcodes" name="test_balance[1000]" time="0.516" />
    <testcase classname="tests_016.test_contract_opcodes.TestContractOpcodes" name="test_balance[8000000000000.0]" time="0.517" />
    <testcase classname="tests_016.test_contract_opcodes.TestContractOpcodes" name="test_now" time="0.517" />
    <testcase classname="tests_016.test_contract_opcodes.TestContractOpcodes" name="test_level" time="0.513" />
    <testcase classname="tests_016.test_contract_opcodes.TestContractOpcodes" name="test__big_map_contract_io[get_big_map_value.tz-(Pair { Elt &quot;hello&quot; &quot;hi&quot; } None)-&quot;hello&quot;-(Pair 4 (Some &quot;hi&quot;))-big_map_diff0]" time="0.517" />
    <testcase classname="tests_016.test_contract_opcodes.TestContractOpcodes" name="test__big_map_contract_io[get_big_map_value.tz-(Pair { Elt &quot;hello&quot; &quot;hi&quot; } None)-&quot;&quot;-(Pair 4 None)-big_map_diff1]" time="0.517" />
    <testcase classname="tests_016.test_contract_opcodes.TestContractOpcodes" name="test__big_map_contract_io[get_big_map_value.tz-(Pair { Elt &quot;1&quot; &quot;one&quot; ; Elt &quot;2&quot; &quot;two&quot; } None)-&quot;1&quot;-(Pair 4 (Some &quot;one&quot;))-big_map_diff2]" time="0.519" />
    <testcase classname="tests_016.test_contract_opcodes.TestContractOpcodes" name="test__big_map_contract_io[update_big_map.tz-(Pair { Elt &quot;1&quot; &quot;one&quot; ; Elt &quot;2&quot; &quot;two&quot; } Unit)-{}-(Pair 4 Unit)-big_map_diff3]" time="0.517" />
    <testcase classname="tests_016.test_contract_opcodes.TestContractOpcodes" name="test__big_map_contract_io[update_big_map.tz-(Pair { Elt &quot;1&quot; &quot;one&quot; ; Elt &quot;2&quot; &quot;two&quot; } Unit)-{ Elt &quot;1&quot; (Some &quot;two&quot;) }-(Pair 4 Unit)-big_map_diff4]" time="0.516" />
    <testcase classname="tests_016.test_contract_opcodes.TestContractOpcodes" name="test__big_map_contract_io[update_big_map.tz-(Pair { Elt &quot;1&quot; &quot;one&quot; ; Elt &quot;2&quot; &quot;two&quot; } Unit)-{ Elt &quot;3&quot; (Some &quot;three&quot;) }-(Pair 4 Unit)-big_map_diff5]" time="0.520" />
    <testcase classname="tests_016.test_contract_opcodes.TestContractOpcodes" name="test__big_map_contract_io[update_big_map.tz-(Pair { Elt &quot;1&quot; &quot;one&quot; ; Elt &quot;2&quot; &quot;two&quot; } Unit)-{ Elt &quot;3&quot; None }-(Pair 4 Unit)-big_map_diff6]" time="0.516" />
    <testcase classname="tests_016.test_contract_opcodes.TestContractOpcodes" name="test__big_map_contract_io[update_big_map.tz-(Pair { Elt &quot;1&quot; &quot;one&quot; ; Elt &quot;2&quot; &quot;two&quot; } Unit)-{ Elt &quot;2&quot; None }-(Pair 4 Unit)-big_map_diff7]" time="0.516" />
    <testcase classname="tests_016.test_contract_opcodes.TestContractOpcodes" name="test__big_map_contract_io[update_big_map.tz-(Pair { Elt &quot;1&quot; &quot;one&quot; ; Elt &quot;2&quot; &quot;two&quot; } Unit)-{ Elt &quot;1&quot; (Some &quot;two&quot;) }-(Pair 4 Unit)-big_map_diff8]" time="0.517" />
    <testcase classname="tests_016.test_contract_opcodes.TestContractOpcodes" name="test__big_map_contract_io[get_and_update_big_map.tz-(Pair None {})-&quot;hello&quot;-(Pair None 4)-big_map_diff9]" time="0.516" />
    <testcase classname="tests_016.test_contract_opcodes.TestContractOpcodes" name="test__big_map_contract_io[get_and_update_big_map.tz-(Pair (Some 4) {})-&quot;hello&quot;-(Pair None 4)-big_map_diff10]" time="0.517" />
    <testcase classname="tests_016.test_contract_opcodes.TestContractOpcodes" name="test__big_map_contract_io[get_and_update_big_map.tz-(Pair None { Elt &quot;hello&quot; 4 })-&quot;hello&quot;-(Pair (Some 4) 4)-big_map_diff11]" time="0.516" />
    <testcase classname="tests_016.test_contract_opcodes.TestContractOpcodes" name="test__big_map_contract_io[get_and_update_big_map.tz-(Pair (Some 5) { Elt &quot;hello&quot; 4 })-&quot;hello&quot;-(Pair (Some 4) 4)-big_map_diff12]" time="0.517" />
    <testcase classname="tests_016.test_contract_opcodes.TestContractOpcodes" name="test__big_map_contract_io[get_and_update_big_map.tz-(Pair (Some 5) { Elt &quot;hello&quot; 4 })-&quot;hi&quot;-(Pair None 4)-big_map_diff13]" time="0.515" />
    <testcase classname="tests_016.test_contract_opcodes.TestContractOpcodes" name="test__big_map_contract_io[get_and_update_big_map.tz-(Pair None { Elt &quot;1&quot; 1 ;             Elt &quot;2&quot; 2 })-&quot;1&quot;-(Pair (Some 1) 4)-big_map_diff14]" time="0.518" />
    <testcase classname="tests_016.test_contract_opcodes.TestContractOpcodes" name="test__big_map_contract_io[get_and_update_big_map.tz-(Pair None { Elt &quot;1&quot; 1 ;             Elt &quot;2&quot; 2 })-&quot;1&quot;-(Pair (Some 1) 4)-big_map_diff15]" time="0.514" />
    <testcase classname="tests_016.test_contract_opcodes.TestContractOpcodes" name="test_big_map_magic[(Left (Pair { Elt &quot;1&quot; &quot;one&quot; } { Elt &quot;2&quot; &quot;two&quot; }))-(Left Unit)-(Left (Pair 4 5))-big_map_diff0]" time="0.514" />
    <testcase classname="tests_016.test_contract_opcodes.TestContractOpcodes" name="test_big_map_magic[(Left (Pair { Elt &quot;1&quot; &quot;one&quot; } { Elt &quot;2&quot; &quot;two&quot; }))-(Right (Left (Left (Pair { Elt &quot;3&quot; &quot;three&quot; } { Elt &quot;4&quot; &quot;four&quot; }))))-(Left (Pair 4 5))-big_map_diff1]" time="0.518" />
    <testcase classname="tests_016.test_contract_opcodes.TestContractOpcodes" name="test_big_map_magic[(Left (Pair { Elt &quot;1&quot; &quot;one&quot; } { Elt &quot;2&quot; &quot;two&quot; }))-(Right (Left (Right Unit)))-(Right Unit)-big_map_diff2]" time="0.515" />
    <testcase classname="tests_016.test_contract_opcodes.TestContractOpcodes" name="test_big_map_magic[(Right Unit)-(Right (Right (Left (Pair { Pair &quot;foo&quot; &quot;bar&quot; } { Pair &quot;gaz&quot; &quot;baz&quot; }) )))-(Left (Pair 4 5))-big_map_diff3]" time="0.519" />
    <testcase classname="tests_016.test_contract_opcodes.TestContractOpcodes" name="test_big_map_magic[(Left (Pair { Elt &quot;1&quot; &quot;one&quot; } { Elt &quot;2&quot; &quot;two&quot; }) )-(Right (Right (Right (Left { Pair &quot;3&quot; &quot;three&quot; }))))-(Left (Pair 4 5))-big_map_diff4]" time="0.520" />
    <testcase classname="tests_016.test_contract_opcodes.TestContractOpcodes" name="test_big_map_magic[(Left (Pair { Elt &quot;1&quot; &quot;one&quot; } { Elt &quot;2&quot; &quot;two&quot; }))-(Right (Right (Right (Right { &quot;1&quot; }))))-(Left (Pair 4 5))-big_map_diff5]" time="0.516" />
    <testcase classname="tests_016.test_contract_opcodes.TestContractOpcodes" name="test_packunpack" time="1.031" />
    <testcase classname="tests_016.test_contract_opcodes.TestContractOpcodes" name="test_check_signature" time="1.035" />
    <testcase classname="tests_016.test_contract_opcodes.TestContractOpcodes" name="test_hash_consistency_michelson_cli" time="1.491" />
    <testcase classname="tests_016.test_contract_opcodes.TestContractOpcodes" name="test_arithmetic_overflow[shifts.tz-None-(Left (Pair 1 257))]" time="0.517" />
    <testcase classname="tests_016.test_contract_opcodes.TestContractOpcodes" name="test_arithmetic_overflow[shifts.tz-None-(Left (Pair 123 257))]" time="0.517" />
    <testcase classname="tests_016.test_contract_opcodes.TestContractOpcodes" name="test_arithmetic_overflow[shifts.tz-None-(Right (Pair 1 257))]" time="0.518" />
    <testcase classname="tests_016.test_contract_opcodes.TestContractOpcodes" name="test_arithmetic_overflow[shifts.tz-None-(Right (Pair 123 257))]" time="0.514" />
    <testcase classname="tests_016.test_contract_opcodes.TestContractOpcodes" name="test_arithmetic_overflow[mul_overflow.tz-Unit-Left Unit]" time="0.515" />
    <testcase classname="tests_016.test_contract_opcodes.TestContractOpcodes" name="test_arithmetic_overflow[mul_overflow.tz-Unit-Right Unit]" time="0.516" />
    <testcase classname="tests_016.test_contract_opcodes.TestContractOpcodes" name="test_fails_annotated_set_car_cdr" time="0.000">
      <skipped type="pytest.skip" message="Bug in annotation system">/home/tezos/.venv/lib/python3.10/site-packages/_pytest/skipping.py:245: Bug in annotation system</skipped>
    </testcase>
    <testcase classname="tests_016.test_contract_opcodes.TestContractOpcodes" name="test_map_map_sideeffect[map_map_sideeffect.tz-(Pair {} 0)-10-(Pair {} 0)]" time="0.516" />
    <testcase classname="tests_016.test_contract_opcodes.TestContractOpcodes" name="test_map_map_sideeffect[map_map_sideeffect.tz-(Pair { Elt &quot;foo&quot; 1 } 1)-10-(Pair { Elt &quot;foo&quot; 11 } 11)]" time="0.513" />
    <testcase classname="tests_016.test_contract_opcodes.TestContractOpcodes" name="test_map_map_sideeffect[map_map_sideeffect.tz-(Pair { Elt &quot;bar&quot; 5 ; Elt &quot;foo&quot; 1 } 6)-15-(Pair { Elt &quot;bar&quot; 20 ; Elt &quot;foo&quot; 16 } 36)]" time="0.934" />
    <testcase classname="tests_016.test_sapling.TestSaplingWalletAddressGeneration" name="test_generate_first_address_of_key[zet13XtyU5Bkasoj1b19sy4DJc7U13XydbxLHqLUdf8Y5tarGbHgFLgDrT6J6FYJoHGL3-0]" time="12.071" />
    <testcase classname="tests_016.test_sapling.TestSaplingWalletAddressGeneration" name="test_generate_address_with_address_index[0-zet13XtyU5Bkasoj1b19sy4DJc7U13XydbxLHqLUdf8Y5tarGbHgFLgDrT6J6FYJoHGL3-0]" time="5.864" />
    <testcase classname="tests_016.test_sapling.TestSaplingWalletAddressGeneration" name="test_generate_address_with_address_index[1-zet13mN26QV67FgPzMSzrigXjKZNMMtCubhi9L3kUePnFYdXqEjc8pmjw1h2wC6NLZf5F-1]" time="5.844" />
    <testcase classname="tests_016.test_sapling.TestSaplingWalletAddressGeneration" name="test_generate_address_with_address_index[2-zet12hzbYRRKbWwKPY61FkjLg7CRWTcjooqeH7VH18fA6Vxnwy7WyTrAEqBXmEdHp9woU-4]" time="5.822" />
    <testcase classname="tests_016.test_sapling.TestSaplingWalletAddressGeneration" name="test_generate_address_with_address_index[3-zet12hzbYRRKbWwKPY61FkjLg7CRWTcjooqeH7VH18fA6Vxnwy7WyTrAEqBXmEdHp9woU-4]" time="5.801" />
    <testcase classname="tests_016.test_sapling.TestSaplingWalletAddressGeneration" name="test_generate_address_with_address_index[4-zet12hzbYRRKbWwKPY61FkjLg7CRWTcjooqeH7VH18fA6Vxnwy7WyTrAEqBXmEdHp9woU-4]" time="5.836" />
    <testcase classname="tests_016.test_sapling.TestSaplingWalletAddressGeneration" name="test_generate_address_with_address_index[100-zet14LmgdAzVrTtQKpeuD3f2y7wFSjXTMEexNNuiEWhGimm25enxkqmwmbdFsC4y6YmYx-100]" time="5.811" />
    <testcase classname="tests_016.test_sapling.TestSaplingWalletAddressGeneration" name="test_generate_address_with_address_index[143534-zet14EWNxZYoHJASHFpcCYSfTfQokWSMzdJeV5SfaGEPDtiYiDCX5jz8QkMF5jZaK5F4k-143536]" time="5.808" />
    <testcase classname="tests_016.test_sapling.TestSaplingWalletAddressGeneration" name="test_generate_address_with_address_index[42-zet143WVQUmNodhSe4ytHL6gvtdXYhRp7bywDWASUFYUCMGAS71juXT6AyWY89fjg3eZn-42]" time="5.800" />
    <testcase classname="tests_016.test_sapling.TestSaplingWalletAddressGeneration" name="test_generate_address_with_address_index[90870987456348-zet13CiUqFsVEr2LdMnyyUQNL3Nh74sa4LdU6V3oD3YfcizbwuFtftPRYvRrB2zsVaEw1-90870987456348]" time="6.210" />
    <testcase classname="tests_015.test_baker_operations_cli_options.TestIgnoreNodeMempool" name="test_ignore" time="8.154" />
    <testcase classname="tests_015.test_baker_operations_cli_options.TestIgnoreNodeMempool" name="test_no_ignore" time="2.197" />
    <testcase classname="tests_015.test_many_nodes.TestManyNodesBootstrap" name="test_init" time="16.997" />
    <testcase classname="tests_015.test_many_nodes.TestManyNodesBootstrap" name="test_add_nodes" time="11.021" />
    <testcase classname="tests_015.test_many_nodes.TestManyNodesBootstrap" name="test_sleep_30s" time="30.029" />
    <testcase classname="tests_015.test_many_nodes.TestManyNodesBootstrap" name="test_add_more_nodes" time="16.442" />
    <testcase classname="tests_015.test_many_nodes.TestManyNodesBootstrap" name="test_kill_baker" time="0.346" />
    <testcase classname="tests_015.test_many_nodes.TestManyNodesBootstrap" name="test_synchronize" time="3.627" />
    <testcase classname="tests_015.test_many_nodes.TestManyNodesBootstrap" name="test_progress" time="0.454" />
    <testcase classname="tests_015.test_many_nodes.TestManyNodesBootstrap" name="test_check_logs" time="3.343" />
    <testcase classname="tests_016.test_contract_annotations.TestAnnotations" name="test_annotation_length_success" time="6.401" />
    <testcase classname="tests_016.test_contract_annotations.TestAnnotations" name="test_annotation_length_failure" time="0.453" />
    <testcase classname="tests_016.test_contract_annotations.TestAnnotations" name="test_field_annotation_in_type_alphabetic" time="0.455" />
    <testcase classname="tests_016.test_contract_annotations.TestAnnotations" name="test_field_annotation_in_type_numeral" time="0.458" />
    <testcase classname="tests_016.test_contract_annotations.TestAnnotations" name="test_field_annotation_in_type_invalid_character" time="0.459" />
    <testcase classname="tests_016.test_contract_annotations.TestAnnotations" name="test_field_annotation_in_instruction_alphabetic" time="0.461" />
    <testcase classname="tests_016.test_contract_annotations.TestAnnotations" name="test_field_annotation_in_instruction_numeral" time="0.459" />
    <testcase classname="tests_016.test_contract_annotations.TestAnnotations" name="test_field_annotation_in_instruction_invalid_character" time="0.455" />
    <testcase classname="tests_016.test_contract_annotations.TestAnnotations" name="test_field_annotation_in_root_alphabetic_legacy" time="0.457" />
    <testcase classname="tests_016.test_contract_annotations.TestAnnotations" name="test_field_annotation_in_root_numeral_legacy" time="0.453" />
    <testcase classname="tests_016.test_contract_annotations.TestAnnotations" name="test_field_annotation_in_root_alphabetic" time="0.457" />
    <testcase classname="tests_016.test_contract_annotations.TestAnnotations" name="test_field_annotation_in_root_numeral" time="0.455" />
    <testcase classname="tests_016.test_contract_annotations.TestAnnotations" name="test_field_annotation_in_root_invalid_character" time="0.455" />
    <testcase classname="tests_016.test_contract_annotations.TestAnnotations" name="test_field_annotation_in_root_type_alphabetic" time="0.452" />
    <testcase classname="tests_016.test_contract_annotations.TestAnnotations" name="test_field_annotation_in_root_type_numeral" time="0.453" />
    <testcase classname="tests_016.test_contract_annotations.TestAnnotations" name="test_field_annotation_in_root_type_invalid_character" time="0.873" />
    <testcase classname="tests_016.test_fork.TestFork" name="test_init" time="16.690" />
    <testcase classname="tests_016.test_fork.TestFork" name="test_level" time="1.330" />
    <testcase classname="tests_016.test_fork.TestFork" name="test_terminate_nodes_1_and_2" time="0.001" />
    <testcase classname="tests_016.test_fork.TestFork" name="test_bake_node_0" time="0.619" />
    <testcase classname="tests_016.test_fork.TestFork" name="test_endorse_node_0" time="2.000" />
    <testcase classname="tests_016.test_fork.TestFork" name="test_bake_node_0_again" time="0.493" />
    <testcase classname="tests_016.test_fork.TestFork" name="test_first_branch" time="37.678" />
    <testcase classname="tests_016.test_fork.TestFork" name="test_terminate_node_0" time="0.001" />
    <testcase classname="tests_016.test_fork.TestFork" name="test_restart_node_2" time="1.455" />
    <testcase classname="tests_016.test_fork.TestFork" name="test_bake_node_2" time="0.484" />
    <testcase classname="tests_016.test_fork.TestFork" name="test_bake_node_2_again" time="0.485" />
    <testcase classname="tests_016.test_fork.TestFork" name="test_second_branch" time="33.036" />
    <testcase classname="tests_016.test_fork.TestFork" name="test_restart_all" time="2.894" />
    <testcase classname="tests_016.test_fork.TestFork" name="test_check_head" time="73.736" />
    <testcase classname="tests_016.test_sapling.TestSaplingMemoSize" name="test_originate_with_valid_size_and_update_with_valid_size[0]" time="12.430" />
    <testcase classname="tests_016.test_sapling.TestSaplingMemoSize" name="test_originate_with_valid_size_and_update_with_valid_size[1]" time="1.920" />
    <testcase classname="tests_016.test_sapling.TestSaplingMemoSize" name="test_originate_with_valid_size_and_update_with_valid_size[10]" time="1.914" />
    <testcase classname="tests_016.test_sapling.TestSaplingMemoSize" name="test_originate_with_valid_size_and_update_with_valid_size[42]" time="1.916" />
    <testcase classname="tests_016.test_sapling.TestSaplingMemoSize" name="test_originate_with_valid_size_and_update_with_valid_size[100]" time="1.914" />
    <testcase classname="tests_016.test_sapling.TestSaplingMemoSize" name="test_originate_with_valid_size_and_update_with_valid_size[65535]" time="1.907" />
    <testcase classname="tests_016.test_sapling.TestSaplingMemoSize" name="test_originate_with_invalid_size[-1]" time="0.455" />
    <testcase classname="tests_016.test_sapling.TestSaplingMemoSize" name="test_originate_with_invalid_size[65536]" time="0.457" />
    <testcase classname="tests_016.test_sapling.TestSaplingMemoSize" name="test_originate_with_invalid_size[65598909]" time="0.457" />
    <testcase classname="tests_016.test_sapling.TestSaplingMemoSize" name="test_originate_with_invalid_size[908923434]" time="0.831" />
    <testcase classname="tests_015.test_client_without_node.TestConfigShow" name="test_config_show[None]" time="0.439" />
    <testcase classname="tests_015.test_client_without_node.TestConfigShow" name="test_config_show[config_dict1]" time="0.432" />
    <testcase classname="tests_015.test_client_without_node.TestConfigShow" name="test_config_show_roundtrip[cmd_line_args0-None]" time="0.869" />
    <testcase classname="tests_015.test_client_without_node.TestConfigShow" name="test_config_show_roundtrip[cmd_line_args0-config_dict1]" time="0.862" />
    <testcase classname="tests_015.test_client_without_node.TestConfigShow" name="test_config_show_roundtrip[cmd_line_args1-None]" time="0.858" />
    <testcase classname="tests_015.test_client_without_node.TestConfigShow" name="test_config_show_roundtrip[cmd_line_args1-config_dict1]" time="0.860" />
    <testcase classname="tests_015.test_many_bakers.TestManyBakers" name="test_init" time="54.246" />
    <testcase classname="tests_015.test_many_bakers.TestManyBakers" name="test_wait" time="30.031" />
    <testcase classname="tests_015.test_many_bakers.TestManyBakers" name="test_progress" time="4.786" />
    <testcase classname="tests_015.test_many_bakers.TestManyBakers" name="test_check_logs" time="4.315" />
    <testcase classname="tests_016.test_contract_baker.TestOriginationCall" name="test_originate" time="7.316" />
    <testcase classname="tests_016.test_contract_baker.TestOriginationCall" name="test_call" time="1.390" />
    <testcase classname="tests_016.test_contract_baker.TestOriginationCall" name="test_balance" time="0.900" />
    <testcase classname="tests_016.test_contract_baker.TestOriginationCall" name="test_query_storage" time="0.817" />
    <testcase classname="tests_016.test_many_bakers.TestManyBakers" name="test_init" time="53.859" />
    <testcase classname="tests_016.test_many_bakers.TestManyBakers" name="test_wait" time="30.030" />
    <testcase classname="tests_016.test_many_bakers.TestManyBakers" name="test_progress" time="4.802" />
    <testcase classname="tests_016.test_many_bakers.TestManyBakers" name="test_check_logs" time="4.227">
      <skipped type="pytest.xfail" message="" />
    </testcase>
    <testcase classname="tests_016.test_sapling.TestSaplingRightMemosize" name="test_shield_with_same_memo_size" time="22.138" />
    <testcase classname="tests_015.test_nonce_seed_revelation.TestNonceSeedRevelation" name="test_init" time="28.862" />
    <testcase classname="tests_015.test_nonce_seed_revelation.TestNonceSeedRevelation" name="test_wait_for_two_cycles" time="18.554" />
    <testcase classname="tests_015.test_nonce_seed_revelation.TestNonceSeedRevelation" name="test_get_all_blocks" time="48.689" />
    <testcase classname="tests_015.test_nonce_seed_revelation.TestNonceSeedRevelation" name="test_cycle_alignment" time="0.001" />
    <testcase classname="tests_015.test_nonce_seed_revelation.TestNonceSeedRevelation" name="test_collect_seed_nonce_hashes" time="0.001" />
    <testcase classname="tests_015.test_nonce_seed_revelation.TestNonceSeedRevelation" name="test_check_revelations" time="2.287" />
    <testcase classname="tests_016.test_contract_macros.TestContractMacros" name="test_contract_input_output[build_list-{}-0-{ 0 }]" time="6.527" />
    <testcase classname="tests_016.test_contract_macros.TestContractMacros" name="test_contract_input_output[build_list-{}-3-{ 0 ; 1 ; 2 ; 3 }]" time="0.502" />
    <testcase classname="tests_016.test_contract_macros.TestContractMacros" name="test_contract_input_output[build_list-{}-10-{ 0 ; 1 ; 2 ; 3 ; 4 ; 5 ; 6 ; 7 ; 8 ; 9 ; 10 }]" time="0.495" />
    <testcase classname="tests_016.test_contract_macros.TestContractMacros" name="test_contract_input_output[max_in_list-None-{}-None]" time="0.489" />
    <testcase classname="tests_016.test_contract_macros.TestContractMacros" name="test_contract_input_output[max_in_list-None-{ 1 }-(Some 1)]" time="0.489" />
    <testcase classname="tests_016.test_contract_macros.TestContractMacros" name="test_contract_input_output[max_in_list-None-{ -1 }-(Some -1)]" time="0.490" />
    <testcase classname="tests_016.test_contract_macros.TestContractMacros" name="test_contract_input_output[max_in_list-None-{ 10 ; -1 ; -20 ; 100 ; 0 }-(Some 100)0]" time="0.493" />
    <testcase classname="tests_016.test_contract_macros.TestContractMacros" name="test_contract_input_output[max_in_list-None-{ 10 ; -1 ; -20 ; 100 ; 0 }-(Some 100)1]" time="0.495" />
    <testcase classname="tests_016.test_contract_macros.TestContractMacros" name="test_contract_input_output[max_in_list-None-{ -10 ; -1 ; -20 ; -100 }-(Some -1)]" time="0.492" />
    <testcase classname="tests_016.test_contract_macros.TestContractMacros" name="test_contract_input_output[compare-{}-(Pair 1000000 2000000)-{ False ; False ; True ; False ; True }]" time="0.494" />
    <testcase classname="tests_016.test_contract_macros.TestContractMacros" name="test_contract_input_output[compare-{}-(Pair 2000000 1000000)-{ False ; True ; False ; True ; False }]" time="0.494" />
    <testcase classname="tests_016.test_contract_macros.TestContractMacros" name="test_contract_input_output[compare-{}-(Pair 2370000 2370000)-{ True ; False ; False ; True ; True }]" time="0.491" />
    <testcase classname="tests_016.test_contract_macros.TestContractMacros" name="test_contract_input_output[assert-Unit-True-Unit]" time="0.492" />
    <testcase classname="tests_016.test_contract_macros.TestContractMacros" name="test_contract_input_output[assert_eq-Unit-(Pair -1 -1)-Unit0]" time="0.491" />
    <testcase classname="tests_016.test_contract_macros.TestContractMacros" name="test_contract_input_output[assert_eq-Unit-(Pair -1 -1)-Unit1]" time="0.491" />
    <testcase classname="tests_016.test_contract_macros.TestContractMacros" name="test_contract_input_output[assert_neq-Unit-(Pair 0 -1)-Unit]" time="0.489" />
    <testcase classname="tests_016.test_contract_macros.TestContractMacros" name="test_contract_input_output[assert_lt-Unit-(Pair -1 0)-Unit]" time="0.488" />
    <testcase classname="tests_016.test_contract_macros.TestContractMacros" name="test_contract_input_output[assert_le-Unit-(Pair 0 0)-Unit]" time="0.489" />
    <testcase classname="tests_016.test_contract_macros.TestContractMacros" name="test_contract_input_output[assert_le-Unit-(Pair -1 0)-Unit]" time="0.491" />
    <testcase classname="tests_016.test_contract_macros.TestContractMacros" name="test_contract_input_output[assert_gt-Unit-(Pair 0 -1)-Unit]" time="0.490" />
    <testcase classname="tests_016.test_contract_macros.TestContractMacros" name="test_contract_input_output[assert_ge-Unit-(Pair 0 0)-Unit]" time="0.498" />
    <testcase classname="tests_016.test_contract_macros.TestContractMacros" name="test_contract_input_output[assert_ge-Unit-(Pair 0 -1)-Unit]" time="0.491" />
    <testcase classname="tests_016.test_contract_macros.TestContractMacros" name="test_contract_input_output[assert_cmpeq-Unit-(Pair -1 -1)-Unit]" time="0.507" />
    <testcase classname="tests_016.test_contract_macros.TestContractMacros" name="test_contract_input_output[assert_cmpneq-Unit-(Pair 0 -1)-Unit]" time="0.490" />
    <testcase classname="tests_016.test_contract_macros.TestContractMacros" name="test_contract_input_output[assert_cmplt-Unit-(Pair -1 0)-Unit]" time="0.489" />
    <testcase classname="tests_016.test_contract_macros.TestContractMacros" name="test_contract_input_output[assert_cmple-Unit-(Pair -1 0)-Unit]" time="0.489" />
    <testcase classname="tests_016.test_contract_macros.TestContractMacros" name="test_contract_input_output[assert_cmple-Unit-(Pair 0 0)-Unit]" time="0.488" />
    <testcase classname="tests_016.test_contract_macros.TestContractMacros" name="test_contract_input_output[assert_cmpgt-Unit-(Pair 0 -1)-Unit]" time="0.492" />
    <testcase classname="tests_016.test_contract_macros.TestContractMacros" name="test_contract_input_output[assert_cmpge-Unit-(Pair 0 -1)-Unit]" time="0.489" />
    <testcase classname="tests_016.test_contract_macros.TestContractMacros" name="test_contract_input_output[assert_cmpge-Unit-(Pair 0 0)-Unit]" time="0.497" />
    <testcase classname="tests_016.test_contract_macros.TestContractMacros" name="test_contract_input_output[set_caddaadr-(Pair (Pair 1 2 (Pair (Pair 3 0) 4) 5) 6)-3000000-(Pair (Pair 1 2 (Pair (Pair 3 3000000) 4) 5) 6)]" time="0.491" />
    <testcase classname="tests_016.test_contract_macros.TestContractMacros" name="test_contract_input_output[map_caddaadr-(Pair (Pair 1 2 (Pair (Pair 3 0) 4) 5) 6)-Unit-(Pair (Pair 1 2 (Pair (Pair 3 1000000) 4) 5) 6)]" time="0.492" />
    <testcase classname="tests_016.test_contract_macros.TestContractMacros" name="test_contract_input_output[compare_bytes-{}-(Pair 0x33 0x34)-{ False ; False ; True ; False ; True }]" time="0.493" />
    <testcase classname="tests_016.test_contract_macros.TestContractMacros" name="test_contract_input_output[compare_bytes-{}-(Pair 0x33 0x33aa)-{ False ; False ; True ; False ; True }]" time="0.496" />
    <testcase classname="tests_016.test_contract_macros.TestContractMacros" name="test_contract_input_output[compare_bytes-{}-(Pair 0x33 0x33)-{ True ; False ; False ; True ; True }]" time="0.493" />
    <testcase classname="tests_016.test_contract_macros.TestContractMacros" name="test_contract_input_output[compare_bytes-{}-(Pair 0x34 0x33)-{ False ; True ; False ; True ; False }]" time="0.494" />
    <testcase classname="tests_016.test_contract_macros.TestContractMacros" name="test_contract_failures[assert-Unit-False]" time="0.499" />
    <testcase classname="tests_016.test_contract_macros.TestContractMacros" name="test_contract_failures[assert_eq-Unit-(Pair 0 -1)0]" time="0.502" />
    <testcase classname="tests_016.test_contract_macros.TestContractMacros" name="test_contract_failures[assert_eq-Unit-(Pair 0 -1)1]" time="0.496" />
    <testcase classname="tests_016.test_contract_macros.TestContractMacros" name="test_contract_failures[assert_neq-Unit-(Pair -1 -1)]" time="0.495" />
    <testcase classname="tests_016.test_contract_macros.TestContractMacros" name="test_contract_failures[assert_lt-Unit-(Pair 0 -1)]" time="0.497" />
    <testcase classname="tests_016.test_contract_macros.TestContractMacros" name="test_contract_failures[assert_lt-Unit-(Pair 0 0)]" time="0.492" />
    <testcase classname="tests_016.test_contract_macros.TestContractMacros" name="test_contract_failures[assert_le-Unit-(Pair 0 -1)]" time="0.493" />
    <testcase classname="tests_016.test_contract_macros.TestContractMacros" name="test_contract_failures[assert_gt-Unit-(Pair -1 0)]" time="0.493" />
    <testcase classname="tests_016.test_contract_macros.TestContractMacros" name="test_contract_failures[assert_gt-Unit-(Pair 0 0)]" time="0.491" />
    <testcase classname="tests_016.test_contract_macros.TestContractMacros" name="test_contract_failures[assert_ge-Unit-(Pair -1 0)]" time="0.512" />
    <testcase classname="tests_016.test_contract_macros.TestContractMacros" name="test_contract_failures[assert_cmpeq-Unit-(Pair 0 -1)]" time="0.491" />
    <testcase classname="tests_016.test_contract_macros.TestContractMacros" name="test_contract_failures[assert_cmpneq-Unit-(Pair -1 -1)]" time="0.493" />
    <testcase classname="tests_016.test_contract_macros.TestContractMacros" name="test_contract_failures[assert_cmplt-Unit-(Pair 0 0)]" time="0.489" />
    <testcase classname="tests_016.test_contract_macros.TestContractMacros" name="test_contract_failures[assert_cmplt-Unit-(Pair 0 -1)]" time="0.493" />
    <testcase classname="tests_016.test_contract_macros.TestContractMacros" name="test_contract_failures[assert_cmple-Unit-(Pair 0 -1)]" time="0.491" />
    <testcase classname="tests_016.test_contract_macros.TestContractMacros" name="test_contract_failures[assert_cmpgt-Unit-(Pair 0 0)]" time="0.489" />
    <testcase classname="tests_016.test_contract_macros.TestContractMacros" name="test_contract_failures[assert_cmpgt-Unit-(Pair -1 0)]" time="0.495" />
    <testcase classname="tests_016.test_contract_macros.TestContractMacros" name="test_contract_failures[assert_cmpge-Unit-(Pair -1 0)]" time="0.912" />
    <testcase classname="tests_016.test_many_nodes.TestManyNodesBootstrap" name="test_init" time="17.398" />
    <testcase classname="tests_016.test_many_nodes.TestManyNodesBootstrap" name="test_add_nodes" time="11.248" />
    <testcase classname="tests_016.test_many_nodes.TestManyNodesBootstrap" name="test_sleep_30s" time="30.035" />
    <testcase classname="tests_016.test_many_nodes.TestManyNodesBootstrap" name="test_add_more_nodes" time="16.792" />
    <testcase classname="tests_016.test_many_nodes.TestManyNodesBootstrap" name="test_kill_baker" time="0.345" />
    <testcase classname="tests_016.test_many_nodes.TestManyNodesBootstrap" name="test_synchronize" time="3.723" />
    <testcase classname="tests_016.test_many_nodes.TestManyNodesBootstrap" name="test_progress" time="0.461" />
    <testcase classname="tests_016.test_many_nodes.TestManyNodesBootstrap" name="test_check_logs" time="3.341" />
    <testcase classname="tests_016.test_tls.TestTLS" name="test_bootstrapped" time="0.006">
      <skipped type="pytest.skip" message="requires to install a custom CA">/builds/tezos/tezos/tests_python/tests_016/test_tls.py:22: requires to install a custom CA</skipped>
    </testcase>
    <testcase classname="tests_015.test_baker_operations_cli_options.TestExternalOperations" name="test_bake_empty_operations_file" time="48.769" />
    <testcase classname="tests_015.test_baker_operations_cli_options.TestExternalOperations" name="test_bake_empty_operations_http" time="2.145" />
    <testcase classname="tests_015.test_baker_operations_cli_options.TestExternalOperations" name="test_bake_absent_operations_file" time="2.091" />
    <testcase classname="tests_015.test_baker_operations_cli_options.TestExternalOperations" name="test_bake_absent_operations_http" time="2.111" />
    <testcase classname="tests_015.test_baker_operations_cli_options.TestExternalOperations" name="test_bake_singleton_operations_file_pre" time="2.642" />
    <testcase classname="tests_015.test_baker_operations_cli_options.TestExternalOperations" name="test_bake_singleton_operations_file" time="10.458" />
    <testcase classname="tests_015.test_baker_operations_cli_options.TestExternalOperations" name="test_bake_singleton_operations_http" time="56.994" />
    <testcase classname="tests_015.test_p2p.TestTrustedRing" name="test_init" time="14.388" />
    <testcase classname="tests_015.test_p2p.TestTrustedRing" name="test_no_peers" time="2.577" />
    <testcase classname="tests_015.test_p2p.TestTrustedRing" name="test_add_peers" time="2.413" />
    <testcase classname="tests_015.test_p2p.TestTrustedRing" name="test_check_clique" time="2.386" />
    <testcase classname="tests_015.test_p2p.TestTrustedRing" name="test_check_tables" time="4.980" />
    <testcase classname="tests_015.test_p2p.TestTrustedRing" name="test_set_expected_peers" time="4.764" />
    <testcase classname="tests_015.test_p2p.TestTrustedRing" name="test_expected_peers" time="5.050" />
    <testcase classname="tests_015.test_p2p.TestTrustedRing" name="test_wrong_expected_peer" time="5.146" />
    <testcase classname="tests_015.test_p2p.TestTrustedRing" name="test_check_stat_with_wrong_expected_peers" time="7.216" />
    <testcase classname="tests_016.test_contract_macros.TestGuestBook" name="test_guestbook" time="10.541" />
    <testcase classname="tests_016.test_multiple_transfers.TestMultipleTransfers" name="test_empty" time="6.729" />
    <testcase classname="tests_016.test_multiple_transfers.TestMultipleTransfers" name="test_transfer_json_to_entrypoint_with_args[bootstrap2-manager]" time="5.075" />
    <testcase classname="tests_016.test_multiple_transfers.TestMultipleTransfers" name="test_transfer_json_to_entrypoint_with_args[bootstrap4-bootstrap4]" time="2.934" />
    <testcase classname="tests_016.test_multiple_transfers.TestMultipleTransfers" name="test_multiple_transfers[bootstrap2-manager]" time="4.162" />
    <testcase classname="tests_016.test_multiple_transfers.TestMultipleTransfers" name="test_multiple_transfers[bootstrap4-bootstrap4]" time="4.275" />
    <testcase classname="tests_015.test_multinode_storage_reconstruction.TestMultiNodeStorageReconstruction" name="test_init" time="11.434" />
    <testcase classname="tests_015.test_multinode_storage_reconstruction.TestMultiNodeStorageReconstruction" name="test_bake_node0_level_a" time="67.768" />
    <testcase classname="tests_015.test_multinode_storage_reconstruction.TestMultiNodeStorageReconstruction" name="test_reconstruct_on_bootstrapped_node" time="2.296" />
    <testcase classname="tests_015.test_multinode_storage_reconstruction.TestMultiNodeStorageReconstruction" name="test_export_snapshot_batch1" time="0.458" />
    <testcase classname="tests_015.test_multinode_storage_reconstruction.TestMultiNodeStorageReconstruction" name="test_node1_import_and_reconstruct" time="8.728" />
    <testcase classname="tests_015.test_multinode_storage_reconstruction.TestMultiNodeStorageReconstruction" name="test_node1_request_all_blocks_with_metadata" time="0.060" />
    <testcase classname="tests_015.test_multinode_storage_reconstruction.TestMultiNodeStorageReconstruction" name="test_import_before_reconstruct" time="6.496" />
    <testcase classname="tests_015.test_multinode_storage_reconstruction.TestMultiNodeStorageReconstruction" name="test_unavailable_blocks_node2" time="0.045" />
    <testcase classname="tests_015.test_multinode_storage_reconstruction.TestMultiNodeStorageReconstruction" name="test_reconstruct_after_snapshot_import" time="2.646" />
    <testcase classname="tests_015.test_multinode_storage_reconstruction.TestMultiNodeStorageReconstruction" name="test_available_blocks_node_2" time="0.056" />
    <testcase classname="tests_015.test_multinode_storage_reconstruction.TestMultiNodeStorageReconstruction" name="test_bake_node0_level_b" time="45.759" />
    <testcase classname="tests_015.test_multinode_storage_reconstruction.TestMultiNodeStorageReconstruction" name="test_export_snapshot_batch2" time="0.480" />
    <testcase classname="tests_015.test_multinode_storage_reconstruction.TestMultiNodeStorageReconstruction" name="test_sync_node3" time="2.346" />
    <testcase classname="tests_015.test_multinode_storage_reconstruction.TestMultiNodeStorageReconstruction" name="test_unavailable_blocks_node3" time="0.485" />
    <testcase classname="tests_015.test_multinode_storage_reconstruction.TestMultiNodeStorageReconstruction" name="test_reconstruct_command_after_bootstrap" time="3.179" />
    <testcase classname="tests_015.test_multinode_storage_reconstruction.TestMultiNodeStorageReconstruction" name="test_available_blocks_node3" time="2.867" />
    <testcase classname="tests_016.test_multinode_storage_reconstruction.TestMultiNodeStorageReconstruction" name="test_init" time="11.546" />
    <testcase classname="tests_016.test_multinode_storage_reconstruction.TestMultiNodeStorageReconstruction" name="test_bake_node0_level_a" time="63.965" />
    <testcase classname="tests_016.test_multinode_storage_reconstruction.TestMultiNodeStorageReconstruction" name="test_reconstruct_on_bootstrapped_node" time="2.311" />
    <testcase classname="tests_016.test_multinode_storage_reconstruction.TestMultiNodeStorageReconstruction" name="test_export_snapshot_batch1" time="0.460" />
    <testcase classname="tests_016.test_multinode_storage_reconstruction.TestMultiNodeStorageReconstruction" name="test_node1_import_and_reconstruct" time="8.814" />
    <testcase classname="tests_016.test_multinode_storage_reconstruction.TestMultiNodeStorageReconstruction" name="test_node1_request_all_blocks_with_metadata" time="0.055" />
    <testcase classname="tests_016.test_multinode_storage_reconstruction.TestMultiNodeStorageReconstruction" name="test_import_before_reconstruct" time="6.488" />
    <testcase classname="tests_016.test_multinode_storage_reconstruction.TestMultiNodeStorageReconstruction" name="test_unavailable_blocks_node2" time="0.040" />
    <testcase classname="tests_016.test_multinode_storage_reconstruction.TestMultiNodeStorageReconstruction" name="test_reconstruct_after_snapshot_import" time="2.642" />
    <testcase classname="tests_016.test_multinode_storage_reconstruction.TestMultiNodeStorageReconstruction" name="test_available_blocks_node_2" time="0.055" />
    <testcase classname="tests_016.test_multinode_storage_reconstruction.TestMultiNodeStorageReconstruction" name="test_bake_node0_level_b" time="107.730" />
    <testcase classname="tests_016.test_multinode_storage_reconstruction.TestMultiNodeStorageReconstruction" name="test_export_snapshot_batch2" time="0.479" />
    <testcase classname="tests_016.test_multinode_storage_reconstruction.TestMultiNodeStorageReconstruction" name="test_sync_node3" time="2.336" />
    <testcase classname="tests_016.test_multinode_storage_reconstruction.TestMultiNodeStorageReconstruction" name="test_unavailable_blocks_node3" time="0.468" />
    <testcase classname="tests_016.test_multinode_storage_reconstruction.TestMultiNodeStorageReconstruction" name="test_reconstruct_command_after_bootstrap" time="3.832" />
    <testcase classname="tests_016.test_multinode_storage_reconstruction.TestMultiNodeStorageReconstruction" name="test_available_blocks_node3" time="3.092" />
    <testcase classname="tests_016.test_voting.TestManualBaking" name="test_current_period" time="6.895" />
    <testcase classname="tests_016.test_voting.TestManualBaking" name="test_succ_period" time="0.467" />
    <testcase classname="tests_016.test_voting.TestManualBaking" name="test_level_info_offset" time="1.390" />
    <testcase classname="tests_016.test_voting.TestManualBaking" name="test_bake_two_blocks" time="1.892" />
    <testcase classname="tests_016.test_voting.TestManualBaking" name="test_last_block_of_proposal_period" time="0.953" />
    <testcase classname="tests_016.test_voting.TestManualBaking" name="test_listing_is_not_empty" time="0.458" />
    <testcase classname="tests_016.test_voting.TestManualBaking" name="test_inject_proto1" time="3.495" />
    <testcase classname="tests_016.test_voting.TestManualBaking" name="test_known_protocol" time="0.457" />
    <testcase classname="tests_016.test_voting.TestManualBaking" name="test_proposals_is_empty" time="0.463" />
    <testcase classname="tests_016.test_voting.TestManualBaking" name="test_show_voting_period2" time="0.456" />
    <testcase classname="tests_016.test_voting.TestManualBaking" name="test_bake_first_block_of_proposal_period" time="0.951" />
    <testcase classname="tests_016.test_voting.TestManualBaking" name="test_submit_proposals" time="1.893" />
    <testcase classname="tests_016.test_voting.TestManualBaking" name="test_bake_one_block" time="0.959" />
    <testcase classname="tests_016.test_voting.TestManualBaking" name="test_proposals_is_not_empty" time="0.461" />
    <testcase classname="tests_016.test_voting.TestManualBaking" name="test_bake_until_prev_last_block_of_voting_period" time="0.948" />
    <testcase classname="tests_016.test_voting.TestManualBaking" name="test_break_proposal_tie" time="0.477" />
    <testcase classname="tests_016.test_voting.TestManualBaking" name="test_bake_last_block_of_proposal_period" time="1.951" />
    <testcase classname="tests_016.test_voting.TestManualBaking" name="test_listing_is_not_empty2" time="0.466" />
    <testcase classname="tests_016.test_voting.TestManualBaking" name="test_current_proposal" time="0.461" />
    <testcase classname="tests_016.test_voting.TestManualBaking" name="test_bake_first_block_of_cooldown_vote_period" time="0.972" />
    <testcase classname="tests_016.test_voting.TestManualBaking" name="test_submit_ballot" time="1.419" />
    <testcase classname="tests_016.test_voting.TestManualBaking" name="test_bake_until_prev_last_block_of_voting_period2" time="1.917" />
    <testcase classname="tests_016.test_voting.TestManualBaking" name="test_submit_failing_ballot" time="0.473" />
    <testcase classname="tests_016.test_voting.TestManualBaking" name="test_level_info_offset2" time="1.389" />
    <testcase classname="tests_016.test_voting.TestManualBaking" name="test_bake_first_block_of_new_proposal_period" time="5.127" />
    <testcase classname="tests_015.test_client_without_node.TestStopLoopPassword" name="test_stops_after_three_tries[\n\n\n]" time="8.325" />
    <testcase classname="tests_015.test_client_without_node.TestStopLoopPassword" name="test_stops_after_three_tries[\n\n\nign]" time="0.771" />
    <testcase classname="tests_015.test_client_without_node.TestStopLoopPassword" name="test_stops_after_three_tries[\n\n\npassword]" time="0.767" />
    <testcase classname="tests_015.test_client_without_node.TestStopLoopPassword" name="test_password_succeed_before_three_tries[password\n]" time="0.678" />
    <testcase classname="tests_015.test_client_without_node.TestStopLoopPassword" name="test_password_succeed_before_three_tries[\npassword\n]" time="0.774" />
    <testcase classname="tests_015.test_client_without_node.TestStopLoopPassword" name="test_password_succeed_before_three_tries[\n\npassword\n]" time="1.295" />
    <testcase classname="tests_015.test_client_without_node.TestConfigInit" name="test_config_init[None]" time="0.460" />
    <testcase classname="tests_015.test_client_without_node.TestConfigInit" name="test_config_init[config_dict1]" time="0.464" />
    <testcase classname="tests_015.test_client_without_node.TestConfigInit" name="test_config_init_roundtrip[None]" time="1.391" />
    <testcase classname="tests_015.test_client_without_node.TestConfigInit" name="test_config_init_roundtrip[config_dict1]" time="0.467" />
    <testcase classname="tests_015.test_multisig.TestMultisig" name="test_deploy_multisig[msig0]" time="13.594" />
    <testcase classname="tests_015.test_multisig.TestMultisig" name="test_transfer[msig0]" time="0.472" />
    <testcase classname="tests_015.test_multisig.TestMultisig" name="test_prepare_msig_transfer[msig0]" time="0.466" />
    <testcase classname="tests_015.test_multisig.TestMultisig" name="test_prepare_msig_sign[msig0]" time="1.397" />
    <testcase classname="tests_015.test_multisig.TestMultisig" name="test_transfer_failure[msig0]" time="0.484" />
    <testcase classname="tests_015.test_multisig.TestMultisig" name="test_transfer_success[msig0]" time="2.847" />
    <testcase classname="tests_015.test_multisig.TestMultisig" name="test_default_entrypoint[msig0]" time="2.831" />
    <testcase classname="tests_015.test_multisig.TestMultisig" name="test_transfer_with_entrypoint[msig0]" time="5.242" />
    <testcase classname="tests_015.test_multisig.TestMultisig" name="test_transfer_with_arg[msig0]" time="5.683" />
    <testcase classname="tests_015.test_multisig.TestMultisig" name="test_transfer_ill_typed[msig0]" time="0.477" />
    <testcase classname="tests_015.test_multisig.TestMultisig" name="test_transfer_too_high[msig0]" time="0.474" />
    <testcase classname="tests_015.test_multisig.TestMultisig" name="test_multiple_operations[msig0]" time="4.734" />
    <testcase classname="tests_015.test_multisig.TestMultisig" name="test_multiple_operations_failure[msig0]" time="0.475" />
    <testcase classname="tests_015.test_multisig.TestMultisig" name="test_delegate_change[msig0]" time="4.243" />
    <testcase classname="tests_015.test_multisig.TestMultisig" name="test_delegate_withdraw[msig0]" time="4.260" />
    <testcase classname="tests_015.test_multisig.TestMultisig" name="test_run_transaction_change_keys_and_threshold[msig0]" time="6.131" />
    <testcase classname="tests_015.test_multisig.TestMultisig" name="test_change_keys_and_threshold[msig0]" time="6.131" />
    <testcase classname="tests_015.test_multisig.TestMultisig" name="test_deploy_multisig[msig1]" time="6.215" />
    <testcase classname="tests_015.test_multisig.TestMultisig" name="test_transfer[msig1]" time="0.473" />
    <testcase classname="tests_015.test_multisig.TestMultisig" name="test_prepare_msig_transfer[msig1]" time="0.476" />
    <testcase classname="tests_015.test_multisig.TestMultisig" name="test_prepare_msig_sign[msig1]" time="1.401" />
    <testcase classname="tests_015.test_multisig.TestMultisig" name="test_transfer_failure[msig1]" time="0.473" />
    <testcase classname="tests_015.test_multisig.TestMultisig" name="test_transfer_success[msig1]" time="2.878" />
    <testcase classname="tests_015.test_multisig.TestMultisig" name="test_default_entrypoint[msig1]" time="2.887" />
    <testcase classname="tests_015.test_multisig.TestMultisig" name="test_transfer_with_entrypoint[msig1]" time="5.312" />
    <testcase classname="tests_015.test_multisig.TestMultisig" name="test_transfer_with_arg[msig1]" time="5.859" />
    <testcase classname="tests_015.test_multisig.TestMultisig" name="test_transfer_ill_typed[msig1]" time="0.481" />
    <testcase classname="tests_015.test_multisig.TestMultisig" name="test_transfer_too_high[msig1]" time="0.481" />
    <testcase classname="tests_015.test_multisig.TestMultisig" name="test_multiple_operations[msig1]" time="4.800" />
    <testcase classname="tests_015.test_multisig.TestMultisig" name="test_multiple_operations_failure[msig1]" time="0.477" />
    <testcase classname="tests_015.test_multisig.TestMultisig" name="test_delegate_change[msig1]" time="4.264" />
    <testcase classname="tests_015.test_multisig.TestMultisig" name="test_delegate_withdraw[msig1]" time="4.303" />
    <testcase classname="tests_015.test_multisig.TestMultisig" name="test_run_transaction_change_keys_and_threshold[msig1]" time="6.208" />
    <testcase classname="tests_015.test_multisig.TestMultisig" name="test_change_keys_and_threshold[msig1]" time="6.182" />
    <testcase classname="tests_015.test_multisig.TestMultisig" name="test_deploy_multisig[msig2]" time="2.454" />
    <testcase classname="tests_015.test_multisig.TestMultisig" name="test_transfer[msig2]" time="0.481" />
    <testcase classname="tests_015.test_multisig.TestMultisig" name="test_prepare_msig_transfer[msig2]" time="0.476" />
    <testcase classname="tests_015.test_multisig.TestMultisig" name="test_prepare_msig_sign[msig2]" time="1.416" />
    <testcase classname="tests_015.test_multisig.TestMultisig" name="test_transfer_failure[msig2]" time="0.479" />
    <testcase classname="tests_015.test_multisig.TestMultisig" name="test_transfer_success[msig2]" time="2.898" />
    <testcase classname="tests_015.test_multisig.TestMultisig" name="test_default_entrypoint[msig2]" time="0.480" />
    <testcase classname="tests_015.test_multisig.TestMultisig" name="test_transfer_with_entrypoint[msig2]" time="5.315" />
    <testcase classname="tests_015.test_multisig.TestMultisig" name="test_transfer_with_arg[msig2]" time="1.476" />
    <testcase classname="tests_015.test_multisig.TestMultisig" name="test_transfer_ill_typed[msig2]" time="0.478" />
    <testcase classname="tests_015.test_multisig.TestMultisig" name="test_transfer_too_high[msig2]" time="0.476" />
    <testcase classname="tests_015.test_multisig.TestMultisig" name="test_multiple_operations[msig2]" time="0.943" />
    <testcase classname="tests_015.test_multisig.TestMultisig" name="test_multiple_operations_failure[msig2]" time="0.477" />
    <testcase classname="tests_015.test_multisig.TestMultisig" name="test_delegate_change[msig2]" time="4.332" />
    <testcase classname="tests_015.test_multisig.TestMultisig" name="test_delegate_withdraw[msig2]" time="4.338" />
    <testcase classname="tests_015.test_multisig.TestMultisig" name="test_run_transaction_change_keys_and_threshold[msig2]" time="6.210" />
    <testcase classname="tests_015.test_multisig.TestMultisig" name="test_change_keys_and_threshold[msig2]" time="6.210" />
    <testcase classname="tests_015.test_multisig.TestMultisig" name="test_deploy_multisig[msig3]" time="2.453" />
    <testcase classname="tests_015.test_multisig.TestMultisig" name="test_transfer[msig3]" time="0.475" />
    <testcase classname="tests_015.test_multisig.TestMultisig" name="test_prepare_msig_transfer[msig3]" time="0.479" />
    <testcase classname="tests_015.test_multisig.TestMultisig" name="test_prepare_msig_sign[msig3]" time="1.450" />
    <testcase classname="tests_015.test_multisig.TestMultisig" name="test_transfer_failure[msig3]" time="0.480" />
    <testcase classname="tests_015.test_multisig.TestMultisig" name="test_transfer_success[msig3]" time="2.904" />
    <testcase classname="tests_015.test_multisig.TestMultisig" name="test_default_entrypoint[msig3]" time="0.480" />
    <testcase classname="tests_015.test_multisig.TestMultisig" name="test_transfer_with_entrypoint[msig3]" time="5.349" />
    <testcase classname="tests_015.test_multisig.TestMultisig" name="test_transfer_with_arg[msig3]" time="1.494" />
    <testcase classname="tests_015.test_multisig.TestMultisig" name="test_transfer_ill_typed[msig3]" time="0.476" />
    <testcase classname="tests_015.test_multisig.TestMultisig" name="test_transfer_too_high[msig3]" time="0.476" />
    <testcase classname="tests_015.test_multisig.TestMultisig" name="test_multiple_operations[msig3]" time="0.945" />
    <testcase classname="tests_015.test_multisig.TestMultisig" name="test_multiple_operations_failure[msig3]" time="0.475" />
    <testcase classname="tests_015.test_multisig.TestMultisig" name="test_delegate_change[msig3]" time="4.311" />
    <testcase classname="tests_015.test_multisig.TestMultisig" name="test_delegate_withdraw[msig3]" time="4.312" />
    <testcase classname="tests_015.test_multisig.TestMultisig" name="test_run_transaction_change_keys_and_threshold[msig3]" time="6.189" />
    <testcase classname="tests_015.test_multisig.TestMultisig" name="test_change_keys_and_threshold[msig3]" time="6.593" />
    <testcase classname="tests_016.test_sapling.TestSaplingShieldedTez" name="test_originate_sapling_contract" time="12.266" />
    <testcase classname="tests_016.test_sapling.TestSaplingShieldedTez" name="test_generate_bob" time="0.945" />
    <testcase classname="tests_016.test_sapling.TestSaplingShieldedTez" name="test_list_keys_bob" time="0.466" />
    <testcase classname="tests_016.test_sapling.TestSaplingShieldedTez" name="test_list_keys_with_alice_and_bob" time="1.410" />
    <testcase classname="tests_016.test_sapling.TestSaplingShieldedTez" name="test_generate_bob_address_0" time="0.469" />
    <testcase classname="tests_016.test_sapling.TestSaplingShieldedTez" name="test_generate_bob_address_1" time="0.470" />
    <testcase classname="tests_016.test_sapling.TestSaplingShieldedTez" name="test_check_bob_balance" time="0.470" />
    <testcase classname="tests_016.test_sapling.TestSaplingShieldedTez" name="test_shield_bob_address_0" time="3.537" />
    <testcase classname="tests_016.test_sapling.TestSaplingShieldedTez" name="test_check_contract_balance_after_shielding" time="0.469" />
    <testcase classname="tests_016.test_sapling.TestSaplingShieldedTez" name="test_regenerate_bob_from_mnemonic" time="0.478" />
    <testcase classname="tests_016.test_sapling.TestSaplingShieldedTez" name="test_derive_alice" time="0.473" />
    <testcase classname="tests_016.test_sapling.TestSaplingShieldedTez" name="test_derive_yves" time="0.473" />
    <testcase classname="tests_016.test_sapling.TestSaplingShieldedTez" name="test_generate_alice_address_0" time="0.470" />
    <testcase classname="tests_016.test_sapling.TestSaplingShieldedTez" name="test_alice_shields_money_insufficient_funds" time="1.604" />
    <testcase classname="tests_016.test_sapling.TestSaplingShieldedTez" name="test_alice_shields_money" time="3.103" />
    <testcase classname="tests_016.test_sapling.TestSaplingShieldedTez" name="test_forge_alice_to_bob_insufficient_funds[sapling_transaction.bin-False]" time="0.484" />
    <testcase classname="tests_016.test_sapling.TestSaplingShieldedTez" name="test_forge_alice_to_bob_insufficient_funds[sapling_transaction.json-True]" time="0.479" />
    <testcase classname="tests_016.test_sapling.TestSaplingShieldedTez" name="test_forge_alice_to_bob_address_0" time="4.413" />
    <testcase classname="tests_016.test_sapling.TestSaplingShieldedTez" name="test_forge_alice_to_bob_address_1_binary_format" time="4.442" />
    <testcase classname="tests_016.test_sapling.TestSaplingShieldedTez" name="test_check_sapling_balances_post_forge_binary_format[alice-100.0]" time="0.475" />
    <testcase classname="tests_016.test_sapling.TestSaplingShieldedTez" name="test_check_sapling_balances_post_forge_binary_format[bob-100.0]" time="0.476" />
    <testcase classname="tests_016.test_sapling.TestSaplingShieldedTez" name="test_submit_alice_to_bob_address_1_binary_format" time="1.059" />
    <testcase classname="tests_016.test_sapling.TestSaplingShieldedTez" name="test_check_sapling_balances_after_successfull_transaction_in_binary[alice-50.0]" time="0.481" />
    <testcase classname="tests_016.test_sapling.TestSaplingShieldedTez" name="test_check_sapling_balances_after_successfull_transaction_in_binary[bob-150.0]" time="0.476" />
    <testcase classname="tests_016.test_sapling.TestSaplingShieldedTez" name="test_forge_alice_to_bob_address_1_json_format" time="4.416" />
    <testcase classname="tests_016.test_sapling.TestSaplingShieldedTez" name="test_check_sapling_balances_post_forge_json_format[alice-50.0]" time="0.476" />
    <testcase classname="tests_016.test_sapling.TestSaplingShieldedTez" name="test_check_sapling_balances_post_forge_json_format[bob-150.0]" time="0.479" />
    <testcase classname="tests_016.test_sapling.TestSaplingShieldedTez" name="test_submit_alice_to_bob_address_1_json_format" time="1.066" />
    <testcase classname="tests_016.test_sapling.TestSaplingShieldedTez" name="test_check_sapling_balances_after_successfull_transaction_in_json[alice-0.0]" time="0.485" />
    <testcase classname="tests_016.test_sapling.TestSaplingShieldedTez" name="test_check_sapling_balances_after_successfull_transaction_in_json[bob-200.0]" time="0.477" />
    <testcase classname="tests_016.test_sapling.TestSaplingShieldedTez" name="test_submit_alice_to_bob0[sapling_transaction0.bin-False]" time="0.481" />
    <testcase classname="tests_016.test_sapling.TestSaplingShieldedTez" name="test_unshields_money_insufficient_funds[2100000000-200-bob]" time="0.480" />
    <testcase classname="tests_016.test_sapling.TestSaplingShieldedTez" name="test_unshields_money_insufficient_funds[300-200-bob]" time="0.479" />
    <testcase classname="tests_016.test_sapling.TestSaplingShieldedTez" name="test_unshields_money_insufficient_funds[2100000000-0-alice]" time="0.484" />
    <testcase classname="tests_016.test_sapling.TestSaplingShieldedTez" name="test_unshields_money_insufficient_funds[100-0-alice]" time="0.484" />
    <testcase classname="tests_016.test_sapling.TestSaplingShieldedTez" name="test_bob_unshields_money" time="8.876" />
    <testcase classname="tests_016.test_sapling.TestSaplingShieldedTez" name="test_check_state_with_another_client" time="6.639" />
    <testcase classname="tests_016.test_sapling.TestSaplingShieldedTez" name="test_shielded_transfer_using_non_sapling_transfer_method[bootstrap4-bootstrap2]" time="5.479" />
    <testcase classname="tests_016.test_sapling.TestSaplingShieldedTez" name="test_check_sapling_balances_after_calling_smart_contract[alice-0.0]" time="0.484" />
    <testcase classname="tests_016.test_sapling.TestSaplingShieldedTez" name="test_check_sapling_balances_after_calling_smart_contract[bob-110.0]" time="0.915" />
    <testcase classname="tests_015.test_contract_opcodes.TestContractOpcodes" name="test_balance[0]" time="6.495" />
    <testcase classname="tests_015.test_contract_opcodes.TestContractOpcodes" name="test_balance[1e-06]" time="0.489" />
    <testcase classname="tests_015.test_contract_opcodes.TestContractOpcodes" name="test_balance[0.5]" time="0.487" />
    <testcase classname="tests_015.test_contract_opcodes.TestContractOpcodes" name="test_balance[1]" time="0.489" />
    <testcase classname="tests_015.test_contract_opcodes.TestContractOpcodes" name="test_balance[5]" time="0.490" />
    <testcase classname="tests_015.test_contract_opcodes.TestContractOpcodes" name="test_balance[1000]" time="0.488" />
    <testcase classname="tests_015.test_contract_opcodes.TestContractOpcodes" name="test_balance[8000000000000.0]" time="0.488" />
    <testcase classname="tests_015.test_contract_opcodes.TestContractOpcodes" name="test_now" time="0.489" />
    <testcase classname="tests_015.test_contract_opcodes.TestContractOpcodes" name="test_level" time="0.488" />
    <testcase classname="tests_015.test_contract_opcodes.TestContractOpcodes" name="test__big_map_contract_io[get_big_map_value.tz-(Pair { Elt &quot;hello&quot; &quot;hi&quot; } None)-&quot;hello&quot;-(Pair 4 (Some &quot;hi&quot;))-big_map_diff0]" time="0.490" />
    <testcase classname="tests_015.test_contract_opcodes.TestContractOpcodes" name="test__big_map_contract_io[get_big_map_value.tz-(Pair { Elt &quot;hello&quot; &quot;hi&quot; } None)-&quot;&quot;-(Pair 4 None)-big_map_diff1]" time="0.491" />
    <testcase classname="tests_015.test_contract_opcodes.TestContractOpcodes" name="test__big_map_contract_io[get_big_map_value.tz-(Pair { Elt &quot;1&quot; &quot;one&quot; ; Elt &quot;2&quot; &quot;two&quot; } None)-&quot;1&quot;-(Pair 4 (Some &quot;one&quot;))-big_map_diff2]" time="0.491" />
    <testcase classname="tests_015.test_contract_opcodes.TestContractOpcodes" name="test__big_map_contract_io[update_big_map.tz-(Pair { Elt &quot;1&quot; &quot;one&quot; ; Elt &quot;2&quot; &quot;two&quot; } Unit)-{}-(Pair 4 Unit)-big_map_diff3]" time="0.492" />
    <testcase classname="tests_015.test_contract_opcodes.TestContractOpcodes" name="test__big_map_contract_io[update_big_map.tz-(Pair { Elt &quot;1&quot; &quot;one&quot; ; Elt &quot;2&quot; &quot;two&quot; } Unit)-{ Elt &quot;1&quot; (Some &quot;two&quot;) }-(Pair 4 Unit)-big_map_diff4]" time="0.493" />
    <testcase classname="tests_015.test_contract_opcodes.TestContractOpcodes" name="test__big_map_contract_io[update_big_map.tz-(Pair { Elt &quot;1&quot; &quot;one&quot; ; Elt &quot;2&quot; &quot;two&quot; } Unit)-{ Elt &quot;3&quot; (Some &quot;three&quot;) }-(Pair 4 Unit)-big_map_diff5]" time="0.494" />
    <testcase classname="tests_015.test_contract_opcodes.TestContractOpcodes" name="test__big_map_contract_io[update_big_map.tz-(Pair { Elt &quot;1&quot; &quot;one&quot; ; Elt &quot;2&quot; &quot;two&quot; } Unit)-{ Elt &quot;3&quot; None }-(Pair 4 Unit)-big_map_diff6]" time="0.496" />
    <testcase classname="tests_015.test_contract_opcodes.TestContractOpcodes" name="test__big_map_contract_io[update_big_map.tz-(Pair { Elt &quot;1&quot; &quot;one&quot; ; Elt &quot;2&quot; &quot;two&quot; } Unit)-{ Elt &quot;2&quot; None }-(Pair 4 Unit)-big_map_diff7]" time="0.491" />
    <testcase classname="tests_015.test_contract_opcodes.TestContractOpcodes" name="test__big_map_contract_io[update_big_map.tz-(Pair { Elt &quot;1&quot; &quot;one&quot; ; Elt &quot;2&quot; &quot;two&quot; } Unit)-{ Elt &quot;1&quot; (Some &quot;two&quot;) }-(Pair 4 Unit)-big_map_diff8]" time="0.491" />
    <testcase classname="tests_015.test_contract_opcodes.TestContractOpcodes" name="test__big_map_contract_io[get_and_update_big_map.tz-(Pair None {})-&quot;hello&quot;-(Pair None 4)-big_map_diff9]" time="0.491" />
    <testcase classname="tests_015.test_contract_opcodes.TestContractOpcodes" name="test__big_map_contract_io[get_and_update_big_map.tz-(Pair (Some 4) {})-&quot;hello&quot;-(Pair None 4)-big_map_diff10]" time="0.492" />
    <testcase classname="tests_015.test_contract_opcodes.TestContractOpcodes" name="test__big_map_contract_io[get_and_update_big_map.tz-(Pair None { Elt &quot;hello&quot; 4 })-&quot;hello&quot;-(Pair (Some 4) 4)-big_map_diff11]" time="0.491" />
    <testcase classname="tests_015.test_contract_opcodes.TestContractOpcodes" name="test__big_map_contract_io[get_and_update_big_map.tz-(Pair (Some 5) { Elt &quot;hello&quot; 4 })-&quot;hello&quot;-(Pair (Some 4) 4)-big_map_diff12]" time="0.488" />
    <testcase classname="tests_015.test_contract_opcodes.TestContractOpcodes" name="test__big_map_contract_io[get_and_update_big_map.tz-(Pair (Some 5) { Elt &quot;hello&quot; 4 })-&quot;hi&quot;-(Pair None 4)-big_map_diff13]" time="0.489" />
    <testcase classname="tests_015.test_contract_opcodes.TestContractOpcodes" name="test__big_map_contract_io[get_and_update_big_map.tz-(Pair None { Elt &quot;1&quot; 1 ;             Elt &quot;2&quot; 2 })-&quot;1&quot;-(Pair (Some 1) 4)-big_map_diff14]" time="0.493" />
    <testcase classname="tests_015.test_contract_opcodes.TestContractOpcodes" name="test__big_map_contract_io[get_and_update_big_map.tz-(Pair None { Elt &quot;1&quot; 1 ;             Elt &quot;2&quot; 2 })-&quot;1&quot;-(Pair (Some 1) 4)-big_map_diff15]" time="0.494" />
    <testcase classname="tests_015.test_contract_opcodes.TestContractOpcodes" name="test_big_map_magic[(Left (Pair { Elt &quot;1&quot; &quot;one&quot; } { Elt &quot;2&quot; &quot;two&quot; }))-(Left Unit)-(Left (Pair 4 5))-big_map_diff0]" time="0.493" />
    <testcase classname="tests_015.test_contract_opcodes.TestContractOpcodes" name="test_big_map_magic[(Left (Pair { Elt &quot;1&quot; &quot;one&quot; } { Elt &quot;2&quot; &quot;two&quot; }))-(Right (Left (Left (Pair { Elt &quot;3&quot; &quot;three&quot; } { Elt &quot;4&quot; &quot;four&quot; }))))-(Left (Pair 4 5))-big_map_diff1]" time="0.491" />
    <testcase classname="tests_015.test_contract_opcodes.TestContractOpcodes" name="test_big_map_magic[(Left (Pair { Elt &quot;1&quot; &quot;one&quot; } { Elt &quot;2&quot; &quot;two&quot; }))-(Right (Left (Right Unit)))-(Right Unit)-big_map_diff2]" time="0.492" />
    <testcase classname="tests_015.test_contract_opcodes.TestContractOpcodes" name="test_big_map_magic[(Right Unit)-(Right (Right (Left (Pair { Pair &quot;foo&quot; &quot;bar&quot; } { Pair &quot;gaz&quot; &quot;baz&quot; }) )))-(Left (Pair 4 5))-big_map_diff3]" time="0.491" />
    <testcase classname="tests_015.test_contract_opcodes.TestContractOpcodes" name="test_big_map_magic[(Left (Pair { Elt &quot;1&quot; &quot;one&quot; } { Elt &quot;2&quot; &quot;two&quot; }) )-(Right (Right (Right (Left { Pair &quot;3&quot; &quot;three&quot; }))))-(Left (Pair 4 5))-big_map_diff4]" time="0.498" />
    <testcase classname="tests_015.test_contract_opcodes.TestContractOpcodes" name="test_big_map_magic[(Left (Pair { Elt &quot;1&quot; &quot;one&quot; } { Elt &quot;2&quot; &quot;two&quot; }))-(Right (Right (Right (Right { &quot;1&quot; }))))-(Left (Pair 4 5))-big_map_diff5]" time="0.494" />
    <testcase classname="tests_015.test_contract_opcodes.TestContractOpcodes" name="test_packunpack" time="0.984" />
    <testcase classname="tests_015.test_contract_opcodes.TestContractOpcodes" name="test_check_signature" time="0.987" />
    <testcase classname="tests_015.test_contract_opcodes.TestContractOpcodes" name="test_hash_consistency_michelson_cli" time="1.415" />
    <testcase classname="tests_015.test_contract_opcodes.TestContractOpcodes" name="test_arithmetic_overflow[shifts.tz-None-(Left (Pair 1 257))]" time="0.495" />
    <testcase classname="tests_015.test_contract_opcodes.TestContractOpcodes" name="test_arithmetic_overflow[shifts.tz-None-(Left (Pair 123 257))]" time="0.486" />
    <testcase classname="tests_015.test_contract_opcodes.TestContractOpcodes" name="test_arithmetic_overflow[shifts.tz-None-(Right (Pair 1 257))]" time="0.491" />
    <testcase classname="tests_015.test_contract_opcodes.TestContractOpcodes" name="test_arithmetic_overflow[shifts.tz-None-(Right (Pair 123 257))]" time="0.494" />
    <testcase classname="tests_015.test_contract_opcodes.TestContractOpcodes" name="test_arithmetic_overflow[mul_overflow.tz-Unit-Left Unit]" time="0.493" />
    <testcase classname="tests_015.test_contract_opcodes.TestContractOpcodes" name="test_arithmetic_overflow[mul_overflow.tz-Unit-Right Unit]" time="0.487" />
    <testcase classname="tests_015.test_contract_opcodes.TestContractOpcodes" name="test_fails_annotated_set_car_cdr" time="0.000">
      <skipped type="pytest.skip" message="Bug in annotation system">/home/tezos/.venv/lib/python3.10/site-packages/_pytest/skipping.py:245: Bug in annotation system</skipped>
    </testcase>
    <testcase classname="tests_015.test_contract_opcodes.TestContractOpcodes" name="test_map_map_sideeffect[map_map_sideeffect.tz-(Pair {} 0)-10-(Pair {} 0)]" time="0.492" />
    <testcase classname="tests_015.test_contract_opcodes.TestContractOpcodes" name="test_map_map_sideeffect[map_map_sideeffect.tz-(Pair { Elt &quot;foo&quot; 1 } 1)-10-(Pair { Elt &quot;foo&quot; 11 } 11)]" time="0.496" />
    <testcase classname="tests_015.test_contract_opcodes.TestContractOpcodes" name="test_map_map_sideeffect[map_map_sideeffect.tz-(Pair { Elt &quot;bar&quot; 5 ; Elt &quot;foo&quot; 1 } 6)-15-(Pair { Elt &quot;bar&quot; 20 ; Elt &quot;foo&quot; 16 } 36)]" time="0.917" />
    <testcase classname="tests_015.test_proto_demo_noops_manual_bake.TestProtoDemo" name="test_proto_known" time="6.048" />
    <testcase classname="tests_015.test_proto_demo_noops_manual_bake.TestProtoDemo" name="test_first_protocol" time="0.461" />
    <testcase classname="tests_015.test_proto_demo_noops_manual_bake.TestProtoDemo" name="test_activate_proto" time="0.463" />
    <testcase classname="tests_015.test_proto_demo_noops_manual_bake.TestProtoDemo" name="test_level1" time="0.464" />
    <testcase classname="tests_015.test_proto_demo_noops_manual_bake.TestProtoDemo" name="test_protocol_genesis" time="0.464" />
    <testcase classname="tests_015.test_proto_demo_noops_manual_bake.TestProtoDemo" name="test_manual_bake" time="2.391" />
    <testcase classname="tests_015.test_proto_demo_noops_manual_bake.TestProtoDemo" name="test_level2" time="0.884" />
    <testcase classname="tests_016.test_sapling.TestSaplingStateCorruption" name="test_push_sapling_state_with_id_is_forbidden" time="11.212" />
    <testcase classname="tests_016.test_sapling.TestSaplingStateCorruption" name="test_originate_with_empty" time="1.018" />
    <testcase classname="tests_016.test_sapling.TestSaplingStateCorruption" name="test_originate_with_id_is_forbidden" time="0.922" />
    <testcase classname="tests_015.test_contract_baker.TestOriginationCall" name="test_originate" time="7.684" />
    <testcase classname="tests_015.test_contract_baker.TestOriginationCall" name="test_call" time="1.488" />
    <testcase classname="tests_015.test_contract_baker.TestOriginationCall" name="test_balance" time="0.957" />
    <testcase classname="tests_015.test_contract_baker.TestOriginationCall" name="test_query_storage" time="0.901" />
    <testcase classname="tests_015.test_fork.TestFork" name="test_init" time="17.516" />
    <testcase classname="tests_015.test_fork.TestFork" name="test_level" time="1.440" />
    <testcase classname="tests_015.test_fork.TestFork" name="test_terminate_nodes_1_and_2" time="0.001" />
    <testcase classname="tests_015.test_fork.TestFork" name="test_bake_node_0" time="0.681" />
    <testcase classname="tests_015.test_fork.TestFork" name="test_endorse_node_0" time="8.683" />
    <testcase classname="tests_015.test_fork.TestFork" name="test_bake_node_0_again" time="0.512" />
    <testcase classname="tests_015.test_fork.TestFork" name="test_first_branch" time="41.487" />
    <testcase classname="tests_015.test_fork.TestFork" name="test_terminate_node_0" time="0.001" />
    <testcase classname="tests_015.test_fork.TestFork" name="test_restart_node_2" time="1.491" />
    <testcase classname="tests_015.test_fork.TestFork" name="test_bake_node_2" time="0.521" />
    <testcase classname="tests_015.test_fork.TestFork" name="test_bake_node_2_again" time="0.525" />
    <testcase classname="tests_015.test_fork.TestFork" name="test_second_branch" time="42.185" />
    <testcase classname="tests_015.test_fork.TestFork" name="test_restart_all" time="2.970" />
    <testcase classname="tests_015.test_fork.TestFork" name="test_check_head" time="86.627" />
    <testcase classname="tests_016.test_sapling.TestSaplingDifferentMemosize" name="test_shield_with_different_memo_size" time="15.130" />
    <testcase classname="tests_alpha.test_contract_macros.TestBigmap" name="test_bigmap" time="15.131" />
    <testcase classname="tests_alpha.test_contract_macros.TestBigmapGetAdd" name="test_bigmap" time="13.410" />
    <testcase classname="tests_alpha.test_multisig.TestUnsupportedMultisig" name="test_deploy_nonmultisig" time="7.425" />
    <testcase classname="tests_alpha.test_proto_demo_noops_manual_bake.TestProtoDemo" name="test_proto_known" time="5.692" />
    <testcase classname="tests_alpha.test_proto_demo_noops_manual_bake.TestProtoDemo" name="test_first_protocol" time="0.436" />
    <testcase classname="tests_alpha.test_proto_demo_noops_manual_bake.TestProtoDemo" name="test_activate_proto" time="0.443" />
    <testcase classname="tests_alpha.test_proto_demo_noops_manual_bake.TestProtoDemo" name="test_level1" time="0.434" />
    <testcase classname="tests_alpha.test_proto_demo_noops_manual_bake.TestProtoDemo" name="test_protocol_genesis" time="0.437" />
    <testcase classname="tests_alpha.test_proto_demo_noops_manual_bake.TestProtoDemo" name="test_manual_bake" time="2.307" />
    <testcase classname="tests_alpha.test_proto_demo_noops_manual_bake.TestProtoDemo" name="test_level2" time="0.802" />
    <testcase classname="tests_alpha.test_client_without_node.TestImportKeyMnemonic" name="test_import_simple" time="7.202" />
    <testcase classname="tests_alpha.test_client_without_node.TestImportKeyMnemonic" name="test_import_already_present_alias" time="0.968" />
    <testcase classname="tests_alpha.test_client_without_node.TestImportKeyMnemonic" name="test_import_passphrase" time="0.960" />
    <testcase classname="tests_alpha.test_client_without_node.TestImportKeyMnemonic" name="test_encrypted" time="1.532" />
    <testcase classname="tests_alpha.test_client_without_node.TestImportKeyMnemonic" name="test_gen_key_from_menmonic_bad_mnemonic" time="0.900" />
    <testcase classname="tests_alpha.test_client_without_node.TestConfigValid" name="test_config_node_port" time="1.900" />
    <testcase classname="tests_alpha.test_client_without_node.TestConfigValid" name="test_config_web_port" time="1.904" />
    <testcase classname="tests_alpha.test_contract_annotations.TestAnnotations" name="test_annotation_length_success" time="6.884" />
    <testcase classname="tests_alpha.test_contract_annotations.TestAnnotations" name="test_annotation_length_failure" time="0.568" />
    <testcase classname="tests_alpha.test_contract_annotations.TestAnnotations" name="test_field_annotation_in_type_alphabetic" time="0.523" />
    <testcase classname="tests_alpha.test_contract_annotations.TestAnnotations" name="test_field_annotation_in_type_numeral" time="0.591" />
    <testcase classname="tests_alpha.test_contract_annotations.TestAnnotations" name="test_field_annotation_in_type_invalid_character" time="0.470" />
    <testcase classname="tests_alpha.test_contract_annotations.TestAnnotations" name="test_field_annotation_in_instruction_alphabetic" time="0.491" />
    <testcase classname="tests_alpha.test_contract_annotations.TestAnnotations" name="test_field_annotation_in_instruction_numeral" time="0.473" />
    <testcase classname="tests_alpha.test_contract_annotations.TestAnnotations" name="test_field_annotation_in_instruction_invalid_character" time="0.494" />
    <testcase classname="tests_alpha.test_contract_annotations.TestAnnotations" name="test_field_annotation_in_root_alphabetic_legacy" time="0.475" />
    <testcase classname="tests_alpha.test_contract_annotations.TestAnnotations" name="test_field_annotation_in_root_numeral_legacy" time="0.493" />
    <testcase classname="tests_alpha.test_contract_annotations.TestAnnotations" name="test_field_annotation_in_root_alphabetic" time="0.476" />
    <testcase classname="tests_alpha.test_contract_annotations.TestAnnotations" name="test_field_annotation_in_root_numeral" time="0.489" />
    <testcase classname="tests_alpha.test_contract_annotations.TestAnnotations" name="test_field_annotation_in_root_invalid_character" time="0.533" />
    <testcase classname="tests_alpha.test_contract_annotations.TestAnnotations" name="test_field_annotation_in_root_type_alphabetic" time="0.485" />
    <testcase classname="tests_alpha.test_contract_annotations.TestAnnotations" name="test_field_annotation_in_root_type_numeral" time="0.477" />
    <testcase classname="tests_alpha.test_contract_annotations.TestAnnotations" name="test_field_annotation_in_root_type_invalid_character" time="0.917" />
    <testcase classname="tests_alpha.test_proto_demo_counter.TestProtoDemo" name="test_proto_known" time="6.436" />
    <testcase classname="tests_alpha.test_proto_demo_counter.TestProtoDemo" name="test_proto_client_known" time="0.474" />
    <testcase classname="tests_alpha.test_proto_demo_counter.TestProtoDemo" name="test_first_protocol" time="0.476" />
    <testcase classname="tests_alpha.test_proto_demo_counter.TestProtoDemo" name="test_activate_proto" time="0.479" />
    <testcase classname="tests_alpha.test_proto_demo_counter.TestProtoDemo" name="test_level1" time="0.492" />
    <testcase classname="tests_alpha.test_proto_demo_counter.TestProtoDemo" name="test_protocol_genesis" time="0.474" />
    <testcase classname="tests_alpha.test_proto_demo_counter.TestProtoDemo" name="test_bake_command" time="1.477" />
    <testcase classname="tests_alpha.test_proto_demo_counter.TestProtoDemo" name="test_level2" time="0.531" />
    <testcase classname="tests_alpha.test_proto_demo_counter.TestProtoDemo" name="test_inject_operations" time="1.594" />
    <testcase classname="tests_alpha.test_proto_demo_counter.TestProtoDemo" name="test_mempool" time="0.524" />
    <testcase classname="tests_alpha.test_proto_demo_counter.TestProtoDemo" name="test_bake_command_2" time="1.477" />
    <testcase classname="tests_alpha.test_proto_demo_counter.TestProtoDemo" name="test_level3" time="0.478" />
    <testcase classname="tests_alpha.test_proto_demo_counter.TestProtoDemo" name="test_rpc_counter_a" time="0.473" />
    <testcase classname="tests_alpha.test_proto_demo_counter.TestProtoDemo" name="test_rpc_counter_b" time="0.479" />
    <testcase classname="tests_alpha.test_proto_demo_counter.TestProtoDemo" name="test_get_counter_commands" time="1.366" />
    <testcase classname="tests_alpha.test_baker_operations_cli_options.TestIgnoreNodeMempool" name="test_ignore" time="8.321" />
    <testcase classname="tests_alpha.test_baker_operations_cli_options.TestIgnoreNodeMempool" name="test_no_ignore" time="2.274" />
    <testcase classname="tests_alpha.test_client.TestSimulation" name="test_transfer_simulation" time="7.912" />
    <testcase classname="tests_alpha.test_client.TestSimulation" name="test_transfer_without_simulation" time="0.462" />
    <testcase classname="tests_alpha.test_client.TestSimulation" name="test_delegate_simulation" time="2.857" />
    <testcase classname="tests_alpha.test_client.TestSimulation" name="test_delegate_without_simulation" time="0.890" />
    <testcase classname="tests_alpha.test_client_without_node.TestConfigInit" name="test_config_init[None]" time="0.470" />
    <testcase classname="tests_alpha.test_client_without_node.TestConfigInit" name="test_config_init[config_dict1]" time="0.467" />
    <testcase classname="tests_alpha.test_client_without_node.TestConfigInit" name="test_config_init_roundtrip[None]" time="1.382" />
    <testcase classname="tests_alpha.test_client_without_node.TestConfigInit" name="test_config_init_roundtrip[config_dict1]" time="0.461" />
    <testcase classname="tests_alpha.test_contract_macros.TestMacroExpansion" name="test_macro_expansion[macros/assert.tz]" time="6.451" />
    <testcase classname="tests_alpha.test_contract_macros.TestMacroExpansion" name="test_macro_expansion[macros/assert_cmpeq.tz]" time="0.483" />
    <testcase classname="tests_alpha.test_contract_macros.TestMacroExpansion" name="test_macro_expansion[macros/assert_cmpge.tz]" time="0.479" />
    <testcase classname="tests_alpha.test_contract_macros.TestMacroExpansion" name="test_macro_expansion[macros/assert_cmpgt.tz]" time="0.482" />
    <testcase classname="tests_alpha.test_contract_macros.TestMacroExpansion" name="test_macro_expansion[macros/assert_cmple.tz]" time="0.485" />
    <testcase classname="tests_alpha.test_contract_macros.TestMacroExpansion" name="test_macro_expansion[macros/assert_cmplt.tz]" time="0.482" />
    <testcase classname="tests_alpha.test_contract_macros.TestMacroExpansion" name="test_macro_expansion[macros/assert_cmpneq.tz]" time="0.481" />
    <testcase classname="tests_alpha.test_contract_macros.TestMacroExpansion" name="test_macro_expansion[macros/assert_eq.tz]" time="0.480" />
    <testcase classname="tests_alpha.test_contract_macros.TestMacroExpansion" name="test_macro_expansion[macros/assert_ge.tz]" time="0.481" />
    <testcase classname="tests_alpha.test_contract_macros.TestMacroExpansion" name="test_macro_expansion[macros/assert_gt.tz]" time="0.482" />
    <testcase classname="tests_alpha.test_contract_macros.TestMacroExpansion" name="test_macro_expansion[macros/assert_le.tz]" time="0.496" />
    <testcase classname="tests_alpha.test_contract_macros.TestMacroExpansion" name="test_macro_expansion[macros/assert_lt.tz]" time="0.481" />
    <testcase classname="tests_alpha.test_contract_macros.TestMacroExpansion" name="test_macro_expansion[macros/assert_neq.tz]" time="0.482" />
    <testcase classname="tests_alpha.test_contract_macros.TestMacroExpansion" name="test_macro_expansion[macros/big_map_get_add.tz]" time="0.481" />
    <testcase classname="tests_alpha.test_contract_macros.TestMacroExpansion" name="test_macro_expansion[macros/big_map_mem.tz]" time="0.480" />
    <testcase classname="tests_alpha.test_contract_macros.TestMacroExpansion" name="test_macro_expansion[macros/build_list.tz]" time="0.481" />
    <testcase classname="tests_alpha.test_contract_macros.TestMacroExpansion" name="test_macro_expansion[macros/carn_and_cdrn.tz]" time="0.482" />
    <testcase classname="tests_alpha.test_contract_macros.TestMacroExpansion" name="test_macro_expansion[macros/compare.tz]" time="0.485" />
    <testcase classname="tests_alpha.test_contract_macros.TestMacroExpansion" name="test_macro_expansion[macros/compare_bytes.tz]" time="0.481" />
    <testcase classname="tests_alpha.test_contract_macros.TestMacroExpansion" name="test_macro_expansion[macros/fail.tz]" time="0.480" />
    <testcase classname="tests_alpha.test_contract_macros.TestMacroExpansion" name="test_macro_expansion[macros/guestbook.tz]" time="0.482" />
    <testcase classname="tests_alpha.test_contract_macros.TestMacroExpansion" name="test_macro_expansion[macros/macro_annotations.tz]" time="0.482" />
    <testcase classname="tests_alpha.test_contract_macros.TestMacroExpansion" name="test_macro_expansion[macros/map_caddaadr.tz]" time="0.484" />
    <testcase classname="tests_alpha.test_contract_macros.TestMacroExpansion" name="test_macro_expansion[macros/max_in_list.tz]" time="0.481" />
    <testcase classname="tests_alpha.test_contract_macros.TestMacroExpansion" name="test_macro_expansion[macros/min.tz]" time="0.484" />
    <testcase classname="tests_alpha.test_contract_macros.TestMacroExpansion" name="test_macro_expansion[macros/pair_macro.tz]" time="0.488" />
    <testcase classname="tests_alpha.test_contract_macros.TestMacroExpansion" name="test_macro_expansion[macros/set_caddaadr.tz]" time="0.484" />
    <testcase classname="tests_alpha.test_contract_macros.TestMacroExpansion" name="test_macro_expansion[macros/take_my_money.tz]" time="0.483" />
    <testcase classname="tests_alpha.test_contract_macros.TestMacroExpansion" name="test_macro_expansion[macros/unpair_macro.tz]" time="0.905" />
    <testcase classname="tests_alpha.test_client_without_node.TestStopLoopPassword" name="test_stops_after_three_tries[\n\n\n]" time="8.260" />
    <testcase classname="tests_alpha.test_client_without_node.TestStopLoopPassword" name="test_stops_after_three_tries[\n\n\nign]" time="0.774" />
    <testcase classname="tests_alpha.test_client_without_node.TestStopLoopPassword" name="test_stops_after_three_tries[\n\n\npassword]" time="0.775" />
    <testcase classname="tests_alpha.test_client_without_node.TestStopLoopPassword" name="test_password_succeed_before_three_tries[password\n]" time="0.681" />
    <testcase classname="tests_alpha.test_client_without_node.TestStopLoopPassword" name="test_password_succeed_before_three_tries[\npassword\n]" time="0.779" />
    <testcase classname="tests_alpha.test_client_without_node.TestStopLoopPassword" name="test_password_succeed_before_three_tries[\n\npassword\n]" time="1.304" />
    <testcase classname="tests_alpha.test_contract_macros.TestGuestBook" name="test_guestbook" time="10.152" />
    <testcase classname="tests_alpha.test_multiple_transfers.TestMultipleTransfers" name="test_empty" time="6.414" />
    <testcase classname="tests_alpha.test_multiple_transfers.TestMultipleTransfers" name="test_transfer_json_to_entrypoint_with_args[bootstrap2-manager]" time="4.780" />
    <testcase classname="tests_alpha.test_multiple_transfers.TestMultipleTransfers" name="test_transfer_json_to_entrypoint_with_args[bootstrap4-bootstrap4]" time="2.800" />
    <testcase classname="tests_alpha.test_multiple_transfers.TestMultipleTransfers" name="test_multiple_transfers[bootstrap2-manager]" time="3.723" />
    <testcase classname="tests_alpha.test_multiple_transfers.TestMultipleTransfers" name="test_multiple_transfers[bootstrap4-bootstrap4]" time="4.142" />
    <testcase classname="tests_alpha.test_basic.TestRememberContract" name="test_non_originated_contract_no_forcing_not_saved_before[test-KT1BuEZtb68c1Q4yjtckcNjGELqWt56Xyesc]" time="6.448" />
    <testcase classname="tests_alpha.test_basic.TestRememberContract" name="test_non_originated_contract_no_forcing_not_saved_before[test-2-KT1TZCh8fmUbuDqFxetPWC2fsQanAHzLx4W9]" time="0.463" />
    <testcase classname="tests_alpha.test_basic.TestRememberContract" name="test_non_originated_contract_with_forcing_and_saved_before[test-KT1BuEZtb68c1Q4yjtckcNjGELqWt56Xyesc]" time="0.459" />
    <testcase classname="tests_alpha.test_basic.TestRememberContract" name="test_non_originated_contract_with_forcing_and_saved_before[test-2-KT1TZCh8fmUbuDqFxetPWC2fsQanAHzLx4W9]" time="0.459" />
    <testcase classname="tests_alpha.test_basic.TestRememberContract" name="test_non_originated_contract_no_forcing_and_saved_before[test-KT1BuEZtb68c1Q4yjtckcNjGELqWt56Xyesc]" time="0.460" />
    <testcase classname="tests_alpha.test_basic.TestRememberContract" name="test_non_originated_contract_no_forcing_and_saved_before[test-2-KT1TZCh8fmUbuDqFxetPWC2fsQanAHzLx4W9]" time="0.462" />
    <testcase classname="tests_alpha.test_basic.TestRememberContract" name="test_operation_size_originate_byte_contract" time="1.935" />
    <testcase classname="tests_alpha.test_basic.TestRememberContract" name="test_operation_size_small" time="0.998" />
    <testcase classname="tests_alpha.test_basic.TestRememberContract" name="test_operation_size_medium" time="1.294" />
    <testcase classname="tests_alpha.test_basic.TestRememberContract" name="test_operation_size_oversized" time="0.547" />
    <testcase classname="tests_alpha.test_basic.TestRememberContract" name="test_operation_size_originate_munch_contract" time="1.941" />
    <testcase classname="tests_alpha.test_basic.TestRememberContract" name="test_operation_size_with_lambda_ok" time="2.787" />
    <testcase classname="tests_alpha.test_basic.TestRememberContract" name="test_operation_size_with_lambda_fail" time="2.922" />
    <testcase classname="tests_alpha.test_basic.TestRememberContract" name="test_operation_size_with_list_ok" time="1.912" />
    <testcase classname="tests_alpha.test_basic.TestRememberContract" name="test_operation_size_with_list_syntax_error" time="0.643" />
    <testcase classname="tests_alpha.test_basic.TestRememberContract" name="test_operation_size_with_list_ill_typed" time="0.724" />
    <testcase classname="tests_alpha.test_basic.TestRememberContract" name="test_operation_size_with_list_fail" time="1.253" />
    <testcase classname="tests_alpha.test_client_without_node.TestConfigShow" name="test_config_show[None]" time="0.458" />
    <testcase classname="tests_alpha.test_client_without_node.TestConfigShow" name="test_config_show[config_dict1]" time="0.463" />
    <testcase classname="tests_alpha.test_client_without_node.TestConfigShow" name="test_config_show_roundtrip[cmd_line_args0-None]" time="0.919" />
    <testcase classname="tests_alpha.test_client_without_node.TestConfigShow" name="test_config_show_roundtrip[cmd_line_args0-config_dict1]" time="0.921" />
    <testcase classname="tests_alpha.test_client_without_node.TestConfigShow" name="test_config_show_roundtrip[cmd_line_args1-None]" time="0.919" />
    <testcase classname="tests_alpha.test_client_without_node.TestConfigShow" name="test_config_show_roundtrip[cmd_line_args1-config_dict1]" time="0.916" />
    <testcase classname="tests_alpha.test_contract_onchain_opcodes.TestContractOnchainLevel" name="test_level" time="12.643" />
    <testcase classname="tests_alpha.test_binaries.TestBinaries" name="test_version" time="2.906" />
    <testcase classname="tests_alpha.test_contract_baker.TestOriginationCall" name="test_originate" time="7.427" />
    <testcase classname="tests_alpha.test_contract_baker.TestOriginationCall" name="test_call" time="1.422" />
    <testcase classname="tests_alpha.test_contract_baker.TestOriginationCall" name="test_balance" time="0.922" />
    <testcase classname="tests_alpha.test_contract_baker.TestOriginationCall" name="test_query_storage" time="0.881" />
    <testcase classname="tests_alpha.test_contract_macros.TestContractMacros" name="test_contract_input_output[build_list-{}-0-{ 0 }]" time="6.435" />
    <testcase classname="tests_alpha.test_contract_macros.TestContractMacros" name="test_contract_input_output[build_list-{}-3-{ 0 ; 1 ; 2 ; 3 }]" time="0.482" />
    <testcase classname="tests_alpha.test_contract_macros.TestContractMacros" name="test_contract_input_output[build_list-{}-10-{ 0 ; 1 ; 2 ; 3 ; 4 ; 5 ; 6 ; 7 ; 8 ; 9 ; 10 }]" time="0.482" />
    <testcase classname="tests_alpha.test_contract_macros.TestContractMacros" name="test_contract_input_output[max_in_list-None-{}-None]" time="0.487" />
    <testcase classname="tests_alpha.test_contract_macros.TestContractMacros" name="test_contract_input_output[max_in_list-None-{ 1 }-(Some 1)]" time="0.485" />
    <testcase classname="tests_alpha.test_contract_macros.TestContractMacros" name="test_contract_input_output[max_in_list-None-{ -1 }-(Some -1)]" time="0.485" />
    <testcase classname="tests_alpha.test_contract_macros.TestContractMacros" name="test_contract_input_output[max_in_list-None-{ 10 ; -1 ; -20 ; 100 ; 0 }-(Some 100)0]" time="0.489" />
    <testcase classname="tests_alpha.test_contract_macros.TestContractMacros" name="test_contract_input_output[max_in_list-None-{ 10 ; -1 ; -20 ; 100 ; 0 }-(Some 100)1]" time="0.481" />
    <testcase classname="tests_alpha.test_contract_macros.TestContractMacros" name="test_contract_input_output[max_in_list-None-{ -10 ; -1 ; -20 ; -100 }-(Some -1)]" time="0.482" />
    <testcase classname="tests_alpha.test_contract_macros.TestContractMacros" name="test_contract_input_output[compare-{}-(Pair 1000000 2000000)-{ False ; False ; True ; False ; True }]" time="0.481" />
    <testcase classname="tests_alpha.test_contract_macros.TestContractMacros" name="test_contract_input_output[compare-{}-(Pair 2000000 1000000)-{ False ; True ; False ; True ; False }]" time="0.483" />
    <testcase classname="tests_alpha.test_contract_macros.TestContractMacros" name="test_contract_input_output[compare-{}-(Pair 2370000 2370000)-{ True ; False ; False ; True ; True }]" time="0.481" />
    <testcase classname="tests_alpha.test_contract_macros.TestContractMacros" name="test_contract_input_output[assert-Unit-True-Unit]" time="0.482" />
    <testcase classname="tests_alpha.test_contract_macros.TestContractMacros" name="test_contract_input_output[assert_eq-Unit-(Pair -1 -1)-Unit0]" time="0.484" />
    <testcase classname="tests_alpha.test_contract_macros.TestContractMacros" name="test_contract_input_output[assert_eq-Unit-(Pair -1 -1)-Unit1]" time="0.484" />
    <testcase classname="tests_alpha.test_contract_macros.TestContractMacros" name="test_contract_input_output[assert_neq-Unit-(Pair 0 -1)-Unit]" time="0.483" />
    <testcase classname="tests_alpha.test_contract_macros.TestContractMacros" name="test_contract_input_output[assert_lt-Unit-(Pair -1 0)-Unit]" time="0.481" />
    <testcase classname="tests_alpha.test_contract_macros.TestContractMacros" name="test_contract_input_output[assert_le-Unit-(Pair 0 0)-Unit]" time="0.479" />
    <testcase classname="tests_alpha.test_contract_macros.TestContractMacros" name="test_contract_input_output[assert_le-Unit-(Pair -1 0)-Unit]" time="0.482" />
    <testcase classname="tests_alpha.test_contract_macros.TestContractMacros" name="test_contract_input_output[assert_gt-Unit-(Pair 0 -1)-Unit]" time="0.484" />
    <testcase classname="tests_alpha.test_contract_macros.TestContractMacros" name="test_contract_input_output[assert_ge-Unit-(Pair 0 0)-Unit]" time="0.479" />
    <testcase classname="tests_alpha.test_contract_macros.TestContractMacros" name="test_contract_input_output[assert_ge-Unit-(Pair 0 -1)-Unit]" time="0.501" />
    <testcase classname="tests_alpha.test_contract_macros.TestContractMacros" name="test_contract_input_output[assert_cmpeq-Unit-(Pair -1 -1)-Unit]" time="0.481" />
    <testcase classname="tests_alpha.test_contract_macros.TestContractMacros" name="test_contract_input_output[assert_cmpneq-Unit-(Pair 0 -1)-Unit]" time="0.500" />
    <testcase classname="tests_alpha.test_contract_macros.TestContractMacros" name="test_contract_input_output[assert_cmplt-Unit-(Pair -1 0)-Unit]" time="0.483" />
    <testcase classname="tests_alpha.test_contract_macros.TestContractMacros" name="test_contract_input_output[assert_cmple-Unit-(Pair -1 0)-Unit]" time="0.483" />
    <testcase classname="tests_alpha.test_contract_macros.TestContractMacros" name="test_contract_input_output[assert_cmple-Unit-(Pair 0 0)-Unit]" time="0.481" />
    <testcase classname="tests_alpha.test_contract_macros.TestContractMacros" name="test_contract_input_output[assert_cmpgt-Unit-(Pair 0 -1)-Unit]" time="0.483" />
    <testcase classname="tests_alpha.test_contract_macros.TestContractMacros" name="test_contract_input_output[assert_cmpge-Unit-(Pair 0 -1)-Unit]" time="0.481" />
    <testcase classname="tests_alpha.test_contract_macros.TestContractMacros" name="test_contract_input_output[assert_cmpge-Unit-(Pair 0 0)-Unit]" time="0.482" />
    <testcase classname="tests_alpha.test_contract_macros.TestContractMacros" name="test_contract_input_output[set_caddaadr-(Pair (Pair 1 2 (Pair (Pair 3 0) 4) 5) 6)-3000000-(Pair (Pair 1 2 (Pair (Pair 3 3000000) 4) 5) 6)]" time="0.483" />
    <testcase classname="tests_alpha.test_contract_macros.TestContractMacros" name="test_contract_input_output[map_caddaadr-(Pair (Pair 1 2 (Pair (Pair 3 0) 4) 5) 6)-Unit-(Pair (Pair 1 2 (Pair (Pair 3 1000000) 4) 5) 6)]" time="0.481" />
    <testcase classname="tests_alpha.test_contract_macros.TestContractMacros" name="test_contract_input_output[compare_bytes-{}-(Pair 0x33 0x34)-{ False ; False ; True ; False ; True }]" time="0.484" />
    <testcase classname="tests_alpha.test_contract_macros.TestContractMacros" name="test_contract_input_output[compare_bytes-{}-(Pair 0x33 0x33aa)-{ False ; False ; True ; False ; True }]" time="0.482" />
    <testcase classname="tests_alpha.test_contract_macros.TestContractMacros" name="test_contract_input_output[compare_bytes-{}-(Pair 0x33 0x33)-{ True ; False ; False ; True ; True }]" time="0.484" />
    <testcase classname="tests_alpha.test_contract_macros.TestContractMacros" name="test_contract_input_output[compare_bytes-{}-(Pair 0x34 0x33)-{ False ; True ; False ; True ; False }]" time="0.481" />
    <testcase classname="tests_alpha.test_contract_macros.TestContractMacros" name="test_contract_failures[assert-Unit-False]" time="0.487" />
    <testcase classname="tests_alpha.test_contract_macros.TestContractMacros" name="test_contract_failures[assert_eq-Unit-(Pair 0 -1)0]" time="0.483" />
    <testcase classname="tests_alpha.test_contract_macros.TestContractMacros" name="test_contract_failures[assert_eq-Unit-(Pair 0 -1)1]" time="0.483" />
    <testcase classname="tests_alpha.test_contract_macros.TestContractMacros" name="test_contract_failures[assert_neq-Unit-(Pair -1 -1)]" time="0.482" />
    <testcase classname="tests_alpha.test_contract_macros.TestContractMacros" name="test_contract_failures[assert_lt-Unit-(Pair 0 -1)]" time="0.486" />
    <testcase classname="tests_alpha.test_contract_macros.TestContractMacros" name="test_contract_failures[assert_lt-Unit-(Pair 0 0)]" time="0.481" />
    <testcase classname="tests_alpha.test_contract_macros.TestContractMacros" name="test_contract_failures[assert_le-Unit-(Pair 0 -1)]" time="0.480" />
    <testcase classname="tests_alpha.test_contract_macros.TestContractMacros" name="test_contract_failures[assert_gt-Unit-(Pair -1 0)]" time="0.481" />
    <testcase classname="tests_alpha.test_contract_macros.TestContractMacros" name="test_contract_failures[assert_gt-Unit-(Pair 0 0)]" time="0.485" />
    <testcase classname="tests_alpha.test_contract_macros.TestContractMacros" name="test_contract_failures[assert_ge-Unit-(Pair -1 0)]" time="0.484" />
    <testcase classname="tests_alpha.test_contract_macros.TestContractMacros" name="test_contract_failures[assert_cmpeq-Unit-(Pair 0 -1)]" time="0.481" />
    <testcase classname="tests_alpha.test_contract_macros.TestContractMacros" name="test_contract_failures[assert_cmpneq-Unit-(Pair -1 -1)]" time="0.485" />
    <testcase classname="tests_alpha.test_contract_macros.TestContractMacros" name="test_contract_failures[assert_cmplt-Unit-(Pair 0 0)]" time="0.479" />
    <testcase classname="tests_alpha.test_contract_macros.TestContractMacros" name="test_contract_failures[assert_cmplt-Unit-(Pair 0 -1)]" time="0.484" />
    <testcase classname="tests_alpha.test_contract_macros.TestContractMacros" name="test_contract_failures[assert_cmple-Unit-(Pair 0 -1)]" time="0.480" />
    <testcase classname="tests_alpha.test_contract_macros.TestContractMacros" name="test_contract_failures[assert_cmpgt-Unit-(Pair 0 0)]" time="0.482" />
    <testcase classname="tests_alpha.test_contract_macros.TestContractMacros" name="test_contract_failures[assert_cmpgt-Unit-(Pair -1 0)]" time="0.480" />
    <testcase classname="tests_alpha.test_contract_macros.TestContractMacros" name="test_contract_failures[assert_cmpge-Unit-(Pair -1 0)]" time="0.904" />
    <testcase classname="tests_alpha.test_tls.TestTLS" name="test_bootstrapped" time="0.005">
      <skipped type="pytest.skip" message="requires to install a custom CA">/builds/tezos/tezos/tests_python/tests_alpha/test_tls.py:22: requires to install a custom CA</skipped>
    </testcase>
    <testcase classname="tests_alpha.test_contract_onchain_opcodes.TestContractBigMapOrigination" name="test_big_map_origination_literal" time="6.984" />
    <testcase classname="tests_alpha.test_contract_onchain_opcodes.TestContractBigMapOrigination" name="test_big_map_origination_id" time="0.475" />
    <testcase classname="tests_alpha.test_contract_onchain_opcodes.TestContractBigMapOrigination" name="test_big_map_origination_diff" time="0.468" />
    <testcase classname="tests_alpha.test_contract_onchain_opcodes.TestContractBigMapOrigination" name="test_big_map_transfer_id" time="0.471" />
    <testcase classname="tests_alpha.test_contract_onchain_opcodes.TestContractBigMapOrigination" name="test_big_map_transfer_diff" time="0.889" />
    <testcase classname="tests_alpha.test_voting.TestManualBaking" name="test_current_period" time="6.931" />
    <testcase classname="tests_alpha.test_voting.TestManualBaking" name="test_succ_period" time="0.463" />
    <testcase classname="tests_alpha.test_voting.TestManualBaking" name="test_level_info_offset" time="1.383" />
    <testcase classname="tests_alpha.test_voting.TestManualBaking" name="test_bake_two_blocks" time="1.911" />
    <testcase classname="tests_alpha.test_voting.TestManualBaking" name="test_last_block_of_proposal_period" time="0.956" />
    <testcase classname="tests_alpha.test_voting.TestManualBaking" name="test_listing_is_not_empty" time="0.466" />
    <testcase classname="tests_alpha.test_voting.TestManualBaking" name="test_inject_proto1" time="3.324" />
    <testcase classname="tests_alpha.test_voting.TestManualBaking" name="test_known_protocol" time="0.463" />
    <testcase classname="tests_alpha.test_voting.TestManualBaking" name="test_proposals_is_empty" time="0.463" />
    <testcase classname="tests_alpha.test_voting.TestManualBaking" name="test_show_voting_period2" time="0.468" />
    <testcase classname="tests_alpha.test_voting.TestManualBaking" name="test_bake_first_block_of_proposal_period" time="0.957" />
    <testcase classname="tests_alpha.test_voting.TestManualBaking" name="test_submit_proposals" time="1.892" />
    <testcase classname="tests_alpha.test_voting.TestManualBaking" name="test_bake_one_block" time="0.964" />
    <testcase classname="tests_alpha.test_voting.TestManualBaking" name="test_proposals_is_not_empty" time="0.463" />
    <testcase classname="tests_alpha.test_voting.TestManualBaking" name="test_bake_until_prev_last_block_of_voting_period" time="0.962" />
    <testcase classname="tests_alpha.test_voting.TestManualBaking" name="test_break_proposal_tie" time="0.479" />
    <testcase classname="tests_alpha.test_voting.TestManualBaking" name="test_bake_last_block_of_proposal_period" time="1.944" />
    <testcase classname="tests_alpha.test_voting.TestManualBaking" name="test_listing_is_not_empty2" time="0.472" />
    <testcase classname="tests_alpha.test_voting.TestManualBaking" name="test_current_proposal" time="0.471" />
    <testcase classname="tests_alpha.test_voting.TestManualBaking" name="test_bake_first_block_of_cooldown_vote_period" time="0.967" />
    <testcase classname="tests_alpha.test_voting.TestManualBaking" name="test_submit_ballot" time="1.434" />
    <testcase classname="tests_alpha.test_voting.TestManualBaking" name="test_bake_until_prev_last_block_of_voting_period2" time="1.942" />
    <testcase classname="tests_alpha.test_voting.TestManualBaking" name="test_submit_failing_ballot" time="0.484" />
    <testcase classname="tests_alpha.test_voting.TestManualBaking" name="test_level_info_offset2" time="1.411" />
    <testcase classname="tests_alpha.test_voting.TestManualBaking" name="test_bake_first_block_of_new_proposal_period" time="5.188" />
    <testcase classname="tests_alpha.test_p2p.TestTrustedRing" name="test_init" time="13.726" />
    <testcase classname="tests_alpha.test_p2p.TestTrustedRing" name="test_no_peers" time="2.464" />
    <testcase classname="tests_alpha.test_p2p.TestTrustedRing" name="test_add_peers" time="2.286" />
    <testcase classname="tests_alpha.test_p2p.TestTrustedRing" name="test_check_clique" time="2.301" />
    <testcase classname="tests_alpha.test_p2p.TestTrustedRing" name="test_check_tables" time="4.622" />
    <testcase classname="tests_alpha.test_p2p.TestTrustedRing" name="test_set_expected_peers" time="4.599" />
    <testcase classname="tests_alpha.test_p2p.TestTrustedRing" name="test_expected_peers" time="4.594" />
    <testcase classname="tests_alpha.test_p2p.TestTrustedRing" name="test_wrong_expected_peer" time="4.593" />
    <testcase classname="tests_alpha.test_p2p.TestTrustedRing" name="test_check_stat_with_wrong_expected_peers" time="6.693" />
    <testcase classname="tests_alpha.test_basic.TestRawContext" name="test_delegates" time="6.558" />
    <testcase classname="tests_alpha.test_basic.TestRawContext" name="test_no_service_1" time="0.469" />
    <testcase classname="tests_alpha.test_basic.TestRawContext" name="test_no_service_2" time="0.470" />
    <testcase classname="tests_alpha.test_basic.TestRawContext" name="test_no_service_3" time="0.475" />
    <testcase classname="tests_alpha.test_basic.TestRawContext" name="test_bake" time="0.502" />
    <testcase classname="tests_alpha.test_basic.TestRawContext" name="test_sign_message[bootstrap1-msg1-edsigtz68o4FdbpvycnAMDLaa7hpmmhjDxhx4Zu3QWHLYJtcY1mVhW9m6CCvsciFXwf1zLmah8fJP51cqaeaciBPGy5osH11AnR]" time="0.470" />
    <testcase classname="tests_alpha.test_basic.TestRawContext" name="test_sign_message[bootstrap2-msg2-edsigtZqhR5SW6vbRSmqwzfS1KiJZLYLeFhLcCEw7WxjBDxotVx83M2rLe4Baq52SUTjxfXhQ5J3TabCwqt78kNpoU8j42GDEk4]" time="0.469" />
    <testcase classname="tests_alpha.test_basic.TestRawContext" name="test_sign_message[bootstrap3-msg3-edsigu2PvAWxVYY3jQFVfBRW2Dg61xZMNesHiNbwCTmpJSyfcJMW8Ch9WABHqsgHQRBaSs6zZNHVGXfHSBnGCxT9x2b49L2zpMW]" time="0.491" />
    <testcase classname="tests_alpha.test_basic.TestRawContext" name="test_sign_message[bootstrap4-msg4-edsigu5jieost8eeD3JwVrpPuSnKzLLvR3aqezLPDTvxC3p41qwBEpxuViKriipxig52NQmJ7AFXTzhM3xgKM2ZaADcSMYWztuJ]" time="0.469" />
    <testcase classname="tests_alpha.test_basic.TestRawContext" name="test_check_message[bootstrap1-msg1-edsigtz68o4FdbpvycnAMDLaa7hpmmhjDxhx4Zu3QWHLYJtcY1mVhW9m6CCvsciFXwf1zLmah8fJP51cqaeaciBPGy5osH11AnR]" time="0.469" />
    <testcase classname="tests_alpha.test_basic.TestRawContext" name="test_check_message[bootstrap2-msg2-edsigtZqhR5SW6vbRSmqwzfS1KiJZLYLeFhLcCEw7WxjBDxotVx83M2rLe4Baq52SUTjxfXhQ5J3TabCwqt78kNpoU8j42GDEk4]" time="0.467" />
    <testcase classname="tests_alpha.test_basic.TestRawContext" name="test_check_message[bootstrap3-msg3-edsigu2PvAWxVYY3jQFVfBRW2Dg61xZMNesHiNbwCTmpJSyfcJMW8Ch9WABHqsgHQRBaSs6zZNHVGXfHSBnGCxT9x2b49L2zpMW]" time="0.467" />
    <testcase classname="tests_alpha.test_basic.TestRawContext" name="test_check_message[bootstrap4-msg4-edsigu5jieost8eeD3JwVrpPuSnKzLLvR3aqezLPDTvxC3p41qwBEpxuViKriipxig52NQmJ7AFXTzhM3xgKM2ZaADcSMYWztuJ]" time="0.471" />
    <testcase classname="tests_alpha.test_basic.TestRawContext" name="test_fail_inject_signed_arbitrary_ope[bootstrap1-msg1-False]" time="7.314" />
    <testcase classname="tests_alpha.test_basic.TestRawContext" name="test_fail_inject_signed_arbitrary_ope[bootstrap2-msg2-False]" time="2.023" />
    <testcase classname="tests_alpha.test_basic.TestRawContext" name="test_fail_inject_signed_arbitrary_ope[bootstrap3-msg3-True]" time="2.009" />
    <testcase classname="tests_alpha.test_basic.TestRawContext" name="test_fail_inject_signed_arbitrary_ope[bootstrap4-msg4-True]" time="2.003" />
    <testcase classname="tests_alpha.test_basic.TestRawContext" name="test_gen_keys" time="1.418" />
    <testcase classname="tests_alpha.test_basic.TestRawContext" name="test_transfers" time="2.965" />
    <testcase classname="tests_alpha.test_basic.TestRawContext" name="test_balances" time="1.405" />
    <testcase classname="tests_alpha.test_basic.TestRawContext" name="test_transfer_bar_foo" time="1.973" />
    <testcase classname="tests_alpha.test_basic.TestRawContext" name="test_balances_bar_foo" time="0.939" />
    <testcase classname="tests_alpha.test_basic.TestRawContext" name="test_transfer_foo_bar" time="1.981" />
    <testcase classname="tests_alpha.test_basic.TestRawContext" name="test_balances_foo_bar" time="0.935" />
    <testcase classname="tests_alpha.test_basic.TestRawContext" name="test_transfer_failure" time="0.486" />
    <testcase classname="tests_alpha.test_basic.TestRawContext" name="test_originate_contract_noop" time="1.957" />
    <testcase classname="tests_alpha.test_basic.TestRawContext" name="test_transfer_to_noop" time="0.990" />
    <testcase classname="tests_alpha.test_basic.TestRawContext" name="test_contract_hardlimit" time="2.985" />
    <testcase classname="tests_alpha.test_basic.TestRawContext" name="test_transfers_bootstraps5_bootstrap1" time="3.872" />
    <testcase classname="tests_alpha.test_basic.TestRawContext" name="test_activate_accounts" time="2.915" />
    <testcase classname="tests_alpha.test_basic.TestRawContext" name="test_transfer_king_queen" time="0.991" />
    <testcase classname="tests_alpha.test_basic.TestRawContext" name="test_duplicate_alias" time="1.357" />
    <testcase classname="tests_alpha.test_baker_operations_cli_options.TestBakerExternalOperations" name="test_init" time="6.066" />
    <testcase classname="tests_alpha.test_baker_operations_cli_options.TestBakerExternalOperations" name="test_gen_operations" time="7.896" />
    <testcase classname="tests_alpha.test_baker_operations_cli_options.TestBakerExternalOperations" name="test_terminate_sandbox" time="1.002" />
    <testcase classname="tests_alpha.test_baker_operations_cli_options.TestBakerExternalOperations" name="test_baker" time="1.573" />
    <testcase classname="tests_alpha.test_baker_operations_cli_options.TestBakerExternalOperations" name="test_wait_until_high_enough_level" time="6.384" />
    <testcase classname="tests_alpha.test_baker_operations_cli_options.TestBakerExternalOperations" name="test_check_block_baked" time="33.325" />
    <testcase classname="tests_alpha.test_baker_operations_cli_options.TestBakerExternalOperations" name="test_check_block_after_baked" time="0.998" />
    <testcase classname="tests_alpha.test_contract_onchain_opcodes.TestContractOnchainOpcodes" name="test_gen_keys" time="6.967" />
    <testcase classname="tests_alpha.test_contract_onchain_opcodes.TestContractOnchainOpcodes" name="test_store_input" time="7.248" />
    <testcase classname="tests_alpha.test_contract_onchain_opcodes.TestContractOnchainOpcodes" name="test_transfer_amount" time="2.451" />
    <testcase classname="tests_alpha.test_contract_onchain_opcodes.TestContractOnchainOpcodes" name="test_now" time="3.385" />
    <testcase classname="tests_alpha.test_contract_onchain_opcodes.TestContractOnchainOpcodes" name="test_transfer_tokens" time="7.325" />
    <testcase classname="tests_alpha.test_contract_onchain_opcodes.TestContractOnchainOpcodes" name="test_self" time="2.925" />
    <testcase classname="tests_alpha.test_contract_onchain_opcodes.TestContractOnchainOpcodes" name="test_contract_fails" time="2.932" />
    <testcase classname="tests_alpha.test_contract_onchain_opcodes.TestContractOnchainOpcodes" name="test_init_proxy" time="1.003" />
    <testcase classname="tests_alpha.test_contract_onchain_opcodes.TestContractOnchainOpcodes" name="test_source" time="4.365" />
    <testcase classname="tests_alpha.test_contract_onchain_opcodes.TestContractOnchainOpcodes" name="test_sender" time="4.847" />
    <testcase classname="tests_alpha.test_contract_onchain_opcodes.TestContractOnchainOpcodes" name="test_slice" time="1.016" />
    <testcase classname="tests_alpha.test_contract_onchain_opcodes.TestContractOnchainOpcodes" name="test_slice_fails[(Pair 0xe009ab79e8b84ef0e55c43a9a857214d8761e67b75ba63500a5694fb2ffe174acc2de22d01ccb7259342437f05e1987949f0ad82e9f32e9a0b79cb252d7f7b8236ad728893f4e7150742eefdbeda254970f9fcd92c6228c178e1a923e5600758eb83f2a05edd0be7625657901f2ba81eaf145d003dbef78e33f43a32a3788bdf0501000000085341554349535345 &quot;p2sigsceCzcDw2AeYDzUonj4JT341WC9Px4wdhHBxbZcG1FhfqFVuG7f2fGCzrEHSAZgrsrQWpxduDPk9qZRgrpzwJnSHC3gZJ&quot;)]" time="0.475" />
    <testcase classname="tests_alpha.test_contract_onchain_opcodes.TestContractOnchainOpcodes" name="test_slice_fails[(Pair 0xeaa9ab79e8b84ef0e55c43a9a857214d8761e67b75ba63500a5694fb2ffe174acc2de22d01ccb7259342437f05e1987949f0ad82e9f32e9a0b79cb252d7f7b8236ad728893f4e7150742eefdbeda254970f9fcd92c6228c178e1a923e5600758eb83f2a05edd0be7625657901f2ba81eaf145d003dbef78e33f43a32a3788bdf0501000000085341554349535345 &quot;spsig1PPUFZucuAQybs5wsqsNQ68QNgFaBnVKMFaoZZfi1BtNnuCAWnmL9wVy5HfHkR6AeodjVGxpBVVSYcJKyMURn6K1yknYLm&quot;)]" time="0.473" />
    <testcase classname="tests_alpha.test_contract_onchain_opcodes.TestContractOnchainOpcodes" name="test_slice_fails[(Pair 0xe009ab79e8b84ef0e55c43a9a857214d8761e67b75ba63500a5694fb2ffe174acc2deaad01ccb7259342437f05e1987949f0ad82e9f32e9a0b79cb252d7f7b8236ad728893f4e7150742eefdbeda254970f9fcd92c6228c178e1a923e5600758eb83f2a05edd0be7625657901f2ba81eaf145d003dbef78e33f43a32a3788bdf0501000000085341554349535345 &quot;spsig1PPUFZucuAQybs5wsqsNQ68QNgFaBnVKMFaoZZfi1BtNnuCAWnmL9wVy5HfHkR6AeodjVGxpBVVSYcJKyMURn6K1yknYLm&quot;)]" time="0.480" />
    <testcase classname="tests_alpha.test_contract_onchain_opcodes.TestContractOnchainOpcodes" name="test_slice_fails[(Pair 0xe009ab79e8b84ef0e55c43a9a857214d8761e67b75ba63500a5694fb2ffe174acc2de22d01ccb7259342437f05e1987949f0ad82e9f32e9a0b79cb252d7f7b8236ad728893f4e7150733eefdbeda254970f9fcd92c6228c178e1a923e5600758eb83f2a05edd0be7625657901f2ba81eaf145d003dbef78e33f43a32a3788bdf0501000000085341554349535345 &quot;spsig1PPUFZucuAQybs5wsqsNQ68QNgFaBnVKMFaoZZfi1BtNnuCAWnmL9wVy5HfHkR6AeodjVGxpBVVSYcJKyMURn6K1yknYLm&quot;)]" time="0.480" />
    <testcase classname="tests_alpha.test_contract_onchain_opcodes.TestContractOnchainOpcodes" name="test_slice_fails[(Pair 0xe009ab79e8b84ef0 &quot;spsig1PPUFZucuAQybs5wsqsNQ68QNgFaBnVKMFaoZZfi1BtNnuCAWnmL9wVy5HfHkR6AeodjVGxpBVVSYcJKyMURn6K1yknYLm&quot;)]" time="0.475" />
    <testcase classname="tests_alpha.test_contract_onchain_opcodes.TestContractOnchainOpcodes" name="test_slice_success[(Pair 0xe009ab79e8b84ef0e55c43a9a857214d8761e67b75ba63500a5694fb2ffe174acc2de22d01ccb7259342437f05e1987949f0ad82e9f32e9a0b79cb252d7f7b8236ad728893f4e7150742eefdbeda254970f9fcd92c6228c178e1a923e5600758eb83f2a05edd0be7625657901f2ba81eaf145d003dbef78e33f43a32a3788bdf0501000000085341554349535345 &quot;spsig1PPUFZucuAQybs5wsqsNQ68QNgFaBnVKMFaoZZfi1BtNnuCAWnmL9wVy5HfHkR6AeodjVGxpBVVSYcJKyMURn6K1yknYLm&quot;)]" time="0.990" />
    <testcase classname="tests_alpha.test_contract_onchain_opcodes.TestContractOnchainOpcodes" name="test_split_string" time="3.909" />
    <testcase classname="tests_alpha.test_contract_onchain_opcodes.TestContractOnchainOpcodes" name="test_split_bytes" time="3.907" />
    <testcase classname="tests_alpha.test_contract_onchain_opcodes.TestContractOnchainOpcodes" name="test_set_delegate" time="4.884" />
    <testcase classname="tests_alpha.test_contract_onchain_opcodes.TestContractOnchainOpcodes" name="test_trace_origination[compare_big_type.tz]" time="1.523" />
    <testcase classname="tests_alpha.test_contract_onchain_opcodes.TestContractOnchainOpcodes" name="test_trace_origination[compare_big_type2.tz]" time="1.956" />
    <testcase classname="tests_alpha.test_contract_onchain_opcodes.TestTickets" name="test_ticket_user_forge" time="8.878" />
    <testcase classname="tests_alpha.test_contract_onchain_opcodes.TestTickets" name="test_ticket_user_big_forge" time="4.391" />
    <testcase classname="tests_alpha.test_contract_onchain_opcodes.TestTickets" name="test_ticket_read" time="5.283" />
    <testcase classname="tests_alpha.test_contract_onchain_opcodes.TestTickets" name="test_bad_ticket" time="3.890" />
    <testcase classname="tests_alpha.test_contract_onchain_opcodes.TestTickets" name="test_ticket_utxo" time="7.292" />
    <testcase classname="tests_alpha.test_contract_onchain_opcodes.TestTickets" name="test_ticket_split" time="4.471" />
    <testcase classname="tests_alpha.test_contract_onchain_opcodes.TestTickets" name="test_ticket_join" time="6.886" />
    <testcase classname="tests_alpha.test_contract_onchain_opcodes.TestTickets" name="test_ticket_fungible_originations" time="4.967" />
    <testcase classname="tests_alpha.test_contract_onchain_opcodes.TestTickets" name="test_ticket_fungible_transfers" time="10.108" />
    <testcase classname="tests_alpha.test_contract_onchain_opcodes.TestTickets" name="test_ticket_non_fungible_originations" time="4.973" />
    <testcase classname="tests_alpha.test_contract_onchain_opcodes.TestTickets" name="test_ticket_non_fungible_transfers" time="13.454" />
    <testcase classname="tests_alpha.test_many_nodes.TestManyNodesBootstrap" name="test_init" time="16.665" />
    <testcase classname="tests_alpha.test_many_nodes.TestManyNodesBootstrap" name="test_add_nodes" time="10.682" />
    <testcase classname="tests_alpha.test_many_nodes.TestManyNodesBootstrap" name="test_sleep_30s" time="30.031" />
    <testcase classname="tests_alpha.test_many_nodes.TestManyNodesBootstrap" name="test_add_more_nodes" time="15.916" />
    <testcase classname="tests_alpha.test_many_nodes.TestManyNodesBootstrap" name="test_kill_baker" time="0.345" />
    <testcase classname="tests_alpha.test_many_nodes.TestManyNodesBootstrap" name="test_synchronize" time="3.527" />
    <testcase classname="tests_alpha.test_many_nodes.TestManyNodesBootstrap" name="test_progress" time="0.438" />
    <testcase classname="tests_alpha.test_many_nodes.TestManyNodesBootstrap" name="test_check_logs" time="3.340" />
    <testcase classname="tests_alpha.test_nonce_seed_revelation.TestNonceSeedRevelation" name="test_init" time="27.727" />
    <testcase classname="tests_alpha.test_nonce_seed_revelation.TestNonceSeedRevelation" name="test_wait_for_two_cycles" time="18.430" />
    <testcase classname="tests_alpha.test_nonce_seed_revelation.TestNonceSeedRevelation" name="test_get_all_blocks" time="39.672" />
    <testcase classname="tests_alpha.test_nonce_seed_revelation.TestNonceSeedRevelation" name="test_cycle_alignment" time="0.001" />
    <testcase classname="tests_alpha.test_nonce_seed_revelation.TestNonceSeedRevelation" name="test_collect_seed_nonce_hashes" time="0.001" />
    <testcase classname="tests_alpha.test_nonce_seed_revelation.TestNonceSeedRevelation" name="test_check_revelations" time="2.087" />
    <testcase classname="tests_alpha.test_many_bakers.TestManyBakers" name="test_init" time="56.405" />
    <testcase classname="tests_alpha.test_many_bakers.TestManyBakers" name="test_wait" time="30.039" />
    <testcase classname="tests_alpha.test_many_bakers.TestManyBakers" name="test_progress" time="5.060" />
    <testcase classname="tests_alpha.test_many_bakers.TestManyBakers" name="test_check_logs" time="4.476">
      <skipped type="pytest.xfail" message="" />
    </testcase>
    <testcase classname="tests_alpha.test_baker_operations_cli_options.TestExternalOperations" name="test_bake_empty_operations_file" time="38.213" />
    <testcase classname="tests_alpha.test_baker_operations_cli_options.TestExternalOperations" name="test_bake_empty_operations_http" time="1.892" />
    <testcase classname="tests_alpha.test_baker_operations_cli_options.TestExternalOperations" name="test_bake_absent_operations_file" time="1.882" />
    <testcase classname="tests_alpha.test_baker_operations_cli_options.TestExternalOperations" name="test_bake_absent_operations_http" time="1.888" />
    <testcase classname="tests_alpha.test_baker_operations_cli_options.TestExternalOperations" name="test_bake_singleton_operations_file_pre" time="2.262" />
    <testcase classname="tests_alpha.test_baker_operations_cli_options.TestExternalOperations" name="test_bake_singleton_operations_file" time="3.165" />
    <testcase classname="tests_alpha.test_baker_operations_cli_options.TestExternalOperations" name="test_bake_singleton_operations_http" time="39.196" />
    <testcase classname="tests_alpha.test_multinode_storage_reconstruction.TestMultiNodeStorageReconstruction" name="test_init" time="11.560" />
    <testcase classname="tests_alpha.test_multinode_storage_reconstruction.TestMultiNodeStorageReconstruction" name="test_bake_node0_level_a" time="62.086" />
    <testcase classname="tests_alpha.test_multinode_storage_reconstruction.TestMultiNodeStorageReconstruction" name="test_reconstruct_on_bootstrapped_node" time="2.342" />
    <testcase classname="tests_alpha.test_multinode_storage_reconstruction.TestMultiNodeStorageReconstruction" name="test_export_snapshot_batch1" time="0.443" />
    <testcase classname="tests_alpha.test_multinode_storage_reconstruction.TestMultiNodeStorageReconstruction" name="test_node1_import_and_reconstruct" time="8.631" />
    <testcase classname="tests_alpha.test_multinode_storage_reconstruction.TestMultiNodeStorageReconstruction" name="test_node1_request_all_blocks_with_metadata" time="0.058" />
    <testcase classname="tests_alpha.test_multinode_storage_reconstruction.TestMultiNodeStorageReconstruction" name="test_import_before_reconstruct" time="6.398" />
    <testcase classname="tests_alpha.test_multinode_storage_reconstruction.TestMultiNodeStorageReconstruction" name="test_unavailable_blocks_node2" time="0.042" />
    <testcase classname="tests_alpha.test_multinode_storage_reconstruction.TestMultiNodeStorageReconstruction" name="test_reconstruct_after_snapshot_import" time="2.667" />
    <testcase classname="tests_alpha.test_multinode_storage_reconstruction.TestMultiNodeStorageReconstruction" name="test_available_blocks_node_2" time="0.057" />
    <testcase classname="tests_alpha.test_multinode_storage_reconstruction.TestMultiNodeStorageReconstruction" name="test_bake_node0_level_b" time="110.047" />
    <testcase classname="tests_alpha.test_multinode_storage_reconstruction.TestMultiNodeStorageReconstruction" name="test_export_snapshot_batch2" time="0.485" />
    <testcase classname="tests_alpha.test_multinode_storage_reconstruction.TestMultiNodeStorageReconstruction" name="test_sync_node3" time="2.356" />
    <testcase classname="tests_alpha.test_multinode_storage_reconstruction.TestMultiNodeStorageReconstruction" name="test_unavailable_blocks_node3" time="0.469" />
    <testcase classname="tests_alpha.test_multinode_storage_reconstruction.TestMultiNodeStorageReconstruction" name="test_reconstruct_command_after_bootstrap" time="3.982" />
    <testcase classname="tests_alpha.test_multinode_storage_reconstruction.TestMultiNodeStorageReconstruction" name="test_available_blocks_node3" time="3.104" />
    <testcase classname="tests_alpha.test_contract_opcodes.TestContractOpcodes" name="test_balance[0]" time="6.556" />
    <testcase classname="tests_alpha.test_contract_opcodes.TestContractOpcodes" name="test_balance[1e-06]" time="0.491" />
    <testcase classname="tests_alpha.test_contract_opcodes.TestContractOpcodes" name="test_balance[0.5]" time="0.492" />
    <testcase classname="tests_alpha.test_contract_opcodes.TestContractOpcodes" name="test_balance[1]" time="0.496" />
    <testcase classname="tests_alpha.test_contract_opcodes.TestContractOpcodes" name="test_balance[5]" time="0.489" />
    <testcase classname="tests_alpha.test_contract_opcodes.TestContractOpcodes" name="test_balance[1000]" time="0.489" />
    <testcase classname="tests_alpha.test_contract_opcodes.TestContractOpcodes" name="test_balance[8000000000000.0]" time="0.492" />
    <testcase classname="tests_alpha.test_contract_opcodes.TestContractOpcodes" name="test_now" time="0.492" />
    <testcase classname="tests_alpha.test_contract_opcodes.TestContractOpcodes" name="test_level" time="0.492" />
    <testcase classname="tests_alpha.test_contract_opcodes.TestContractOpcodes" name="test__big_map_contract_io[get_big_map_value.tz-(Pair { Elt &quot;hello&quot; &quot;hi&quot; } None)-&quot;hello&quot;-(Pair 4 (Some &quot;hi&quot;))-big_map_diff0]" time="0.508" />
    <testcase classname="tests_alpha.test_contract_opcodes.TestContractOpcodes" name="test__big_map_contract_io[get_big_map_value.tz-(Pair { Elt &quot;hello&quot; &quot;hi&quot; } None)-&quot;&quot;-(Pair 4 None)-big_map_diff1]" time="0.495" />
    <testcase classname="tests_alpha.test_contract_opcodes.TestContractOpcodes" name="test__big_map_contract_io[get_big_map_value.tz-(Pair { Elt &quot;1&quot; &quot;one&quot; ; Elt &quot;2&quot; &quot;two&quot; } None)-&quot;1&quot;-(Pair 4 (Some &quot;one&quot;))-big_map_diff2]" time="0.496" />
    <testcase classname="tests_alpha.test_contract_opcodes.TestContractOpcodes" name="test__big_map_contract_io[update_big_map.tz-(Pair { Elt &quot;1&quot; &quot;one&quot; ; Elt &quot;2&quot; &quot;two&quot; } Unit)-{}-(Pair 4 Unit)-big_map_diff3]" time="0.489" />
    <testcase classname="tests_alpha.test_contract_opcodes.TestContractOpcodes" name="test__big_map_contract_io[update_big_map.tz-(Pair { Elt &quot;1&quot; &quot;one&quot; ; Elt &quot;2&quot; &quot;two&quot; } Unit)-{ Elt &quot;1&quot; (Some &quot;two&quot;) }-(Pair 4 Unit)-big_map_diff4]" time="0.491" />
    <testcase classname="tests_alpha.test_contract_opcodes.TestContractOpcodes" name="test__big_map_contract_io[update_big_map.tz-(Pair { Elt &quot;1&quot; &quot;one&quot; ; Elt &quot;2&quot; &quot;two&quot; } Unit)-{ Elt &quot;3&quot; (Some &quot;three&quot;) }-(Pair 4 Unit)-big_map_diff5]" time="0.491" />
    <testcase classname="tests_alpha.test_contract_opcodes.TestContractOpcodes" name="test__big_map_contract_io[update_big_map.tz-(Pair { Elt &quot;1&quot; &quot;one&quot; ; Elt &quot;2&quot; &quot;two&quot; } Unit)-{ Elt &quot;3&quot; None }-(Pair 4 Unit)-big_map_diff6]" time="0.489" />
    <testcase classname="tests_alpha.test_contract_opcodes.TestContractOpcodes" name="test__big_map_contract_io[update_big_map.tz-(Pair { Elt &quot;1&quot; &quot;one&quot; ; Elt &quot;2&quot; &quot;two&quot; } Unit)-{ Elt &quot;2&quot; None }-(Pair 4 Unit)-big_map_diff7]" time="0.490" />
    <testcase classname="tests_alpha.test_contract_opcodes.TestContractOpcodes" name="test__big_map_contract_io[update_big_map.tz-(Pair { Elt &quot;1&quot; &quot;one&quot; ; Elt &quot;2&quot; &quot;two&quot; } Unit)-{ Elt &quot;1&quot; (Some &quot;two&quot;) }-(Pair 4 Unit)-big_map_diff8]" time="0.492" />
    <testcase classname="tests_alpha.test_contract_opcodes.TestContractOpcodes" name="test__big_map_contract_io[get_and_update_big_map.tz-(Pair None {})-&quot;hello&quot;-(Pair None 4)-big_map_diff9]" time="0.490" />
    <testcase classname="tests_alpha.test_contract_opcodes.TestContractOpcodes" name="test__big_map_contract_io[get_and_update_big_map.tz-(Pair (Some 4) {})-&quot;hello&quot;-(Pair None 4)-big_map_diff10]" time="0.490" />
    <testcase classname="tests_alpha.test_contract_opcodes.TestContractOpcodes" name="test__big_map_contract_io[get_and_update_big_map.tz-(Pair None { Elt &quot;hello&quot; 4 })-&quot;hello&quot;-(Pair (Some 4) 4)-big_map_diff11]" time="0.490" />
    <testcase classname="tests_alpha.test_contract_opcodes.TestContractOpcodes" name="test__big_map_contract_io[get_and_update_big_map.tz-(Pair (Some 5) { Elt &quot;hello&quot; 4 })-&quot;hello&quot;-(Pair (Some 4) 4)-big_map_diff12]" time="0.490" />
    <testcase classname="tests_alpha.test_contract_opcodes.TestContractOpcodes" name="test__big_map_contract_io[get_and_update_big_map.tz-(Pair (Some 5) { Elt &quot;hello&quot; 4 })-&quot;hi&quot;-(Pair None 4)-big_map_diff13]" time="0.489" />
    <testcase classname="tests_alpha.test_contract_opcodes.TestContractOpcodes" name="test__big_map_contract_io[get_and_update_big_map.tz-(Pair None { Elt &quot;1&quot; 1 ;             Elt &quot;2&quot; 2 })-&quot;1&quot;-(Pair (Some 1) 4)-big_map_diff14]" time="0.490" />
    <testcase classname="tests_alpha.test_contract_opcodes.TestContractOpcodes" name="test__big_map_contract_io[get_and_update_big_map.tz-(Pair None { Elt &quot;1&quot; 1 ;             Elt &quot;2&quot; 2 })-&quot;1&quot;-(Pair (Some 1) 4)-big_map_diff15]" time="0.491" />
    <testcase classname="tests_alpha.test_contract_opcodes.TestContractOpcodes" name="test_big_map_magic[(Left (Pair { Elt &quot;1&quot; &quot;one&quot; } { Elt &quot;2&quot; &quot;two&quot; }))-(Left Unit)-(Left (Pair 4 5))-big_map_diff0]" time="0.490" />
    <testcase classname="tests_alpha.test_contract_opcodes.TestContractOpcodes" name="test_big_map_magic[(Left (Pair { Elt &quot;1&quot; &quot;one&quot; } { Elt &quot;2&quot; &quot;two&quot; }))-(Right (Left (Left (Pair { Elt &quot;3&quot; &quot;three&quot; } { Elt &quot;4&quot; &quot;four&quot; }))))-(Left (Pair 4 5))-big_map_diff1]" time="0.496" />
    <testcase classname="tests_alpha.test_contract_opcodes.TestContractOpcodes" name="test_big_map_magic[(Left (Pair { Elt &quot;1&quot; &quot;one&quot; } { Elt &quot;2&quot; &quot;two&quot; }))-(Right (Left (Right Unit)))-(Right Unit)-big_map_diff2]" time="0.487" />
    <testcase classname="tests_alpha.test_contract_opcodes.TestContractOpcodes" name="test_big_map_magic[(Right Unit)-(Right (Right (Left (Pair { Pair &quot;foo&quot; &quot;bar&quot; } { Pair &quot;gaz&quot; &quot;baz&quot; }) )))-(Left (Pair 4 5))-big_map_diff3]" time="0.493" />
    <testcase classname="tests_alpha.test_contract_opcodes.TestContractOpcodes" name="test_big_map_magic[(Left (Pair { Elt &quot;1&quot; &quot;one&quot; } { Elt &quot;2&quot; &quot;two&quot; }) )-(Right (Right (Right (Left { Pair &quot;3&quot; &quot;three&quot; }))))-(Left (Pair 4 5))-big_map_diff4]" time="0.491" />
    <testcase classname="tests_alpha.test_contract_opcodes.TestContractOpcodes" name="test_big_map_magic[(Left (Pair { Elt &quot;1&quot; &quot;one&quot; } { Elt &quot;2&quot; &quot;two&quot; }))-(Right (Right (Right (Right { &quot;1&quot; }))))-(Left (Pair 4 5))-big_map_diff5]" time="0.515" />
    <testcase classname="tests_alpha.test_contract_opcodes.TestContractOpcodes" name="test_packunpack" time="0.985" />
    <testcase classname="tests_alpha.test_contract_opcodes.TestContractOpcodes" name="test_check_signature" time="0.980" />
    <testcase classname="tests_alpha.test_contract_opcodes.TestContractOpcodes" name="test_hash_consistency_michelson_cli" time="1.420" />
    <testcase classname="tests_alpha.test_contract_opcodes.TestContractOpcodes" name="test_arithmetic_overflow[shifts.tz-None-(Left (Pair 1 257))]" time="0.489" />
    <testcase classname="tests_alpha.test_contract_opcodes.TestContractOpcodes" name="test_arithmetic_overflow[shifts.tz-None-(Left (Pair 123 257))]" time="0.488" />
    <testcase classname="tests_alpha.test_contract_opcodes.TestContractOpcodes" name="test_arithmetic_overflow[shifts.tz-None-(Right (Pair 1 257))]" time="0.492" />
    <testcase classname="tests_alpha.test_contract_opcodes.TestContractOpcodes" name="test_arithmetic_overflow[shifts.tz-None-(Right (Pair 123 257))]" time="0.490" />
    <testcase classname="tests_alpha.test_contract_opcodes.TestContractOpcodes" name="test_arithmetic_overflow[mul_overflow.tz-Unit-Left Unit]" time="0.488" />
    <testcase classname="tests_alpha.test_contract_opcodes.TestContractOpcodes" name="test_arithmetic_overflow[mul_overflow.tz-Unit-Right Unit]" time="0.496" />
    <testcase classname="tests_alpha.test_contract_opcodes.TestContractOpcodes" name="test_fails_annotated_set_car_cdr" time="0.000">
      <skipped type="pytest.skip" message="Bug in annotation system">/home/tezos/.venv/lib/python3.10/site-packages/_pytest/skipping.py:245: Bug in annotation system</skipped>
    </testcase>
    <testcase classname="tests_alpha.test_contract_opcodes.TestContractOpcodes" name="test_map_map_sideeffect[map_map_sideeffect.tz-(Pair {} 0)-10-(Pair {} 0)]" time="0.495" />
    <testcase classname="tests_alpha.test_contract_opcodes.TestContractOpcodes" name="test_map_map_sideeffect[map_map_sideeffect.tz-(Pair { Elt &quot;foo&quot; 1 } 1)-10-(Pair { Elt &quot;foo&quot; 11 } 11)]" time="0.489" />
    <testcase classname="tests_alpha.test_contract_opcodes.TestContractOpcodes" name="test_map_map_sideeffect[map_map_sideeffect.tz-(Pair { Elt &quot;bar&quot; 5 ; Elt &quot;foo&quot; 1 } 6)-15-(Pair { Elt &quot;bar&quot; 20 ; Elt &quot;foo&quot; 16 } 36)]" time="0.915" />
    <testcase classname="tests_alpha.test_multisig.TestMultisig" name="test_deploy_multisig[msig0]" time="13.501" />
    <testcase classname="tests_alpha.test_multisig.TestMultisig" name="test_transfer[msig0]" time="0.463" />
    <testcase classname="tests_alpha.test_multisig.TestMultisig" name="test_prepare_msig_transfer[msig0]" time="0.464" />
    <testcase classname="tests_alpha.test_multisig.TestMultisig" name="test_prepare_msig_sign[msig0]" time="1.394" />
    <testcase classname="tests_alpha.test_multisig.TestMultisig" name="test_transfer_failure[msig0]" time="0.466" />
    <testcase classname="tests_alpha.test_multisig.TestMultisig" name="test_transfer_success[msig0]" time="2.827" />
    <testcase classname="tests_alpha.test_multisig.TestMultisig" name="test_default_entrypoint[msig0]" time="2.802" />
    <testcase classname="tests_alpha.test_multisig.TestMultisig" name="test_transfer_with_entrypoint[msig0]" time="5.181" />
    <testcase classname="tests_alpha.test_multisig.TestMultisig" name="test_transfer_with_arg[msig0]" time="5.672" />
    <testcase classname="tests_alpha.test_multisig.TestMultisig" name="test_transfer_ill_typed[msig0]" time="0.478" />
    <testcase classname="tests_alpha.test_multisig.TestMultisig" name="test_transfer_too_high[msig0]" time="0.467" />
    <testcase classname="tests_alpha.test_multisig.TestMultisig" name="test_multiple_operations[msig0]" time="4.664" />
    <testcase classname="tests_alpha.test_multisig.TestMultisig" name="test_multiple_operations_failure[msig0]" time="0.468" />
    <testcase classname="tests_alpha.test_multisig.TestMultisig" name="test_delegate_change[msig0]" time="4.213" />
    <testcase classname="tests_alpha.test_multisig.TestMultisig" name="test_delegate_withdraw[msig0]" time="4.210" />
    <testcase classname="tests_alpha.test_multisig.TestMultisig" name="test_run_transaction_change_keys_and_threshold[msig0]" time="6.034" />
    <testcase classname="tests_alpha.test_multisig.TestMultisig" name="test_change_keys_and_threshold[msig0]" time="6.040" />
    <testcase classname="tests_alpha.test_multisig.TestMultisig" name="test_deploy_multisig[msig1]" time="6.166" />
    <testcase classname="tests_alpha.test_multisig.TestMultisig" name="test_transfer[msig1]" time="0.464" />
    <testcase classname="tests_alpha.test_multisig.TestMultisig" name="test_prepare_msig_transfer[msig1]" time="0.467" />
    <testcase classname="tests_alpha.test_multisig.TestMultisig" name="test_prepare_msig_sign[msig1]" time="1.400" />
    <testcase classname="tests_alpha.test_multisig.TestMultisig" name="test_transfer_failure[msig1]" time="0.467" />
    <testcase classname="tests_alpha.test_multisig.TestMultisig" name="test_transfer_success[msig1]" time="2.815" />
    <testcase classname="tests_alpha.test_multisig.TestMultisig" name="test_default_entrypoint[msig1]" time="2.825" />
    <testcase classname="tests_alpha.test_multisig.TestMultisig" name="test_transfer_with_entrypoint[msig1]" time="5.218" />
    <testcase classname="tests_alpha.test_multisig.TestMultisig" name="test_transfer_with_arg[msig1]" time="5.688" />
    <testcase classname="tests_alpha.test_multisig.TestMultisig" name="test_transfer_ill_typed[msig1]" time="0.466" />
    <testcase classname="tests_alpha.test_multisig.TestMultisig" name="test_transfer_too_high[msig1]" time="0.470" />
    <testcase classname="tests_alpha.test_multisig.TestMultisig" name="test_multiple_operations[msig1]" time="4.670" />
    <testcase classname="tests_alpha.test_multisig.TestMultisig" name="test_multiple_operations_failure[msig1]" time="0.467" />
    <testcase classname="tests_alpha.test_multisig.TestMultisig" name="test_delegate_change[msig1]" time="4.229" />
    <testcase classname="tests_alpha.test_multisig.TestMultisig" name="test_delegate_withdraw[msig1]" time="4.219" />
    <testcase classname="tests_alpha.test_multisig.TestMultisig" name="test_run_transaction_change_keys_and_threshold[msig1]" time="6.064" />
    <testcase classname="tests_alpha.test_multisig.TestMultisig" name="test_change_keys_and_threshold[msig1]" time="6.062" />
    <testcase classname="tests_alpha.test_multisig.TestMultisig" name="test_deploy_multisig[msig2]" time="2.398" />
    <testcase classname="tests_alpha.test_multisig.TestMultisig" name="test_transfer[msig2]" time="0.465" />
    <testcase classname="tests_alpha.test_multisig.TestMultisig" name="test_prepare_msig_transfer[msig2]" time="0.465" />
    <testcase classname="tests_alpha.test_multisig.TestMultisig" name="test_prepare_msig_sign[msig2]" time="1.382" />
    <testcase classname="tests_alpha.test_multisig.TestMultisig" name="test_transfer_failure[msig2]" time="0.473" />
    <testcase classname="tests_alpha.test_multisig.TestMultisig" name="test_transfer_success[msig2]" time="2.823" />
    <testcase classname="tests_alpha.test_multisig.TestMultisig" name="test_default_entrypoint[msig2]" time="0.467" />
    <testcase classname="tests_alpha.test_multisig.TestMultisig" name="test_transfer_with_entrypoint[msig2]" time="5.246" />
    <testcase classname="tests_alpha.test_multisig.TestMultisig" name="test_transfer_with_arg[msig2]" time="1.445" />
    <testcase classname="tests_alpha.test_multisig.TestMultisig" name="test_transfer_ill_typed[msig2]" time="0.466" />
    <testcase classname="tests_alpha.test_multisig.TestMultisig" name="test_transfer_too_high[msig2]" time="0.467" />
    <testcase classname="tests_alpha.test_multisig.TestMultisig" name="test_multiple_operations[msig2]" time="0.930" />
    <testcase classname="tests_alpha.test_multisig.TestMultisig" name="test_multiple_operations_failure[msig2]" time="0.475" />
    <testcase classname="tests_alpha.test_multisig.TestMultisig" name="test_delegate_change[msig2]" time="4.232" />
    <testcase classname="tests_alpha.test_multisig.TestMultisig" name="test_delegate_withdraw[msig2]" time="4.231" />
    <testcase classname="tests_alpha.test_multisig.TestMultisig" name="test_run_transaction_change_keys_and_threshold[msig2]" time="6.071" />
    <testcase classname="tests_alpha.test_multisig.TestMultisig" name="test_change_keys_and_threshold[msig2]" time="6.066" />
    <testcase classname="tests_alpha.test_multisig.TestMultisig" name="test_deploy_multisig[msig3]" time="2.389" />
    <testcase classname="tests_alpha.test_multisig.TestMultisig" name="test_transfer[msig3]" time="0.468" />
    <testcase classname="tests_alpha.test_multisig.TestMultisig" name="test_prepare_msig_transfer[msig3]" time="0.481" />
    <testcase classname="tests_alpha.test_multisig.TestMultisig" name="test_prepare_msig_sign[msig3]" time="1.385" />
    <testcase classname="tests_alpha.test_multisig.TestMultisig" name="test_transfer_failure[msig3]" time="0.468" />
    <testcase classname="tests_alpha.test_multisig.TestMultisig" name="test_transfer_success[msig3]" time="2.836" />
    <testcase classname="tests_alpha.test_multisig.TestMultisig" name="test_default_entrypoint[msig3]" time="0.470" />
    <testcase classname="tests_alpha.test_multisig.TestMultisig" name="test_transfer_with_entrypoint[msig3]" time="5.203" />
    <testcase classname="tests_alpha.test_multisig.TestMultisig" name="test_transfer_with_arg[msig3]" time="1.437" />
    <testcase classname="tests_alpha.test_multisig.TestMultisig" name="test_transfer_ill_typed[msig3]" time="0.465" />
    <testcase classname="tests_alpha.test_multisig.TestMultisig" name="test_transfer_too_high[msig3]" time="0.463" />
    <testcase classname="tests_alpha.test_multisig.TestMultisig" name="test_multiple_operations[msig3]" time="0.933" />
    <testcase classname="tests_alpha.test_multisig.TestMultisig" name="test_multiple_operations_failure[msig3]" time="0.466" />
    <testcase classname="tests_alpha.test_multisig.TestMultisig" name="test_delegate_change[msig3]" time="4.212" />
    <testcase classname="tests_alpha.test_multisig.TestMultisig" name="test_delegate_withdraw[msig3]" time="4.245" />
    <testcase classname="tests_alpha.test_multisig.TestMultisig" name="test_run_transaction_change_keys_and_threshold[msig3]" time="6.066" />
    <testcase classname="tests_alpha.test_multisig.TestMultisig" name="test_change_keys_and_threshold[msig3]" time="6.520" />
    <testcase classname="tests_alpha.test_fork.TestFork" name="test_init" time="16.513" />
    <testcase classname="tests_alpha.test_fork.TestFork" name="test_level" time="1.348" />
    <testcase classname="tests_alpha.test_fork.TestFork" name="test_terminate_nodes_1_and_2" time="0.001" />
    <testcase classname="tests_alpha.test_fork.TestFork" name="test_bake_node_0" time="0.568" />
    <testcase classname="tests_alpha.test_fork.TestFork" name="test_endorse_node_0" time="1.853" />
    <testcase classname="tests_alpha.test_fork.TestFork" name="test_bake_node_0_again" time="0.477" />
    <testcase classname="tests_alpha.test_fork.TestFork" name="test_first_branch" time="31.522" />
    <testcase classname="tests_alpha.test_fork.TestFork" name="test_terminate_node_0" time="0.001" />
    <testcase classname="tests_alpha.test_fork.TestFork" name="test_restart_node_2" time="1.446" />
    <testcase classname="tests_alpha.test_fork.TestFork" name="test_bake_node_2" time="0.478" />
    <testcase classname="tests_alpha.test_fork.TestFork" name="test_bake_node_2_again" time="0.483" />
    <testcase classname="tests_alpha.test_fork.TestFork" name="test_second_branch" time="31.868" />
    <testcase classname="tests_alpha.test_fork.TestFork" name="test_restart_all" time="2.898" />
    <testcase classname="tests_alpha.test_fork.TestFork" name="test_check_head" time="65.860" />
  </testsuite>
</testsuites>